2024-07-25 18:36:27.0377|14|INFO|Microsoft.Hosting.Lifetime|Now listening on: https://localhost:7087 
2024-07-25 18:36:27.0487|14|INFO|Microsoft.Hosting.Lifetime|Now listening on: http://localhost:5141 
2024-07-25 18:36:27.0581|0|INFO|Microsoft.Hosting.Lifetime|Application started. Press Ctrl+C to shut down. 
2024-07-25 18:36:27.0581|0|INFO|Microsoft.Hosting.Lifetime|Hosting environment: Development 
2024-07-25 18:36:27.0581|0|INFO|Microsoft.Hosting.Lifetime|Content root path: C:\Users\junya\source\repos\UserRegistration\UserRegistration 
2024-07-25 18:37:00.0694|14|INFO|Microsoft.Hosting.Lifetime|Now listening on: https://localhost:7087 
2024-07-25 18:37:00.0806|14|INFO|Microsoft.Hosting.Lifetime|Now listening on: http://localhost:5141 
2024-07-25 18:37:00.0806|0|INFO|Microsoft.Hosting.Lifetime|Application started. Press Ctrl+C to shut down. 
2024-07-25 18:37:00.0806|0|INFO|Microsoft.Hosting.Lifetime|Hosting environment: Development 
2024-07-25 18:37:00.0890|0|INFO|Microsoft.Hosting.Lifetime|Content root path: C:\Users\junya\source\repos\UserRegistration\UserRegistration 
2024-07-25 19:29:46.0932|14|INFO|Microsoft.Hosting.Lifetime|Now listening on: https://localhost:7087 
2024-07-25 19:29:46.1059|14|INFO|Microsoft.Hosting.Lifetime|Now listening on: http://localhost:5141 
2024-07-25 19:29:46.1059|0|INFO|Microsoft.Hosting.Lifetime|Application started. Press Ctrl+C to shut down. 
2024-07-25 19:29:46.1059|0|INFO|Microsoft.Hosting.Lifetime|Hosting environment: Development 
2024-07-25 19:29:46.1059|0|INFO|Microsoft.Hosting.Lifetime|Content root path: C:\Users\junya\source\repos\UserRegistration\UserRegistration 
2024-07-25 19:30:28.1732|14|INFO|Microsoft.Hosting.Lifetime|Now listening on: https://localhost:7087 
2024-07-25 19:30:28.1826|14|INFO|Microsoft.Hosting.Lifetime|Now listening on: http://localhost:5141 
2024-07-25 19:30:28.1826|0|INFO|Microsoft.Hosting.Lifetime|Application started. Press Ctrl+C to shut down. 
2024-07-25 19:30:28.1826|0|INFO|Microsoft.Hosting.Lifetime|Hosting environment: Development 
2024-07-25 19:30:28.1826|0|INFO|Microsoft.Hosting.Lifetime|Content root path: C:\Users\junya\source\repos\UserRegistration\UserRegistration 
2024-07-25 19:31:09.8648|14|INFO|Microsoft.Hosting.Lifetime|Now listening on: https://localhost:7087 
2024-07-25 19:31:09.8769|14|INFO|Microsoft.Hosting.Lifetime|Now listening on: http://localhost:5141 
2024-07-25 19:31:09.8769|0|INFO|Microsoft.Hosting.Lifetime|Application started. Press Ctrl+C to shut down. 
2024-07-25 19:31:09.8769|0|INFO|Microsoft.Hosting.Lifetime|Hosting environment: Development 
2024-07-25 19:31:09.8769|0|INFO|Microsoft.Hosting.Lifetime|Content root path: C:\Users\junya\source\repos\UserRegistration\UserRegistration 
