2024-07-22 22:32:31.0308|14|INFO|Microsoft.Hosting.Lifetime|Now listening on: https://localhost:7087 
2024-07-22 22:32:31.0368|14|INFO|Microsoft.Hosting.Lifetime|Now listening on: http://localhost:5141 
2024-07-22 22:32:31.0368|0|INFO|Microsoft.Hosting.Lifetime|Application started. Press Ctrl+C to shut down. 
2024-07-22 22:32:31.0368|0|INFO|Microsoft.Hosting.Lifetime|Hosting environment: Development 
2024-07-22 22:32:31.0368|0|INFO|Microsoft.Hosting.Lifetime|Content root path: C:\Users\junya\source\repos\UserRegistration\UserRegistration 
2024-07-22 22:34:10.6202|14|INFO|Microsoft.Hosting.Lifetime|Now listening on: https://localhost:7087 
2024-07-22 22:34:10.6202|14|INFO|Microsoft.Hosting.Lifetime|Now listening on: http://localhost:5141 
2024-07-22 22:34:10.6202|0|INFO|Microsoft.Hosting.Lifetime|Application started. Press Ctrl+C to shut down. 
2024-07-22 22:34:10.6202|0|INFO|Microsoft.Hosting.Lifetime|Hosting environment: Development 
2024-07-22 22:34:10.6305|0|INFO|Microsoft.Hosting.Lifetime|Content root path: C:\Users\junya\source\repos\UserRegistration\UserRegistration 
2024-07-22 22:42:15.1256|14|INFO|Microsoft.Hosting.Lifetime|Now listening on: https://localhost:7087 
2024-07-22 22:42:15.1328|14|INFO|Microsoft.Hosting.Lifetime|Now listening on: http://localhost:5141 
2024-07-22 22:42:15.1328|0|INFO|Microsoft.Hosting.Lifetime|Application started. Press Ctrl+C to shut down. 
2024-07-22 22:42:15.1328|0|INFO|Microsoft.Hosting.Lifetime|Hosting environment: Development 
2024-07-22 22:42:15.1328|0|INFO|Microsoft.Hosting.Lifetime|Content root path: C:\Users\junya\source\repos\UserRegistration\UserRegistration 
2024-07-22 22:43:40.8547|14|INFO|Microsoft.Hosting.Lifetime|Now listening on: https://localhost:7087 
2024-07-22 22:43:40.8658|14|INFO|Microsoft.Hosting.Lifetime|Now listening on: http://localhost:5141 
2024-07-22 22:43:40.8658|0|INFO|Microsoft.Hosting.Lifetime|Application started. Press Ctrl+C to shut down. 
2024-07-22 22:43:40.8658|0|INFO|Microsoft.Hosting.Lifetime|Hosting environment: Development 
2024-07-22 22:43:40.8658|0|INFO|Microsoft.Hosting.Lifetime|Content root path: C:\Users\junya\source\repos\UserRegistration\UserRegistration 
2024-07-22 22:50:40.2124|14|INFO|Microsoft.Hosting.Lifetime|Now listening on: https://localhost:7087 
2024-07-22 22:50:40.2124|14|INFO|Microsoft.Hosting.Lifetime|Now listening on: http://localhost:5141 
2024-07-22 22:50:40.2124|0|INFO|Microsoft.Hosting.Lifetime|Application started. Press Ctrl+C to shut down. 
2024-07-22 22:50:40.2124|0|INFO|Microsoft.Hosting.Lifetime|Hosting environment: Development 
2024-07-22 22:50:40.2244|0|INFO|Microsoft.Hosting.Lifetime|Content root path: C:\Users\junya\source\repos\UserRegistration\UserRegistration 
2024-07-22 22:52:08.6202|14|INFO|Microsoft.Hosting.Lifetime|Now listening on: https://localhost:7087 
2024-07-22 22:52:08.6202|14|INFO|Microsoft.Hosting.Lifetime|Now listening on: http://localhost:5141 
2024-07-22 22:52:08.6202|0|INFO|Microsoft.Hosting.Lifetime|Application started. Press Ctrl+C to shut down. 
2024-07-22 22:52:08.6300|0|INFO|Microsoft.Hosting.Lifetime|Hosting environment: Development 
2024-07-22 22:52:08.6300|0|INFO|Microsoft.Hosting.Lifetime|Content root path: C:\Users\junya\source\repos\UserRegistration\UserRegistration 
2024-07-22 22:52:59.2602|14|INFO|Microsoft.Hosting.Lifetime|Now listening on: https://localhost:7087 
2024-07-22 22:52:59.2706|14|INFO|Microsoft.Hosting.Lifetime|Now listening on: http://localhost:5141 
2024-07-22 22:52:59.2706|0|INFO|Microsoft.Hosting.Lifetime|Application started. Press Ctrl+C to shut down. 
2024-07-22 22:52:59.2706|0|INFO|Microsoft.Hosting.Lifetime|Hosting environment: Development 
2024-07-22 22:52:59.2706|0|INFO|Microsoft.Hosting.Lifetime|Content root path: C:\Users\junya\source\repos\UserRegistration\UserRegistration 
2024-07-22 22:53:33.2843|14|INFO|Microsoft.Hosting.Lifetime|Now listening on: https://localhost:7087 
2024-07-22 22:53:33.2954|14|INFO|Microsoft.Hosting.Lifetime|Now listening on: http://localhost:5141 
2024-07-22 22:53:33.3027|0|INFO|Microsoft.Hosting.Lifetime|Application started. Press Ctrl+C to shut down. 
2024-07-22 22:53:33.3027|0|INFO|Microsoft.Hosting.Lifetime|Hosting environment: Development 
2024-07-22 22:53:33.3027|0|INFO|Microsoft.Hosting.Lifetime|Content root path: C:\Users\junya\source\repos\UserRegistration\UserRegistration 
2024-07-22 22:54:19.9937|14|INFO|Microsoft.Hosting.Lifetime|Now listening on: https://localhost:7087 
2024-07-22 22:54:19.9937|14|INFO|Microsoft.Hosting.Lifetime|Now listening on: http://localhost:5141 
2024-07-22 22:54:19.9937|0|INFO|Microsoft.Hosting.Lifetime|Application started. Press Ctrl+C to shut down. 
2024-07-22 22:54:20.0056|0|INFO|Microsoft.Hosting.Lifetime|Hosting environment: Development 
2024-07-22 22:54:20.0056|0|INFO|Microsoft.Hosting.Lifetime|Content root path: C:\Users\junya\source\repos\UserRegistration\UserRegistration 
2024-07-22 22:55:25.9689|14|INFO|Microsoft.Hosting.Lifetime|Now listening on: https://localhost:7087 
2024-07-22 22:55:25.9744|14|INFO|Microsoft.Hosting.Lifetime|Now listening on: http://localhost:5141 
2024-07-22 22:55:25.9744|0|INFO|Microsoft.Hosting.Lifetime|Application started. Press Ctrl+C to shut down. 
2024-07-22 22:55:25.9744|0|INFO|Microsoft.Hosting.Lifetime|Hosting environment: Development 
2024-07-22 22:55:25.9744|0|INFO|Microsoft.Hosting.Lifetime|Content root path: C:\Users\junya\source\repos\UserRegistration\UserRegistration 
2024-07-22 22:56:30.8095|14|INFO|Microsoft.Hosting.Lifetime|Now listening on: https://localhost:7087 
2024-07-22 22:56:30.8095|14|INFO|Microsoft.Hosting.Lifetime|Now listening on: http://localhost:5141 
2024-07-22 22:56:30.8185|0|INFO|Microsoft.Hosting.Lifetime|Application started. Press Ctrl+C to shut down. 
2024-07-22 22:56:30.8185|0|INFO|Microsoft.Hosting.Lifetime|Hosting environment: Development 
2024-07-22 22:56:30.8185|0|INFO|Microsoft.Hosting.Lifetime|Content root path: C:\Users\junya\source\repos\UserRegistration\UserRegistration 
2024-07-22 22:57:22.9431|14|INFO|Microsoft.Hosting.Lifetime|Now listening on: https://localhost:7087 
2024-07-22 22:57:22.9431|14|INFO|Microsoft.Hosting.Lifetime|Now listening on: http://localhost:5141 
2024-07-22 22:57:22.9431|0|INFO|Microsoft.Hosting.Lifetime|Application started. Press Ctrl+C to shut down. 
2024-07-22 22:57:22.9431|0|INFO|Microsoft.Hosting.Lifetime|Hosting environment: Development 
2024-07-22 22:57:22.9431|0|INFO|Microsoft.Hosting.Lifetime|Content root path: C:\Users\junya\source\repos\UserRegistration\UserRegistration 
2024-07-22 22:58:17.7212|14|INFO|Microsoft.Hosting.Lifetime|Now listening on: https://localhost:7087 
2024-07-22 22:58:17.7307|14|INFO|Microsoft.Hosting.Lifetime|Now listening on: http://localhost:5141 
2024-07-22 22:58:17.7307|0|INFO|Microsoft.Hosting.Lifetime|Application started. Press Ctrl+C to shut down. 
2024-07-22 22:58:17.7307|0|INFO|Microsoft.Hosting.Lifetime|Hosting environment: Development 
2024-07-22 22:58:17.7307|0|INFO|Microsoft.Hosting.Lifetime|Content root path: C:\Users\junya\source\repos\UserRegistration\UserRegistration 
2024-07-22 22:59:47.0698|14|INFO|Microsoft.Hosting.Lifetime|Now listening on: https://localhost:7087 
2024-07-22 22:59:47.0698|14|INFO|Microsoft.Hosting.Lifetime|Now listening on: http://localhost:5141 
2024-07-22 22:59:47.0698|0|INFO|Microsoft.Hosting.Lifetime|Application started. Press Ctrl+C to shut down. 
2024-07-22 22:59:47.0698|0|INFO|Microsoft.Hosting.Lifetime|Hosting environment: Development 
2024-07-22 22:59:47.0698|0|INFO|Microsoft.Hosting.Lifetime|Content root path: C:\Users\junya\source\repos\UserRegistration\UserRegistration 
2024-07-22 23:01:05.3606|14|INFO|Microsoft.Hosting.Lifetime|Now listening on: https://localhost:7087 
2024-07-22 23:01:05.3668|14|INFO|Microsoft.Hosting.Lifetime|Now listening on: http://localhost:5141 
2024-07-22 23:01:05.3668|0|INFO|Microsoft.Hosting.Lifetime|Application started. Press Ctrl+C to shut down. 
2024-07-22 23:01:05.3668|0|INFO|Microsoft.Hosting.Lifetime|Hosting environment: Development 
2024-07-22 23:01:05.3668|0|INFO|Microsoft.Hosting.Lifetime|Content root path: C:\Users\junya\source\repos\UserRegistration\UserRegistration 
2024-07-22 23:01:17.8592|14|INFO|Microsoft.Hosting.Lifetime|Now listening on: https://localhost:7087 
2024-07-22 23:01:17.8647|14|INFO|Microsoft.Hosting.Lifetime|Now listening on: http://localhost:5141 
2024-07-22 23:01:17.8647|0|INFO|Microsoft.Hosting.Lifetime|Application started. Press Ctrl+C to shut down. 
2024-07-22 23:01:17.8647|0|INFO|Microsoft.Hosting.Lifetime|Hosting environment: Development 
2024-07-22 23:01:17.8647|0|INFO|Microsoft.Hosting.Lifetime|Content root path: C:\Users\junya\source\repos\UserRegistration\UserRegistration 
2024-07-22 23:04:29.0758|14|INFO|Microsoft.Hosting.Lifetime|Now listening on: https://localhost:7087 
2024-07-22 23:04:29.0758|14|INFO|Microsoft.Hosting.Lifetime|Now listening on: http://localhost:5141 
2024-07-22 23:04:29.0842|0|INFO|Microsoft.Hosting.Lifetime|Application started. Press Ctrl+C to shut down. 
2024-07-22 23:04:29.0842|0|INFO|Microsoft.Hosting.Lifetime|Hosting environment: Development 
2024-07-22 23:04:29.0842|0|INFO|Microsoft.Hosting.Lifetime|Content root path: C:\Users\junya\source\repos\UserRegistration\UserRegistration 
2024-07-22 23:07:03.6818|14|INFO|Microsoft.Hosting.Lifetime|Now listening on: https://localhost:7087 
2024-07-22 23:07:03.6951|14|INFO|Microsoft.Hosting.Lifetime|Now listening on: http://localhost:5141 
2024-07-22 23:07:03.6951|0|INFO|Microsoft.Hosting.Lifetime|Application started. Press Ctrl+C to shut down. 
2024-07-22 23:07:03.6951|0|INFO|Microsoft.Hosting.Lifetime|Hosting environment: Development 
2024-07-22 23:07:03.6951|0|INFO|Microsoft.Hosting.Lifetime|Content root path: C:\Users\junya\source\repos\UserRegistration\UserRegistration 
2024-07-22 23:10:02.2887|14|INFO|Microsoft.Hosting.Lifetime|Now listening on: https://localhost:7087 
2024-07-22 23:10:02.2887|14|INFO|Microsoft.Hosting.Lifetime|Now listening on: http://localhost:5141 
2024-07-22 23:10:02.2887|0|INFO|Microsoft.Hosting.Lifetime|Application started. Press Ctrl+C to shut down. 
2024-07-22 23:10:02.2887|0|INFO|Microsoft.Hosting.Lifetime|Hosting environment: Development 
2024-07-22 23:10:02.2887|0|INFO|Microsoft.Hosting.Lifetime|Content root path: C:\Users\junya\source\repos\UserRegistration\UserRegistration 
2024-07-22 23:11:30.3081|14|INFO|Microsoft.Hosting.Lifetime|Now listening on: https://localhost:7087 
2024-07-22 23:11:30.3181|14|INFO|Microsoft.Hosting.Lifetime|Now listening on: http://localhost:5141 
2024-07-22 23:11:30.3181|0|INFO|Microsoft.Hosting.Lifetime|Application started. Press Ctrl+C to shut down. 
2024-07-22 23:11:30.3181|0|INFO|Microsoft.Hosting.Lifetime|Hosting environment: Development 
2024-07-22 23:11:30.3181|0|INFO|Microsoft.Hosting.Lifetime|Content root path: C:\Users\junya\source\repos\UserRegistration\UserRegistration 
2024-07-22 23:12:04.3534|1|ERROR|Microsoft.AspNetCore.Diagnostics.DeveloperExceptionPageMiddleware|An unhandled exception has occurred while executing the request. Npgsql.PostgresException (0x80004005): 42501: нет доступа к таблице userinfo
   at Npgsql.Internal.NpgsqlConnector.ReadMessageLong(Boolean async, DataRowLoadingMode dataRowLoadingMode, Boolean readingNotifications, Boolean isReadingPrependedMessage)
   at System.Runtime.CompilerServices.PoolingAsyncValueTaskMethodBuilder`1.StateMachineBox`1.System.Threading.Tasks.Sources.IValueTaskSource<TResult>.GetResult(Int16 token)
   at Npgsql.NpgsqlDataReader.NextResult(Boolean async, Boolean isConsuming, CancellationToken cancellationToken)
   at Npgsql.NpgsqlDataReader.NextResult(Boolean async, Boolean isConsuming, CancellationToken cancellationToken)
   at Npgsql.NpgsqlCommand.ExecuteReader(Boolean async, CommandBehavior behavior, CancellationToken cancellationToken)
   at Npgsql.NpgsqlCommand.ExecuteReader(Boolean async, CommandBehavior behavior, CancellationToken cancellationToken)
   at Npgsql.NpgsqlCommand.ExecuteScalar(Boolean async, CancellationToken cancellationToken)
   at Dapper.SqlMapper.ExecuteScalarImplAsync[T](IDbConnection cnn, CommandDefinition command) in /_/Dapper/SqlMapper.Async.cs:line 1241
   at DataSource.UserRepository.SearchByLoginAndValues(User user) in C:\Users\junya\source\repos\UserRegistration\DataSource\UserRepository.cs:line 61
   at Service.UserService.RegisterUser(RegisterModel model) in C:\Users\junya\source\repos\UserRegistration\Service\UserService.cs:line 44
   at UserRegistration.Controllers.AccountController.Register(RegisterModel model) in C:\Users\junya\source\repos\UserRegistration\UserRegistration\Controllers\AccountController.cs:line 36
   at Microsoft.AspNetCore.Mvc.Infrastructure.ActionMethodExecutor.TaskOfIActionResultExecutor.Execute(ActionContext actionContext, IActionResultTypeMapper mapper, ObjectMethodExecutor executor, Object controller, Object[] arguments)
   at Microsoft.AspNetCore.Mvc.Infrastructure.ControllerActionInvoker.<InvokeActionMethodAsync>g__Awaited|12_0(ControllerActionInvoker invoker, ValueTask`1 actionResultValueTask)
   at Microsoft.AspNetCore.Mvc.Infrastructure.ControllerActionInvoker.<InvokeNextActionFilterAsync>g__Awaited|10_0(ControllerActionInvoker invoker, Task lastTask, State next, Scope scope, Object state, Boolean isCompleted)
   at Microsoft.AspNetCore.Mvc.Infrastructure.ControllerActionInvoker.Rethrow(ActionExecutedContextSealed context)
   at Microsoft.AspNetCore.Mvc.Infrastructure.ControllerActionInvoker.Next(State& next, Scope& scope, Object& state, Boolean& isCompleted)
   at Microsoft.AspNetCore.Mvc.Infrastructure.ControllerActionInvoker.<InvokeInnerFilterAsync>g__Awaited|13_0(ControllerActionInvoker invoker, Task lastTask, State next, Scope scope, Object state, Boolean isCompleted)
   at Microsoft.AspNetCore.Mvc.Infrastructure.ResourceInvoker.<InvokeNextResourceFilter>g__Awaited|25_0(ResourceInvoker invoker, Task lastTask, State next, Scope scope, Object state, Boolean isCompleted)
   at Microsoft.AspNetCore.Mvc.Infrastructure.ResourceInvoker.Rethrow(ResourceExecutedContextSealed context)
   at Microsoft.AspNetCore.Mvc.Infrastructure.ResourceInvoker.Next(State& next, Scope& scope, Object& state, Boolean& isCompleted)
   at Microsoft.AspNetCore.Mvc.Infrastructure.ResourceInvoker.<InvokeFilterPipelineAsync>g__Awaited|20_0(ResourceInvoker invoker, Task lastTask, State next, Scope scope, Object state, Boolean isCompleted)
   at Microsoft.AspNetCore.Mvc.Infrastructure.ResourceInvoker.<InvokeAsync>g__Awaited|17_0(ResourceInvoker invoker, Task task, IDisposable scope)
   at Microsoft.AspNetCore.Mvc.Infrastructure.ResourceInvoker.<InvokeAsync>g__Awaited|17_0(ResourceInvoker invoker, Task task, IDisposable scope)
   at Microsoft.AspNetCore.Authorization.AuthorizationMiddleware.Invoke(HttpContext context)
   at Microsoft.AspNetCore.Authentication.AuthenticationMiddleware.Invoke(HttpContext context)
   at Microsoft.AspNetCore.Diagnostics.DeveloperExceptionPageMiddlewareImpl.Invoke(HttpContext context)
  Exception data:
    Severity: ОШИБКА
    SqlState: 42501
    MessageText: нет доступа к таблице userinfo
    File: aclchk.c
    Line: 2809
    Routine: aclcheck_error
2024-07-22 23:14:30.2184|1|ERROR|Microsoft.AspNetCore.Diagnostics.DeveloperExceptionPageMiddleware|An unhandled exception has occurred while executing the request. Npgsql.PostgresException (0x80004005): 42703: столбец "hashpassword" в таблице "userinfo" не существует

POSITION: 30
   at Npgsql.Internal.NpgsqlConnector.ReadMessageLong(Boolean async, DataRowLoadingMode dataRowLoadingMode, Boolean readingNotifications, Boolean isReadingPrependedMessage)
   at System.Runtime.CompilerServices.PoolingAsyncValueTaskMethodBuilder`1.StateMachineBox`1.System.Threading.Tasks.Sources.IValueTaskSource<TResult>.GetResult(Int16 token)
   at Npgsql.NpgsqlDataReader.NextResult(Boolean async, Boolean isConsuming, CancellationToken cancellationToken)
   at Npgsql.NpgsqlDataReader.NextResult(Boolean async, Boolean isConsuming, CancellationToken cancellationToken)
   at Npgsql.NpgsqlCommand.ExecuteReader(Boolean async, CommandBehavior behavior, CancellationToken cancellationToken)
   at Npgsql.NpgsqlCommand.ExecuteReader(Boolean async, CommandBehavior behavior, CancellationToken cancellationToken)
   at Npgsql.NpgsqlCommand.ExecuteNonQuery(Boolean async, CancellationToken cancellationToken)
   at Dapper.SqlMapper.ExecuteImplAsync(IDbConnection cnn, CommandDefinition command, Object param) in /_/Dapper/SqlMapper.Async.cs:line 662
   at DataSource.UserRepository.Insert(User model) in C:\Users\junya\source\repos\UserRegistration\DataSource\UserRepository.cs:line 43
   at Service.UserService.RegisterUser(RegisterModel model) in C:\Users\junya\source\repos\UserRegistration\Service\UserService.cs:line 50
   at UserRegistration.Controllers.AccountController.Register(RegisterModel model) in C:\Users\junya\source\repos\UserRegistration\UserRegistration\Controllers\AccountController.cs:line 36
   at Microsoft.AspNetCore.Mvc.Infrastructure.ActionMethodExecutor.TaskOfIActionResultExecutor.Execute(ActionContext actionContext, IActionResultTypeMapper mapper, ObjectMethodExecutor executor, Object controller, Object[] arguments)
   at Microsoft.AspNetCore.Mvc.Infrastructure.ControllerActionInvoker.<InvokeActionMethodAsync>g__Awaited|12_0(ControllerActionInvoker invoker, ValueTask`1 actionResultValueTask)
   at Microsoft.AspNetCore.Mvc.Infrastructure.ControllerActionInvoker.<InvokeNextActionFilterAsync>g__Awaited|10_0(ControllerActionInvoker invoker, Task lastTask, State next, Scope scope, Object state, Boolean isCompleted)
   at Microsoft.AspNetCore.Mvc.Infrastructure.ControllerActionInvoker.Rethrow(ActionExecutedContextSealed context)
   at Microsoft.AspNetCore.Mvc.Infrastructure.ControllerActionInvoker.Next(State& next, Scope& scope, Object& state, Boolean& isCompleted)
   at Microsoft.AspNetCore.Mvc.Infrastructure.ControllerActionInvoker.<InvokeInnerFilterAsync>g__Awaited|13_0(ControllerActionInvoker invoker, Task lastTask, State next, Scope scope, Object state, Boolean isCompleted)
   at Microsoft.AspNetCore.Mvc.Infrastructure.ResourceInvoker.<InvokeNextResourceFilter>g__Awaited|25_0(ResourceInvoker invoker, Task lastTask, State next, Scope scope, Object state, Boolean isCompleted)
   at Microsoft.AspNetCore.Mvc.Infrastructure.ResourceInvoker.Rethrow(ResourceExecutedContextSealed context)
   at Microsoft.AspNetCore.Mvc.Infrastructure.ResourceInvoker.Next(State& next, Scope& scope, Object& state, Boolean& isCompleted)
   at Microsoft.AspNetCore.Mvc.Infrastructure.ResourceInvoker.<InvokeFilterPipelineAsync>g__Awaited|20_0(ResourceInvoker invoker, Task lastTask, State next, Scope scope, Object state, Boolean isCompleted)
   at Microsoft.AspNetCore.Mvc.Infrastructure.ResourceInvoker.<InvokeAsync>g__Awaited|17_0(ResourceInvoker invoker, Task task, IDisposable scope)
   at Microsoft.AspNetCore.Mvc.Infrastructure.ResourceInvoker.<InvokeAsync>g__Awaited|17_0(ResourceInvoker invoker, Task task, IDisposable scope)
   at Microsoft.AspNetCore.Authorization.AuthorizationMiddleware.Invoke(HttpContext context)
   at Microsoft.AspNetCore.Authentication.AuthenticationMiddleware.Invoke(HttpContext context)
   at Microsoft.AspNetCore.Diagnostics.DeveloperExceptionPageMiddlewareImpl.Invoke(HttpContext context)
  Exception data:
    Severity: ОШИБКА
    SqlState: 42703
    MessageText: столбец "hashpassword" в таблице "userinfo" не существует
    Position: 30
    File: parse_target.c
    Line: 1057
    Routine: checkInsertTargets
2024-07-22 23:18:22.6710|14|INFO|Microsoft.Hosting.Lifetime|Now listening on: https://localhost:7087 
2024-07-22 23:18:22.6771|14|INFO|Microsoft.Hosting.Lifetime|Now listening on: http://localhost:5141 
2024-07-22 23:18:22.6771|0|INFO|Microsoft.Hosting.Lifetime|Application started. Press Ctrl+C to shut down. 
2024-07-22 23:18:22.6771|0|INFO|Microsoft.Hosting.Lifetime|Hosting environment: Development 
2024-07-22 23:18:22.6771|0|INFO|Microsoft.Hosting.Lifetime|Content root path: C:\Users\junya\source\repos\UserRegistration\UserRegistration 
2024-07-22 23:18:53.0421|1|ERROR|Microsoft.AspNetCore.Diagnostics.DeveloperExceptionPageMiddleware|An unhandled exception has occurred while executing the request. Npgsql.PostgresException (0x80004005): 42703: столбец "user_date" в таблице "userinfo" не существует

POSITION: 57
   at Npgsql.Internal.NpgsqlConnector.ReadMessageLong(Boolean async, DataRowLoadingMode dataRowLoadingMode, Boolean readingNotifications, Boolean isReadingPrependedMessage)
   at System.Runtime.CompilerServices.PoolingAsyncValueTaskMethodBuilder`1.StateMachineBox`1.System.Threading.Tasks.Sources.IValueTaskSource<TResult>.GetResult(Int16 token)
   at Npgsql.NpgsqlDataReader.NextResult(Boolean async, Boolean isConsuming, CancellationToken cancellationToken)
   at Npgsql.NpgsqlDataReader.NextResult(Boolean async, Boolean isConsuming, CancellationToken cancellationToken)
   at Npgsql.NpgsqlCommand.ExecuteReader(Boolean async, CommandBehavior behavior, CancellationToken cancellationToken)
   at Npgsql.NpgsqlCommand.ExecuteReader(Boolean async, CommandBehavior behavior, CancellationToken cancellationToken)
   at Npgsql.NpgsqlCommand.ExecuteNonQuery(Boolean async, CancellationToken cancellationToken)
   at Dapper.SqlMapper.ExecuteImplAsync(IDbConnection cnn, CommandDefinition command, Object param) in /_/Dapper/SqlMapper.Async.cs:line 662
   at DataSource.UserRepository.Insert(User model) in C:\Users\junya\source\repos\UserRegistration\DataSource\UserRepository.cs:line 43
   at Service.UserService.RegisterUser(RegisterModel model) in C:\Users\junya\source\repos\UserRegistration\Service\UserService.cs:line 50
   at UserRegistration.Controllers.AccountController.Register(RegisterModel model) in C:\Users\junya\source\repos\UserRegistration\UserRegistration\Controllers\AccountController.cs:line 36
   at Microsoft.AspNetCore.Mvc.Infrastructure.ActionMethodExecutor.TaskOfIActionResultExecutor.Execute(ActionContext actionContext, IActionResultTypeMapper mapper, ObjectMethodExecutor executor, Object controller, Object[] arguments)
   at Microsoft.AspNetCore.Mvc.Infrastructure.ControllerActionInvoker.<InvokeActionMethodAsync>g__Awaited|12_0(ControllerActionInvoker invoker, ValueTask`1 actionResultValueTask)
   at Microsoft.AspNetCore.Mvc.Infrastructure.ControllerActionInvoker.<InvokeNextActionFilterAsync>g__Awaited|10_0(ControllerActionInvoker invoker, Task lastTask, State next, Scope scope, Object state, Boolean isCompleted)
   at Microsoft.AspNetCore.Mvc.Infrastructure.ControllerActionInvoker.Rethrow(ActionExecutedContextSealed context)
   at Microsoft.AspNetCore.Mvc.Infrastructure.ControllerActionInvoker.Next(State& next, Scope& scope, Object& state, Boolean& isCompleted)
   at Microsoft.AspNetCore.Mvc.Infrastructure.ControllerActionInvoker.<InvokeInnerFilterAsync>g__Awaited|13_0(ControllerActionInvoker invoker, Task lastTask, State next, Scope scope, Object state, Boolean isCompleted)
   at Microsoft.AspNetCore.Mvc.Infrastructure.ResourceInvoker.<InvokeNextResourceFilter>g__Awaited|25_0(ResourceInvoker invoker, Task lastTask, State next, Scope scope, Object state, Boolean isCompleted)
   at Microsoft.AspNetCore.Mvc.Infrastructure.ResourceInvoker.Rethrow(ResourceExecutedContextSealed context)
   at Microsoft.AspNetCore.Mvc.Infrastructure.ResourceInvoker.Next(State& next, Scope& scope, Object& state, Boolean& isCompleted)
   at Microsoft.AspNetCore.Mvc.Infrastructure.ResourceInvoker.<InvokeFilterPipelineAsync>g__Awaited|20_0(ResourceInvoker invoker, Task lastTask, State next, Scope scope, Object state, Boolean isCompleted)
   at Microsoft.AspNetCore.Mvc.Infrastructure.ResourceInvoker.<InvokeAsync>g__Awaited|17_0(ResourceInvoker invoker, Task task, IDisposable scope)
   at Microsoft.AspNetCore.Mvc.Infrastructure.ResourceInvoker.<InvokeAsync>g__Awaited|17_0(ResourceInvoker invoker, Task task, IDisposable scope)
   at Microsoft.AspNetCore.Authorization.AuthorizationMiddleware.Invoke(HttpContext context)
   at Microsoft.AspNetCore.Authentication.AuthenticationMiddleware.Invoke(HttpContext context)
   at Microsoft.AspNetCore.Diagnostics.DeveloperExceptionPageMiddlewareImpl.Invoke(HttpContext context)
  Exception data:
    Severity: ОШИБКА
    SqlState: 42703
    MessageText: столбец "user_date" в таблице "userinfo" не существует
    Position: 57
    File: parse_target.c
    Line: 1057
    Routine: checkInsertTargets
2024-07-22 23:19:35.2398|1|ERROR|Microsoft.AspNetCore.Diagnostics.DeveloperExceptionPageMiddleware|An unhandled exception has occurred while executing the request. Npgsql.PostgresException (0x80004005): 42703: столбец "hashpassword" не существует

POSITION: 81
DETAIL: Detail redacted as it may contain sensitive data. Specify 'Include Error Detail' in the connection string to include this information.
   at Npgsql.Internal.NpgsqlConnector.ReadMessageLong(Boolean async, DataRowLoadingMode dataRowLoadingMode, Boolean readingNotifications, Boolean isReadingPrependedMessage)
   at System.Runtime.CompilerServices.PoolingAsyncValueTaskMethodBuilder`1.StateMachineBox`1.System.Threading.Tasks.Sources.IValueTaskSource<TResult>.GetResult(Int16 token)
   at Npgsql.NpgsqlDataReader.NextResult(Boolean async, Boolean isConsuming, CancellationToken cancellationToken)
   at Npgsql.NpgsqlDataReader.NextResult(Boolean async, Boolean isConsuming, CancellationToken cancellationToken)
   at Npgsql.NpgsqlCommand.ExecuteReader(Boolean async, CommandBehavior behavior, CancellationToken cancellationToken)
   at Npgsql.NpgsqlCommand.ExecuteReader(Boolean async, CommandBehavior behavior, CancellationToken cancellationToken)
   at Npgsql.NpgsqlCommand.ExecuteNonQuery(Boolean async, CancellationToken cancellationToken)
   at Dapper.SqlMapper.ExecuteImplAsync(IDbConnection cnn, CommandDefinition command, Object param) in /_/Dapper/SqlMapper.Async.cs:line 662
   at DataSource.UserRepository.Insert(User model) in C:\Users\junya\source\repos\UserRegistration\DataSource\UserRepository.cs:line 43
   at Service.UserService.RegisterUser(RegisterModel model) in C:\Users\junya\source\repos\UserRegistration\Service\UserService.cs:line 50
   at UserRegistration.Controllers.AccountController.Register(RegisterModel model) in C:\Users\junya\source\repos\UserRegistration\UserRegistration\Controllers\AccountController.cs:line 36
   at Microsoft.AspNetCore.Mvc.Infrastructure.ActionMethodExecutor.TaskOfIActionResultExecutor.Execute(ActionContext actionContext, IActionResultTypeMapper mapper, ObjectMethodExecutor executor, Object controller, Object[] arguments)
   at Microsoft.AspNetCore.Mvc.Infrastructure.ControllerActionInvoker.<InvokeActionMethodAsync>g__Awaited|12_0(ControllerActionInvoker invoker, ValueTask`1 actionResultValueTask)
   at Microsoft.AspNetCore.Mvc.Infrastructure.ControllerActionInvoker.<InvokeNextActionFilterAsync>g__Awaited|10_0(ControllerActionInvoker invoker, Task lastTask, State next, Scope scope, Object state, Boolean isCompleted)
   at Microsoft.AspNetCore.Mvc.Infrastructure.ControllerActionInvoker.Rethrow(ActionExecutedContextSealed context)
   at Microsoft.AspNetCore.Mvc.Infrastructure.ControllerActionInvoker.Next(State& next, Scope& scope, Object& state, Boolean& isCompleted)
   at Microsoft.AspNetCore.Mvc.Infrastructure.ControllerActionInvoker.<InvokeInnerFilterAsync>g__Awaited|13_0(ControllerActionInvoker invoker, Task lastTask, State next, Scope scope, Object state, Boolean isCompleted)
   at Microsoft.AspNetCore.Mvc.Infrastructure.ResourceInvoker.<InvokeNextResourceFilter>g__Awaited|25_0(ResourceInvoker invoker, Task lastTask, State next, Scope scope, Object state, Boolean isCompleted)
   at Microsoft.AspNetCore.Mvc.Infrastructure.ResourceInvoker.Rethrow(ResourceExecutedContextSealed context)
   at Microsoft.AspNetCore.Mvc.Infrastructure.ResourceInvoker.Next(State& next, Scope& scope, Object& state, Boolean& isCompleted)
   at Microsoft.AspNetCore.Mvc.Infrastructure.ResourceInvoker.<InvokeFilterPipelineAsync>g__Awaited|20_0(ResourceInvoker invoker, Task lastTask, State next, Scope scope, Object state, Boolean isCompleted)
   at Microsoft.AspNetCore.Mvc.Infrastructure.ResourceInvoker.<InvokeAsync>g__Awaited|17_0(ResourceInvoker invoker, Task task, IDisposable scope)
   at Microsoft.AspNetCore.Mvc.Infrastructure.ResourceInvoker.<InvokeAsync>g__Awaited|17_0(ResourceInvoker invoker, Task task, IDisposable scope)
   at Microsoft.AspNetCore.Authorization.AuthorizationMiddleware.Invoke(HttpContext context)
   at Microsoft.AspNetCore.Authentication.AuthenticationMiddleware.Invoke(HttpContext context)
   at Microsoft.AspNetCore.Diagnostics.DeveloperExceptionPageMiddlewareImpl.Invoke(HttpContext context)
  Exception data:
    Severity: ОШИБКА
    SqlState: 42703
    MessageText: столбец "hashpassword" не существует
    Detail: Detail redacted as it may contain sensitive data. Specify 'Include Error Detail' in the connection string to include this information.
    Position: 81
    File: parse_relation.c
    Line: 3706
    Routine: errorMissingColumn
2024-07-22 23:20:52.0868|14|INFO|Microsoft.Hosting.Lifetime|Now listening on: https://localhost:7087 
2024-07-22 23:20:52.0993|14|INFO|Microsoft.Hosting.Lifetime|Now listening on: http://localhost:5141 
2024-07-22 23:20:52.0993|0|INFO|Microsoft.Hosting.Lifetime|Application started. Press Ctrl+C to shut down. 
2024-07-22 23:20:52.0993|0|INFO|Microsoft.Hosting.Lifetime|Hosting environment: Development 
2024-07-22 23:20:52.0993|0|INFO|Microsoft.Hosting.Lifetime|Content root path: C:\Users\junya\source\repos\UserRegistration\UserRegistration 
2024-07-22 23:24:56.7084|1|ERROR|Microsoft.AspNetCore.Diagnostics.DeveloperExceptionPageMiddleware|An unhandled exception has occurred while executing the request. Npgsql.PostgresException (0x80004005): 42703: столбец "hashpassword" не существует

POSITION: 81
DETAIL: Detail redacted as it may contain sensitive data. Specify 'Include Error Detail' in the connection string to include this information.
   at Npgsql.Internal.NpgsqlConnector.ReadMessageLong(Boolean async, DataRowLoadingMode dataRowLoadingMode, Boolean readingNotifications, Boolean isReadingPrependedMessage)
   at System.Runtime.CompilerServices.PoolingAsyncValueTaskMethodBuilder`1.StateMachineBox`1.System.Threading.Tasks.Sources.IValueTaskSource<TResult>.GetResult(Int16 token)
   at Npgsql.NpgsqlDataReader.NextResult(Boolean async, Boolean isConsuming, CancellationToken cancellationToken)
   at Npgsql.NpgsqlDataReader.NextResult(Boolean async, Boolean isConsuming, CancellationToken cancellationToken)
   at Npgsql.NpgsqlCommand.ExecuteReader(Boolean async, CommandBehavior behavior, CancellationToken cancellationToken)
   at Npgsql.NpgsqlCommand.ExecuteReader(Boolean async, CommandBehavior behavior, CancellationToken cancellationToken)
   at Npgsql.NpgsqlCommand.ExecuteNonQuery(Boolean async, CancellationToken cancellationToken)
   at Dapper.SqlMapper.ExecuteImplAsync(IDbConnection cnn, CommandDefinition command, Object param) in /_/Dapper/SqlMapper.Async.cs:line 662
   at DataSource.UserRepository.Insert(User model) in C:\Users\junya\source\repos\UserRegistration\DataSource\UserRepository.cs:line 43
   at Service.UserService.RegisterUser(RegisterModel model) in C:\Users\junya\source\repos\UserRegistration\Service\UserService.cs:line 50
   at UserRegistration.Controllers.AccountController.Register(RegisterModel model) in C:\Users\junya\source\repos\UserRegistration\UserRegistration\Controllers\AccountController.cs:line 36
   at Microsoft.AspNetCore.Mvc.Infrastructure.ActionMethodExecutor.TaskOfIActionResultExecutor.Execute(ActionContext actionContext, IActionResultTypeMapper mapper, ObjectMethodExecutor executor, Object controller, Object[] arguments)
   at Microsoft.AspNetCore.Mvc.Infrastructure.ControllerActionInvoker.<InvokeActionMethodAsync>g__Awaited|12_0(ControllerActionInvoker invoker, ValueTask`1 actionResultValueTask)
   at Microsoft.AspNetCore.Mvc.Infrastructure.ControllerActionInvoker.<InvokeNextActionFilterAsync>g__Awaited|10_0(ControllerActionInvoker invoker, Task lastTask, State next, Scope scope, Object state, Boolean isCompleted)
   at Microsoft.AspNetCore.Mvc.Infrastructure.ControllerActionInvoker.Rethrow(ActionExecutedContextSealed context)
   at Microsoft.AspNetCore.Mvc.Infrastructure.ControllerActionInvoker.Next(State& next, Scope& scope, Object& state, Boolean& isCompleted)
   at Microsoft.AspNetCore.Mvc.Infrastructure.ControllerActionInvoker.<InvokeInnerFilterAsync>g__Awaited|13_0(ControllerActionInvoker invoker, Task lastTask, State next, Scope scope, Object state, Boolean isCompleted)
   at Microsoft.AspNetCore.Mvc.Infrastructure.ResourceInvoker.<InvokeNextResourceFilter>g__Awaited|25_0(ResourceInvoker invoker, Task lastTask, State next, Scope scope, Object state, Boolean isCompleted)
   at Microsoft.AspNetCore.Mvc.Infrastructure.ResourceInvoker.Rethrow(ResourceExecutedContextSealed context)
   at Microsoft.AspNetCore.Mvc.Infrastructure.ResourceInvoker.Next(State& next, Scope& scope, Object& state, Boolean& isCompleted)
   at Microsoft.AspNetCore.Mvc.Infrastructure.ResourceInvoker.<InvokeFilterPipelineAsync>g__Awaited|20_0(ResourceInvoker invoker, Task lastTask, State next, Scope scope, Object state, Boolean isCompleted)
   at Microsoft.AspNetCore.Mvc.Infrastructure.ResourceInvoker.<InvokeAsync>g__Awaited|17_0(ResourceInvoker invoker, Task task, IDisposable scope)
   at Microsoft.AspNetCore.Mvc.Infrastructure.ResourceInvoker.<InvokeAsync>g__Awaited|17_0(ResourceInvoker invoker, Task task, IDisposable scope)
   at Microsoft.AspNetCore.Authorization.AuthorizationMiddleware.Invoke(HttpContext context)
   at Microsoft.AspNetCore.Authentication.AuthenticationMiddleware.Invoke(HttpContext context)
   at Microsoft.AspNetCore.Diagnostics.DeveloperExceptionPageMiddlewareImpl.Invoke(HttpContext context)
  Exception data:
    Severity: ОШИБКА
    SqlState: 42703
    MessageText: столбец "hashpassword" не существует
    Detail: Detail redacted as it may contain sensitive data. Specify 'Include Error Detail' in the connection string to include this information.
    Position: 81
    File: parse_relation.c
    Line: 3706
    Routine: errorMissingColumn
2024-07-22 23:29:37.1738|14|INFO|Microsoft.Hosting.Lifetime|Now listening on: https://localhost:7087 
2024-07-22 23:29:37.1803|14|INFO|Microsoft.Hosting.Lifetime|Now listening on: http://localhost:5141 
2024-07-22 23:29:37.1803|0|INFO|Microsoft.Hosting.Lifetime|Application started. Press Ctrl+C to shut down. 
2024-07-22 23:29:37.1803|0|INFO|Microsoft.Hosting.Lifetime|Hosting environment: Development 
2024-07-22 23:29:37.1803|0|INFO|Microsoft.Hosting.Lifetime|Content root path: C:\Users\junya\source\repos\UserRegistration\UserRegistration 
2024-07-22 23:29:50.2404|1|ERROR|Microsoft.AspNetCore.Diagnostics.DeveloperExceptionPageMiddleware|An unhandled exception has occurred while executing the request. Npgsql.PostgresException (0x80004005): 42601: ошибка синтаксиса (примерное положение: "$9")

POSITION: 167
   at Npgsql.Internal.NpgsqlConnector.ReadMessageLong(Boolean async, DataRowLoadingMode dataRowLoadingMode, Boolean readingNotifications, Boolean isReadingPrependedMessage)
   at System.Runtime.CompilerServices.PoolingAsyncValueTaskMethodBuilder`1.StateMachineBox`1.System.Threading.Tasks.Sources.IValueTaskSource<TResult>.GetResult(Int16 token)
   at Npgsql.NpgsqlDataReader.NextResult(Boolean async, Boolean isConsuming, CancellationToken cancellationToken)
   at Npgsql.NpgsqlDataReader.NextResult(Boolean async, Boolean isConsuming, CancellationToken cancellationToken)
   at Npgsql.NpgsqlCommand.ExecuteReader(Boolean async, CommandBehavior behavior, CancellationToken cancellationToken)
   at Npgsql.NpgsqlCommand.ExecuteReader(Boolean async, CommandBehavior behavior, CancellationToken cancellationToken)
   at Npgsql.NpgsqlCommand.ExecuteNonQuery(Boolean async, CancellationToken cancellationToken)
   at Dapper.SqlMapper.ExecuteImplAsync(IDbConnection cnn, CommandDefinition command, Object param) in /_/Dapper/SqlMapper.Async.cs:line 662
   at DataSource.UserRepository.Insert(User model) in C:\Users\junya\source\repos\UserRegistration\DataSource\UserRepository.cs:line 44
   at Service.UserService.RegisterUser(RegisterModel model) in C:\Users\junya\source\repos\UserRegistration\Service\UserService.cs:line 50
   at UserRegistration.Controllers.AccountController.Register(RegisterModel model) in C:\Users\junya\source\repos\UserRegistration\UserRegistration\Controllers\AccountController.cs:line 36
   at Microsoft.AspNetCore.Mvc.Infrastructure.ActionMethodExecutor.TaskOfIActionResultExecutor.Execute(ActionContext actionContext, IActionResultTypeMapper mapper, ObjectMethodExecutor executor, Object controller, Object[] arguments)
   at Microsoft.AspNetCore.Mvc.Infrastructure.ControllerActionInvoker.<InvokeActionMethodAsync>g__Awaited|12_0(ControllerActionInvoker invoker, ValueTask`1 actionResultValueTask)
   at Microsoft.AspNetCore.Mvc.Infrastructure.ControllerActionInvoker.<InvokeNextActionFilterAsync>g__Awaited|10_0(ControllerActionInvoker invoker, Task lastTask, State next, Scope scope, Object state, Boolean isCompleted)
   at Microsoft.AspNetCore.Mvc.Infrastructure.ControllerActionInvoker.Rethrow(ActionExecutedContextSealed context)
   at Microsoft.AspNetCore.Mvc.Infrastructure.ControllerActionInvoker.Next(State& next, Scope& scope, Object& state, Boolean& isCompleted)
   at Microsoft.AspNetCore.Mvc.Infrastructure.ControllerActionInvoker.<InvokeInnerFilterAsync>g__Awaited|13_0(ControllerActionInvoker invoker, Task lastTask, State next, Scope scope, Object state, Boolean isCompleted)
   at Microsoft.AspNetCore.Mvc.Infrastructure.ResourceInvoker.<InvokeNextResourceFilter>g__Awaited|25_0(ResourceInvoker invoker, Task lastTask, State next, Scope scope, Object state, Boolean isCompleted)
   at Microsoft.AspNetCore.Mvc.Infrastructure.ResourceInvoker.Rethrow(ResourceExecutedContextSealed context)
   at Microsoft.AspNetCore.Mvc.Infrastructure.ResourceInvoker.Next(State& next, Scope& scope, Object& state, Boolean& isCompleted)
   at Microsoft.AspNetCore.Mvc.Infrastructure.ResourceInvoker.<InvokeFilterPipelineAsync>g__Awaited|20_0(ResourceInvoker invoker, Task lastTask, State next, Scope scope, Object state, Boolean isCompleted)
   at Microsoft.AspNetCore.Mvc.Infrastructure.ResourceInvoker.<InvokeAsync>g__Awaited|17_0(ResourceInvoker invoker, Task task, IDisposable scope)
   at Microsoft.AspNetCore.Mvc.Infrastructure.ResourceInvoker.<InvokeAsync>g__Awaited|17_0(ResourceInvoker invoker, Task task, IDisposable scope)
   at Microsoft.AspNetCore.Authorization.AuthorizationMiddleware.Invoke(HttpContext context)
   at Microsoft.AspNetCore.Authentication.AuthenticationMiddleware.Invoke(HttpContext context)
   at Microsoft.AspNetCore.Diagnostics.DeveloperExceptionPageMiddlewareImpl.Invoke(HttpContext context)
  Exception data:
    Severity: ОШИБКА
    SqlState: 42601
    MessageText: ошибка синтаксиса (примерное положение: "$9")
    Position: 167
    File: scan.l
    Line: 1245
    Routine: scanner_yyerror
2024-07-22 23:31:26.5932|1|ERROR|Microsoft.AspNetCore.Diagnostics.DeveloperExceptionPageMiddleware|An unhandled exception has occurred while executing the request. Npgsql.PostgresException (0x80004005): 42601: ошибка синтаксиса (примерное положение: "$9")

POSITION: 167
   at Npgsql.Internal.NpgsqlConnector.ReadMessageLong(Boolean async, DataRowLoadingMode dataRowLoadingMode, Boolean readingNotifications, Boolean isReadingPrependedMessage)
   at System.Runtime.CompilerServices.PoolingAsyncValueTaskMethodBuilder`1.StateMachineBox`1.System.Threading.Tasks.Sources.IValueTaskSource<TResult>.GetResult(Int16 token)
   at Npgsql.NpgsqlDataReader.NextResult(Boolean async, Boolean isConsuming, CancellationToken cancellationToken)
   at Npgsql.NpgsqlDataReader.NextResult(Boolean async, Boolean isConsuming, CancellationToken cancellationToken)
   at Npgsql.NpgsqlCommand.ExecuteReader(Boolean async, CommandBehavior behavior, CancellationToken cancellationToken)
   at Npgsql.NpgsqlCommand.ExecuteReader(Boolean async, CommandBehavior behavior, CancellationToken cancellationToken)
   at Npgsql.NpgsqlCommand.ExecuteNonQuery(Boolean async, CancellationToken cancellationToken)
   at Dapper.SqlMapper.ExecuteImplAsync(IDbConnection cnn, CommandDefinition command, Object param) in /_/Dapper/SqlMapper.Async.cs:line 662
   at DataSource.UserRepository.Insert(User model) in C:\Users\junya\source\repos\UserRegistration\DataSource\UserRepository.cs:line 44
   at Service.UserService.RegisterUser(RegisterModel model) in C:\Users\junya\source\repos\UserRegistration\Service\UserService.cs:line 50
   at UserRegistration.Controllers.AccountController.Register(RegisterModel model) in C:\Users\junya\source\repos\UserRegistration\UserRegistration\Controllers\AccountController.cs:line 36
   at Microsoft.AspNetCore.Mvc.Infrastructure.ActionMethodExecutor.TaskOfIActionResultExecutor.Execute(ActionContext actionContext, IActionResultTypeMapper mapper, ObjectMethodExecutor executor, Object controller, Object[] arguments)
   at Microsoft.AspNetCore.Mvc.Infrastructure.ControllerActionInvoker.<InvokeActionMethodAsync>g__Awaited|12_0(ControllerActionInvoker invoker, ValueTask`1 actionResultValueTask)
   at Microsoft.AspNetCore.Mvc.Infrastructure.ControllerActionInvoker.<InvokeNextActionFilterAsync>g__Awaited|10_0(ControllerActionInvoker invoker, Task lastTask, State next, Scope scope, Object state, Boolean isCompleted)
   at Microsoft.AspNetCore.Mvc.Infrastructure.ControllerActionInvoker.Rethrow(ActionExecutedContextSealed context)
   at Microsoft.AspNetCore.Mvc.Infrastructure.ControllerActionInvoker.Next(State& next, Scope& scope, Object& state, Boolean& isCompleted)
   at Microsoft.AspNetCore.Mvc.Infrastructure.ControllerActionInvoker.<InvokeInnerFilterAsync>g__Awaited|13_0(ControllerActionInvoker invoker, Task lastTask, State next, Scope scope, Object state, Boolean isCompleted)
   at Microsoft.AspNetCore.Mvc.Infrastructure.ResourceInvoker.<InvokeNextResourceFilter>g__Awaited|25_0(ResourceInvoker invoker, Task lastTask, State next, Scope scope, Object state, Boolean isCompleted)
   at Microsoft.AspNetCore.Mvc.Infrastructure.ResourceInvoker.Rethrow(ResourceExecutedContextSealed context)
   at Microsoft.AspNetCore.Mvc.Infrastructure.ResourceInvoker.Next(State& next, Scope& scope, Object& state, Boolean& isCompleted)
   at Microsoft.AspNetCore.Mvc.Infrastructure.ResourceInvoker.<InvokeFilterPipelineAsync>g__Awaited|20_0(ResourceInvoker invoker, Task lastTask, State next, Scope scope, Object state, Boolean isCompleted)
   at Microsoft.AspNetCore.Mvc.Infrastructure.ResourceInvoker.<InvokeAsync>g__Awaited|17_0(ResourceInvoker invoker, Task task, IDisposable scope)
   at Microsoft.AspNetCore.Mvc.Infrastructure.ResourceInvoker.<InvokeAsync>g__Awaited|17_0(ResourceInvoker invoker, Task task, IDisposable scope)
   at Microsoft.AspNetCore.Authorization.AuthorizationMiddleware.Invoke(HttpContext context)
   at Microsoft.AspNetCore.Authentication.AuthenticationMiddleware.Invoke(HttpContext context)
   at Microsoft.AspNetCore.Diagnostics.DeveloperExceptionPageMiddlewareImpl.Invoke(HttpContext context)
  Exception data:
    Severity: ОШИБКА
    SqlState: 42601
    MessageText: ошибка синтаксиса (примерное положение: "$9")
    Position: 167
    File: scan.l
    Line: 1245
    Routine: scanner_yyerror
2024-07-22 23:32:36.1576|14|INFO|Microsoft.Hosting.Lifetime|Now listening on: https://localhost:7087 
2024-07-22 23:32:36.1634|14|INFO|Microsoft.Hosting.Lifetime|Now listening on: http://localhost:5141 
2024-07-22 23:32:36.1634|0|INFO|Microsoft.Hosting.Lifetime|Application started. Press Ctrl+C to shut down. 
2024-07-22 23:32:36.1634|0|INFO|Microsoft.Hosting.Lifetime|Hosting environment: Development 
2024-07-22 23:32:36.1634|0|INFO|Microsoft.Hosting.Lifetime|Content root path: C:\Users\junya\source\repos\UserRegistration\UserRegistration 
2024-07-22 23:32:48.2088|1|ERROR|Microsoft.AspNetCore.Diagnostics.DeveloperExceptionPageMiddleware|An unhandled exception has occurred while executing the request. Npgsql.PostgresException (0x80004005): 42601: ошибка синтаксиса (примерное положение: "$9")

POSITION: 142
   at Npgsql.Internal.NpgsqlConnector.ReadMessageLong(Boolean async, DataRowLoadingMode dataRowLoadingMode, Boolean readingNotifications, Boolean isReadingPrependedMessage)
   at System.Runtime.CompilerServices.PoolingAsyncValueTaskMethodBuilder`1.StateMachineBox`1.System.Threading.Tasks.Sources.IValueTaskSource<TResult>.GetResult(Int16 token)
   at Npgsql.NpgsqlDataReader.NextResult(Boolean async, Boolean isConsuming, CancellationToken cancellationToken)
   at Npgsql.NpgsqlDataReader.NextResult(Boolean async, Boolean isConsuming, CancellationToken cancellationToken)
   at Npgsql.NpgsqlCommand.ExecuteReader(Boolean async, CommandBehavior behavior, CancellationToken cancellationToken)
   at Npgsql.NpgsqlCommand.ExecuteReader(Boolean async, CommandBehavior behavior, CancellationToken cancellationToken)
   at Npgsql.NpgsqlCommand.ExecuteNonQuery(Boolean async, CancellationToken cancellationToken)
   at Dapper.SqlMapper.ExecuteImplAsync(IDbConnection cnn, CommandDefinition command, Object param) in /_/Dapper/SqlMapper.Async.cs:line 662
   at DataSource.UserRepository.Insert(User model) in C:\Users\junya\source\repos\UserRegistration\DataSource\UserRepository.cs:line 30
   at Service.UserService.RegisterUser(RegisterModel model) in C:\Users\junya\source\repos\UserRegistration\Service\UserService.cs:line 50
   at UserRegistration.Controllers.AccountController.Register(RegisterModel model) in C:\Users\junya\source\repos\UserRegistration\UserRegistration\Controllers\AccountController.cs:line 36
   at Microsoft.AspNetCore.Mvc.Infrastructure.ActionMethodExecutor.TaskOfIActionResultExecutor.Execute(ActionContext actionContext, IActionResultTypeMapper mapper, ObjectMethodExecutor executor, Object controller, Object[] arguments)
   at Microsoft.AspNetCore.Mvc.Infrastructure.ControllerActionInvoker.<InvokeActionMethodAsync>g__Awaited|12_0(ControllerActionInvoker invoker, ValueTask`1 actionResultValueTask)
   at Microsoft.AspNetCore.Mvc.Infrastructure.ControllerActionInvoker.<InvokeNextActionFilterAsync>g__Awaited|10_0(ControllerActionInvoker invoker, Task lastTask, State next, Scope scope, Object state, Boolean isCompleted)
   at Microsoft.AspNetCore.Mvc.Infrastructure.ControllerActionInvoker.Rethrow(ActionExecutedContextSealed context)
   at Microsoft.AspNetCore.Mvc.Infrastructure.ControllerActionInvoker.Next(State& next, Scope& scope, Object& state, Boolean& isCompleted)
   at Microsoft.AspNetCore.Mvc.Infrastructure.ControllerActionInvoker.<InvokeInnerFilterAsync>g__Awaited|13_0(ControllerActionInvoker invoker, Task lastTask, State next, Scope scope, Object state, Boolean isCompleted)
   at Microsoft.AspNetCore.Mvc.Infrastructure.ResourceInvoker.<InvokeNextResourceFilter>g__Awaited|25_0(ResourceInvoker invoker, Task lastTask, State next, Scope scope, Object state, Boolean isCompleted)
   at Microsoft.AspNetCore.Mvc.Infrastructure.ResourceInvoker.Rethrow(ResourceExecutedContextSealed context)
   at Microsoft.AspNetCore.Mvc.Infrastructure.ResourceInvoker.Next(State& next, Scope& scope, Object& state, Boolean& isCompleted)
   at Microsoft.AspNetCore.Mvc.Infrastructure.ResourceInvoker.<InvokeFilterPipelineAsync>g__Awaited|20_0(ResourceInvoker invoker, Task lastTask, State next, Scope scope, Object state, Boolean isCompleted)
   at Microsoft.AspNetCore.Mvc.Infrastructure.ResourceInvoker.<InvokeAsync>g__Awaited|17_0(ResourceInvoker invoker, Task task, IDisposable scope)
   at Microsoft.AspNetCore.Mvc.Infrastructure.ResourceInvoker.<InvokeAsync>g__Awaited|17_0(ResourceInvoker invoker, Task task, IDisposable scope)
   at Microsoft.AspNetCore.Authorization.AuthorizationMiddleware.Invoke(HttpContext context)
   at Microsoft.AspNetCore.Authentication.AuthenticationMiddleware.Invoke(HttpContext context)
   at Microsoft.AspNetCore.Diagnostics.DeveloperExceptionPageMiddlewareImpl.Invoke(HttpContext context)
  Exception data:
    Severity: ОШИБКА
    SqlState: 42601
    MessageText: ошибка синтаксиса (примерное положение: "$9")
    Position: 142
    File: scan.l
    Line: 1245
    Routine: scanner_yyerror
2024-07-22 23:36:08.3493|14|INFO|Microsoft.Hosting.Lifetime|Now listening on: https://localhost:7087 
2024-07-22 23:36:08.3554|14|INFO|Microsoft.Hosting.Lifetime|Now listening on: http://localhost:5141 
2024-07-22 23:36:08.3554|0|INFO|Microsoft.Hosting.Lifetime|Application started. Press Ctrl+C to shut down. 
2024-07-22 23:36:08.3554|0|INFO|Microsoft.Hosting.Lifetime|Hosting environment: Development 
2024-07-22 23:36:08.3554|0|INFO|Microsoft.Hosting.Lifetime|Content root path: C:\Users\junya\source\repos\UserRegistration\UserRegistration 
