2024-07-23 15:28:06.5052|0|DEBUG|UserRegistration.Program|init main |url: |action: 
2024-07-23 15:28:09.7425|14|INFO|Microsoft.Hosting.Lifetime|Now listening on: https://localhost:7087 |url: |action: 
2024-07-23 15:28:09.7425|14|INFO|Microsoft.Hosting.Lifetime|Now listening on: http://localhost:5141 |url: |action: 
2024-07-23 15:28:09.7425|0|INFO|Microsoft.Hosting.Lifetime|Application started. Press Ctrl+C to shut down. |url: |action: 
2024-07-23 15:28:09.7425|0|INFO|Microsoft.Hosting.Lifetime|Hosting environment: Development |url: |action: 
2024-07-23 15:28:09.7425|0|INFO|Microsoft.Hosting.Lifetime|Content root path: C:\Users\junya\source\repos\UserRegistration\UserRegistration |url: |action: 
2024-07-23 15:28:19.9129|1|DEBUG|UserRegistration.Controllers.AccountController|NLog injected into InfoController |url: https://localhost/Account/Registration|action: Register
2024-07-23 15:31:05.4726|1|DEBUG|UserRegistration.Controllers.AccountController|NLog injected into InfoController |url: https://localhost/Account/Registration|action: Register
2024-07-23 15:31:05.4726|1|DEBUG|UserRegistration.Controllers.AccountController|NLog injected into InfoController |url: https://localhost/Account/Registration|action: Register
2024-07-23 15:31:16.2775|0|ERROR|DataSource.UserRepository|Error insert user into the database Npgsql.PostgresException (0x80004005): 42703: столбец "user_date" не существует

POSITION: 148
DETAIL: Detail redacted as it may contain sensitive data. Specify 'Include Error Detail' in the connection string to include this information.
   at Npgsql.Internal.NpgsqlConnector.ReadMessageLong(Boolean async, DataRowLoadingMode dataRowLoadingMode, Boolean readingNotifications, Boolean isReadingPrependedMessage)
   at System.Runtime.CompilerServices.PoolingAsyncValueTaskMethodBuilder`1.StateMachineBox`1.System.Threading.Tasks.Sources.IValueTaskSource<TResult>.GetResult(Int16 token)
   at Npgsql.NpgsqlDataReader.NextResult(Boolean async, Boolean isConsuming, CancellationToken cancellationToken)
   at Npgsql.NpgsqlDataReader.NextResult(Boolean async, Boolean isConsuming, CancellationToken cancellationToken)
   at Npgsql.NpgsqlCommand.ExecuteReader(Boolean async, CommandBehavior behavior, CancellationToken cancellationToken)
   at Npgsql.NpgsqlCommand.ExecuteReader(Boolean async, CommandBehavior behavior, CancellationToken cancellationToken)
   at Npgsql.NpgsqlCommand.ExecuteNonQuery(Boolean async, CancellationToken cancellationToken)
   at Dapper.SqlMapper.ExecuteImplAsync(IDbConnection cnn, CommandDefinition command, Object param) in /_/Dapper/SqlMapper.Async.cs:line 662
   at DataSource.UserRepository.Insert(User model) in C:\Users\junya\source\repos\UserRegistration\DataSource\UserRepository.cs:line 30
  Exception data:
    Severity: ОШИБКА
    SqlState: 42703
    MessageText: столбец "user_date" не существует
    Detail: Detail redacted as it may contain sensitive data. Specify 'Include Error Detail' in the connection string to include this information.
    Position: 148
    File: parse_relation.c
    Line: 3706
    Routine: errorMissingColumn|url: https://localhost/Account/Registration|action: Register
2024-07-23 15:31:35.1032|0|ERROR|DataSource.UserRepository|Error insert user into the database Npgsql.PostgresException (0x80004005): 42703: столбец "user_date" не существует

POSITION: 148
DETAIL: Detail redacted as it may contain sensitive data. Specify 'Include Error Detail' in the connection string to include this information.
   at Npgsql.Internal.NpgsqlConnector.ReadMessageLong(Boolean async, DataRowLoadingMode dataRowLoadingMode, Boolean readingNotifications, Boolean isReadingPrependedMessage)
   at System.Runtime.CompilerServices.PoolingAsyncValueTaskMethodBuilder`1.StateMachineBox`1.System.Threading.Tasks.Sources.IValueTaskSource<TResult>.GetResult(Int16 token)
   at Npgsql.NpgsqlDataReader.NextResult(Boolean async, Boolean isConsuming, CancellationToken cancellationToken)
   at Npgsql.NpgsqlDataReader.NextResult(Boolean async, Boolean isConsuming, CancellationToken cancellationToken)
   at Npgsql.NpgsqlCommand.ExecuteReader(Boolean async, CommandBehavior behavior, CancellationToken cancellationToken)
   at Npgsql.NpgsqlCommand.ExecuteReader(Boolean async, CommandBehavior behavior, CancellationToken cancellationToken)
   at Npgsql.NpgsqlCommand.ExecuteNonQuery(Boolean async, CancellationToken cancellationToken)
   at Dapper.SqlMapper.ExecuteImplAsync(IDbConnection cnn, CommandDefinition command, Object param) in /_/Dapper/SqlMapper.Async.cs:line 662
   at DataSource.UserRepository.Insert(User model) in C:\Users\junya\source\repos\UserRegistration\DataSource\UserRepository.cs:line 30
  Exception data:
    Severity: ОШИБКА
    SqlState: 42703
    MessageText: столбец "user_date" не существует
    Detail: Detail redacted as it may contain sensitive data. Specify 'Include Error Detail' in the connection string to include this information.
    Position: 148
    File: parse_relation.c
    Line: 3706
    Routine: errorMissingColumn|url: https://localhost/Account/Registration|action: Register
2024-07-23 15:31:43.3023|0|ERROR|Service.UserService|Failed to connect to the database Npgsql.PostgresException (0x80004005): 42703: столбец "user_date" не существует

POSITION: 148
DETAIL: Detail redacted as it may contain sensitive data. Specify 'Include Error Detail' in the connection string to include this information.
   at Npgsql.Internal.NpgsqlConnector.ReadMessageLong(Boolean async, DataRowLoadingMode dataRowLoadingMode, Boolean readingNotifications, Boolean isReadingPrependedMessage)
   at System.Runtime.CompilerServices.PoolingAsyncValueTaskMethodBuilder`1.StateMachineBox`1.System.Threading.Tasks.Sources.IValueTaskSource<TResult>.GetResult(Int16 token)
   at Npgsql.NpgsqlDataReader.NextResult(Boolean async, Boolean isConsuming, CancellationToken cancellationToken)
   at Npgsql.NpgsqlDataReader.NextResult(Boolean async, Boolean isConsuming, CancellationToken cancellationToken)
   at Npgsql.NpgsqlCommand.ExecuteReader(Boolean async, CommandBehavior behavior, CancellationToken cancellationToken)
   at Npgsql.NpgsqlCommand.ExecuteReader(Boolean async, CommandBehavior behavior, CancellationToken cancellationToken)
   at Npgsql.NpgsqlCommand.ExecuteNonQuery(Boolean async, CancellationToken cancellationToken)
   at Dapper.SqlMapper.ExecuteImplAsync(IDbConnection cnn, CommandDefinition command, Object param) in /_/Dapper/SqlMapper.Async.cs:line 662
   at DataSource.UserRepository.Insert(User model) in C:\Users\junya\source\repos\UserRegistration\DataSource\UserRepository.cs:line 30
   at Service.UserService.RegisterUser(RegisterModel model) in C:\Users\junya\source\repos\UserRegistration\Service\UserService.cs:line 50
  Exception data:
    Severity: ОШИБКА
    SqlState: 42703
    MessageText: столбец "user_date" не существует
    Detail: Detail redacted as it may contain sensitive data. Specify 'Include Error Detail' in the connection string to include this information.
    Position: 148
    File: parse_relation.c
    Line: 3706
    Routine: errorMissingColumn|url: https://localhost/Account/Registration|action: Register
2024-07-23 15:31:47.0239|0|ERROR|Service.UserService|Failed to connect to the database Npgsql.PostgresException (0x80004005): 42703: столбец "user_date" не существует

POSITION: 148
DETAIL: Detail redacted as it may contain sensitive data. Specify 'Include Error Detail' in the connection string to include this information.
   at Npgsql.Internal.NpgsqlConnector.ReadMessageLong(Boolean async, DataRowLoadingMode dataRowLoadingMode, Boolean readingNotifications, Boolean isReadingPrependedMessage)
   at System.Runtime.CompilerServices.PoolingAsyncValueTaskMethodBuilder`1.StateMachineBox`1.System.Threading.Tasks.Sources.IValueTaskSource<TResult>.GetResult(Int16 token)
   at Npgsql.NpgsqlDataReader.NextResult(Boolean async, Boolean isConsuming, CancellationToken cancellationToken)
   at Npgsql.NpgsqlDataReader.NextResult(Boolean async, Boolean isConsuming, CancellationToken cancellationToken)
   at Npgsql.NpgsqlCommand.ExecuteReader(Boolean async, CommandBehavior behavior, CancellationToken cancellationToken)
   at Npgsql.NpgsqlCommand.ExecuteReader(Boolean async, CommandBehavior behavior, CancellationToken cancellationToken)
   at Npgsql.NpgsqlCommand.ExecuteNonQuery(Boolean async, CancellationToken cancellationToken)
   at Dapper.SqlMapper.ExecuteImplAsync(IDbConnection cnn, CommandDefinition command, Object param) in /_/Dapper/SqlMapper.Async.cs:line 662
   at DataSource.UserRepository.Insert(User model) in C:\Users\junya\source\repos\UserRegistration\DataSource\UserRepository.cs:line 30
   at Service.UserService.RegisterUser(RegisterModel model) in C:\Users\junya\source\repos\UserRegistration\Service\UserService.cs:line 50
  Exception data:
    Severity: ОШИБКА
    SqlState: 42703
    MessageText: столбец "user_date" не существует
    Detail: Detail redacted as it may contain sensitive data. Specify 'Include Error Detail' in the connection string to include this information.
    Position: 148
    File: parse_relation.c
    Line: 3706
    Routine: errorMissingColumn|url: https://localhost/Account/Registration|action: Register
2024-07-23 15:31:49.3699|1|ERROR|Microsoft.AspNetCore.Diagnostics.DeveloperExceptionPageMiddleware|An unhandled exception has occurred while executing the request. Npgsql.PostgresException (0x80004005): 42703: столбец "user_date" не существует

POSITION: 148
DETAIL: Detail redacted as it may contain sensitive data. Specify 'Include Error Detail' in the connection string to include this information.
   at Npgsql.Internal.NpgsqlConnector.ReadMessageLong(Boolean async, DataRowLoadingMode dataRowLoadingMode, Boolean readingNotifications, Boolean isReadingPrependedMessage)
   at System.Runtime.CompilerServices.PoolingAsyncValueTaskMethodBuilder`1.StateMachineBox`1.System.Threading.Tasks.Sources.IValueTaskSource<TResult>.GetResult(Int16 token)
   at Npgsql.NpgsqlDataReader.NextResult(Boolean async, Boolean isConsuming, CancellationToken cancellationToken)
   at Npgsql.NpgsqlDataReader.NextResult(Boolean async, Boolean isConsuming, CancellationToken cancellationToken)
   at Npgsql.NpgsqlCommand.ExecuteReader(Boolean async, CommandBehavior behavior, CancellationToken cancellationToken)
   at Npgsql.NpgsqlCommand.ExecuteReader(Boolean async, CommandBehavior behavior, CancellationToken cancellationToken)
   at Npgsql.NpgsqlCommand.ExecuteNonQuery(Boolean async, CancellationToken cancellationToken)
   at Dapper.SqlMapper.ExecuteImplAsync(IDbConnection cnn, CommandDefinition command, Object param) in /_/Dapper/SqlMapper.Async.cs:line 662
   at DataSource.UserRepository.Insert(User model) in C:\Users\junya\source\repos\UserRegistration\DataSource\UserRepository.cs:line 30
   at Service.UserService.RegisterUser(RegisterModel model) in C:\Users\junya\source\repos\UserRegistration\Service\UserService.cs:line 50
   at UserRegistration.Controllers.AccountController.Register(RegisterModel model) in C:\Users\junya\source\repos\UserRegistration\UserRegistration\Controllers\AccountController.cs:line 36
   at Microsoft.AspNetCore.Mvc.Infrastructure.ActionMethodExecutor.TaskOfIActionResultExecutor.Execute(ActionContext actionContext, IActionResultTypeMapper mapper, ObjectMethodExecutor executor, Object controller, Object[] arguments)
   at Microsoft.AspNetCore.Mvc.Infrastructure.ControllerActionInvoker.<InvokeActionMethodAsync>g__Awaited|12_0(ControllerActionInvoker invoker, ValueTask`1 actionResultValueTask)
   at Microsoft.AspNetCore.Mvc.Infrastructure.ControllerActionInvoker.<InvokeNextActionFilterAsync>g__Awaited|10_0(ControllerActionInvoker invoker, Task lastTask, State next, Scope scope, Object state, Boolean isCompleted)
   at Microsoft.AspNetCore.Mvc.Infrastructure.ControllerActionInvoker.Rethrow(ActionExecutedContextSealed context)
   at Microsoft.AspNetCore.Mvc.Infrastructure.ControllerActionInvoker.Next(State& next, Scope& scope, Object& state, Boolean& isCompleted)
   at Microsoft.AspNetCore.Mvc.Infrastructure.ControllerActionInvoker.<InvokeInnerFilterAsync>g__Awaited|13_0(ControllerActionInvoker invoker, Task lastTask, State next, Scope scope, Object state, Boolean isCompleted)
   at Microsoft.AspNetCore.Mvc.Infrastructure.ResourceInvoker.<InvokeNextResourceFilter>g__Awaited|25_0(ResourceInvoker invoker, Task lastTask, State next, Scope scope, Object state, Boolean isCompleted)
   at Microsoft.AspNetCore.Mvc.Infrastructure.ResourceInvoker.Rethrow(ResourceExecutedContextSealed context)
   at Microsoft.AspNetCore.Mvc.Infrastructure.ResourceInvoker.Next(State& next, Scope& scope, Object& state, Boolean& isCompleted)
   at Microsoft.AspNetCore.Mvc.Infrastructure.ResourceInvoker.<InvokeFilterPipelineAsync>g__Awaited|20_0(ResourceInvoker invoker, Task lastTask, State next, Scope scope, Object state, Boolean isCompleted)
   at Microsoft.AspNetCore.Mvc.Infrastructure.ResourceInvoker.<InvokeAsync>g__Awaited|17_0(ResourceInvoker invoker, Task task, IDisposable scope)
   at Microsoft.AspNetCore.Mvc.Infrastructure.ResourceInvoker.<InvokeAsync>g__Awaited|17_0(ResourceInvoker invoker, Task task, IDisposable scope)
   at Microsoft.AspNetCore.Authorization.AuthorizationMiddleware.Invoke(HttpContext context)
   at Microsoft.AspNetCore.Authentication.AuthenticationMiddleware.Invoke(HttpContext context)
   at Microsoft.AspNetCore.Diagnostics.DeveloperExceptionPageMiddlewareImpl.Invoke(HttpContext context)
  Exception data:
    Severity: ОШИБКА
    SqlState: 42703
    MessageText: столбец "user_date" не существует
    Detail: Detail redacted as it may contain sensitive data. Specify 'Include Error Detail' in the connection string to include this information.
    Position: 148
    File: parse_relation.c
    Line: 3706
    Routine: errorMissingColumn|url: https://localhost/Account/Registration|action: Register
2024-07-23 15:31:49.3699|1|ERROR|Microsoft.AspNetCore.Diagnostics.DeveloperExceptionPageMiddleware|An unhandled exception has occurred while executing the request. Npgsql.PostgresException (0x80004005): 42703: столбец "user_date" не существует

POSITION: 148
DETAIL: Detail redacted as it may contain sensitive data. Specify 'Include Error Detail' in the connection string to include this information.
   at Npgsql.Internal.NpgsqlConnector.ReadMessageLong(Boolean async, DataRowLoadingMode dataRowLoadingMode, Boolean readingNotifications, Boolean isReadingPrependedMessage)
   at System.Runtime.CompilerServices.PoolingAsyncValueTaskMethodBuilder`1.StateMachineBox`1.System.Threading.Tasks.Sources.IValueTaskSource<TResult>.GetResult(Int16 token)
   at Npgsql.NpgsqlDataReader.NextResult(Boolean async, Boolean isConsuming, CancellationToken cancellationToken)
   at Npgsql.NpgsqlDataReader.NextResult(Boolean async, Boolean isConsuming, CancellationToken cancellationToken)
   at Npgsql.NpgsqlCommand.ExecuteReader(Boolean async, CommandBehavior behavior, CancellationToken cancellationToken)
   at Npgsql.NpgsqlCommand.ExecuteReader(Boolean async, CommandBehavior behavior, CancellationToken cancellationToken)
   at Npgsql.NpgsqlCommand.ExecuteNonQuery(Boolean async, CancellationToken cancellationToken)
   at Dapper.SqlMapper.ExecuteImplAsync(IDbConnection cnn, CommandDefinition command, Object param) in /_/Dapper/SqlMapper.Async.cs:line 662
   at DataSource.UserRepository.Insert(User model) in C:\Users\junya\source\repos\UserRegistration\DataSource\UserRepository.cs:line 30
   at Service.UserService.RegisterUser(RegisterModel model) in C:\Users\junya\source\repos\UserRegistration\Service\UserService.cs:line 50
   at UserRegistration.Controllers.AccountController.Register(RegisterModel model) in C:\Users\junya\source\repos\UserRegistration\UserRegistration\Controllers\AccountController.cs:line 36
   at Microsoft.AspNetCore.Mvc.Infrastructure.ActionMethodExecutor.TaskOfIActionResultExecutor.Execute(ActionContext actionContext, IActionResultTypeMapper mapper, ObjectMethodExecutor executor, Object controller, Object[] arguments)
   at Microsoft.AspNetCore.Mvc.Infrastructure.ControllerActionInvoker.<InvokeActionMethodAsync>g__Awaited|12_0(ControllerActionInvoker invoker, ValueTask`1 actionResultValueTask)
   at Microsoft.AspNetCore.Mvc.Infrastructure.ControllerActionInvoker.<InvokeNextActionFilterAsync>g__Awaited|10_0(ControllerActionInvoker invoker, Task lastTask, State next, Scope scope, Object state, Boolean isCompleted)
   at Microsoft.AspNetCore.Mvc.Infrastructure.ControllerActionInvoker.Rethrow(ActionExecutedContextSealed context)
   at Microsoft.AspNetCore.Mvc.Infrastructure.ControllerActionInvoker.Next(State& next, Scope& scope, Object& state, Boolean& isCompleted)
   at Microsoft.AspNetCore.Mvc.Infrastructure.ControllerActionInvoker.<InvokeInnerFilterAsync>g__Awaited|13_0(ControllerActionInvoker invoker, Task lastTask, State next, Scope scope, Object state, Boolean isCompleted)
   at Microsoft.AspNetCore.Mvc.Infrastructure.ResourceInvoker.<InvokeNextResourceFilter>g__Awaited|25_0(ResourceInvoker invoker, Task lastTask, State next, Scope scope, Object state, Boolean isCompleted)
   at Microsoft.AspNetCore.Mvc.Infrastructure.ResourceInvoker.Rethrow(ResourceExecutedContextSealed context)
   at Microsoft.AspNetCore.Mvc.Infrastructure.ResourceInvoker.Next(State& next, Scope& scope, Object& state, Boolean& isCompleted)
   at Microsoft.AspNetCore.Mvc.Infrastructure.ResourceInvoker.<InvokeFilterPipelineAsync>g__Awaited|20_0(ResourceInvoker invoker, Task lastTask, State next, Scope scope, Object state, Boolean isCompleted)
   at Microsoft.AspNetCore.Mvc.Infrastructure.ResourceInvoker.<InvokeAsync>g__Awaited|17_0(ResourceInvoker invoker, Task task, IDisposable scope)
   at Microsoft.AspNetCore.Mvc.Infrastructure.ResourceInvoker.<InvokeAsync>g__Awaited|17_0(ResourceInvoker invoker, Task task, IDisposable scope)
   at Microsoft.AspNetCore.Authorization.AuthorizationMiddleware.Invoke(HttpContext context)
   at Microsoft.AspNetCore.Authentication.AuthenticationMiddleware.Invoke(HttpContext context)
   at Microsoft.AspNetCore.Diagnostics.DeveloperExceptionPageMiddlewareImpl.Invoke(HttpContext context)
  Exception data:
    Severity: ОШИБКА
    SqlState: 42703
    MessageText: столбец "user_date" не существует
    Detail: Detail redacted as it may contain sensitive data. Specify 'Include Error Detail' in the connection string to include this information.
    Position: 148
    File: parse_relation.c
    Line: 3706
    Routine: errorMissingColumn|url: https://localhost/Account/Registration|action: Register
2024-07-23 15:36:58.1773|0|DEBUG|UserRegistration.Program|init main |url: |action: 
2024-07-23 15:36:59.6855|14|INFO|Microsoft.Hosting.Lifetime|Now listening on: https://localhost:7087 |url: |action: 
2024-07-23 15:36:59.6937|14|INFO|Microsoft.Hosting.Lifetime|Now listening on: http://localhost:5141 |url: |action: 
2024-07-23 15:36:59.6937|0|INFO|Microsoft.Hosting.Lifetime|Application started. Press Ctrl+C to shut down. |url: |action: 
2024-07-23 15:36:59.6937|0|INFO|Microsoft.Hosting.Lifetime|Hosting environment: Development |url: |action: 
2024-07-23 15:36:59.6937|0|INFO|Microsoft.Hosting.Lifetime|Content root path: C:\Users\junya\source\repos\UserRegistration\UserRegistration |url: |action: 
2024-07-23 15:37:11.8355|1|DEBUG|UserRegistration.Controllers.AccountController|NLog injected into InfoController |url: https://localhost/Account/Registration|action: Register
2024-07-23 15:37:38.1939|0|INFO|DataSource.UserRepository|User: junya has been added |url: https://localhost/Account/Registration|action: Register
2024-07-23 15:37:43.1910|0|INFO|Service.UserService|User: junya registered successfully |url: https://localhost/Account/Registration|action: Register
2024-07-23 15:38:47.6010|0|DEBUG|UserRegistration.Program|init main |url: |action: 
2024-07-23 15:38:48.5166|14|INFO|Microsoft.Hosting.Lifetime|Now listening on: https://localhost:7087 |url: |action: 
2024-07-23 15:38:48.5236|14|INFO|Microsoft.Hosting.Lifetime|Now listening on: http://localhost:5141 |url: |action: 
2024-07-23 15:38:48.5236|0|INFO|Microsoft.Hosting.Lifetime|Application started. Press Ctrl+C to shut down. |url: |action: 
2024-07-23 15:38:48.5236|0|INFO|Microsoft.Hosting.Lifetime|Hosting environment: Development |url: |action: 
2024-07-23 15:38:48.5236|0|INFO|Microsoft.Hosting.Lifetime|Content root path: C:\Users\junya\source\repos\UserRegistration\UserRegistration |url: |action: 
2024-07-23 15:39:01.1142|1|DEBUG|UserRegistration.Controllers.AccountController|NLog injected into InfoController |url: https://localhost/Account/Registration|action: Register
2024-07-23 15:39:15.1763|0|INFO|DataSource.UserRepository|User: 123123123 has been added |url: https://localhost/Account/Registration|action: Register
2024-07-23 15:39:17.2289|0|INFO|Service.UserService|User: 123123123 registered successfully |url: https://localhost/Account/Registration|action: Register
2024-07-23 18:26:23.8022|0|DEBUG|UserRegistration.Program|init main |url: |action: 
2024-07-23 18:26:26.7383|0|ERROR|UserRegistration.Program|Stopped program because of exception Microsoft.AspNetCore.Routing.RouteCreationException: An error occurred while creating the route with name 'default' and pattern '{controller=Home/{action=Index}/{id?}'.
 ---> Microsoft.AspNetCore.Routing.Patterns.RoutePatternException: In a route parameter, '{' and '}' must be escaped with '{{' and '}}'.
   at Microsoft.AspNetCore.Routing.Patterns.RoutePatternParser.Parse(String pattern)
   at Microsoft.AspNetCore.Routing.Patterns.RoutePatternFactory.Parse(String pattern, Object defaults, Object parameterPolicies)
   at Microsoft.AspNetCore.Mvc.Routing.ConventionalRouteEntry..ctor(String routeName, String pattern, RouteValueDictionary defaults, IDictionary`2 constraints, RouteValueDictionary dataTokens, Int32 order, List`1 conventions, List`1 finallyConventions)
   --- End of inner exception stack trace ---
   at Microsoft.AspNetCore.Mvc.Routing.ConventionalRouteEntry..ctor(String routeName, String pattern, RouteValueDictionary defaults, IDictionary`2 constraints, RouteValueDictionary dataTokens, Int32 order, List`1 conventions, List`1 finallyConventions)
   at Microsoft.AspNetCore.Mvc.Routing.ControllerActionEndpointDataSource.AddRoute(String routeName, String pattern, RouteValueDictionary defaults, IDictionary`2 constraints, RouteValueDictionary dataTokens)
   at Program.<>c.<<Main>$>b__0_3(IEndpointRouteBuilder endpoints) in C:\Users\junya\source\repos\UserRegistration\UserRegistration\Program.cs:line 75
   at Microsoft.AspNetCore.Builder.EndpointRoutingApplicationBuilderExtensions.UseEndpoints(IApplicationBuilder builder, Action`1 configure)
   at Program.<Main>$(String[] args) in C:\Users\junya\source\repos\UserRegistration\UserRegistration\Program.cs:line 73|url: |action: 
2024-07-23 18:32:45.5868|0|DEBUG|UserRegistration.Program|init main |url: |action: 
2024-07-23 18:32:46.8567|14|INFO|Microsoft.Hosting.Lifetime|Now listening on: https://localhost:7087 |url: |action: 
2024-07-23 18:32:46.8643|14|INFO|Microsoft.Hosting.Lifetime|Now listening on: http://localhost:5141 |url: |action: 
2024-07-23 18:32:46.8643|0|INFO|Microsoft.Hosting.Lifetime|Application started. Press Ctrl+C to shut down. |url: |action: 
2024-07-23 18:32:46.8643|0|INFO|Microsoft.Hosting.Lifetime|Hosting environment: Development |url: |action: 
2024-07-23 18:32:46.8643|0|INFO|Microsoft.Hosting.Lifetime|Content root path: C:\Users\junya\source\repos\UserRegistration\UserRegistration |url: |action: 
2024-07-23 18:33:04.9117|1|DEBUG|UserRegistration.Controllers.AccountController|NLog injected into InfoController |url: https://localhost/Account/Registration|action: Register
2024-07-23 18:33:06.0209|0|INFO|DataSource.UserRepository|User: 123 has been added |url: https://localhost/Account/Registration|action: Register
2024-07-23 18:33:06.0209|0|INFO|Service.UserService|User: 123 registered successfully |url: https://localhost/Account/Registration|action: Register
2024-07-23 18:34:04.9129|1|DEBUG|UserRegistration.Controllers.AccountController|NLog injected into InfoController |url: https://localhost/Account/Login|action: Login
2024-07-23 18:34:19.5686|0|DEBUG|UserRegistration.Program|init main |url: |action: 
2024-07-23 18:34:20.7033|14|INFO|Microsoft.Hosting.Lifetime|Now listening on: https://localhost:7087 |url: |action: 
2024-07-23 18:34:20.7111|14|INFO|Microsoft.Hosting.Lifetime|Now listening on: http://localhost:5141 |url: |action: 
2024-07-23 18:34:20.7111|0|INFO|Microsoft.Hosting.Lifetime|Application started. Press Ctrl+C to shut down. |url: |action: 
2024-07-23 18:34:20.7111|0|INFO|Microsoft.Hosting.Lifetime|Hosting environment: Development |url: |action: 
2024-07-23 18:34:20.7111|0|INFO|Microsoft.Hosting.Lifetime|Content root path: C:\Users\junya\source\repos\UserRegistration\UserRegistration |url: |action: 
2024-07-23 18:35:24.1631|1|DEBUG|UserRegistration.Controllers.AccountController|NLog injected into InfoController |url: https://localhost/Account/Registration|action: Register
2024-07-23 18:35:46.1694|0|INFO|DataSource.UserRepository|User: junya has been added |url: https://localhost/Account/Registration|action: Register
2024-07-23 18:35:49.4891|0|INFO|Service.UserService|User: junya registered successfully |url: https://localhost/Account/Registration|action: Register
2024-07-23 18:36:04.8774|1|DEBUG|UserRegistration.Controllers.AccountController|NLog injected into InfoController |url: https://localhost/Account/Login|action: Login
2024-07-23 18:36:34.2020|1|DEBUG|UserRegistration.Controllers.AccountController|NLog injected into InfoController |url: https://localhost/Account/Login|action: Login
2024-07-23 18:36:37.3856|1|DEBUG|UserRegistration.Controllers.AccountController|NLog injected into InfoController |url: https://localhost/Account/Login|action: Login
2024-07-23 18:36:43.1680|0|DEBUG|UserRegistration.Program|init main |url: |action: 
2024-07-23 18:36:44.3786|14|INFO|Microsoft.Hosting.Lifetime|Now listening on: https://localhost:7087 |url: |action: 
2024-07-23 18:36:44.3960|14|INFO|Microsoft.Hosting.Lifetime|Now listening on: http://localhost:5141 |url: |action: 
2024-07-23 18:36:44.3960|0|INFO|Microsoft.Hosting.Lifetime|Application started. Press Ctrl+C to shut down. |url: |action: 
2024-07-23 18:36:44.3960|0|INFO|Microsoft.Hosting.Lifetime|Hosting environment: Development |url: |action: 
2024-07-23 18:36:44.3960|0|INFO|Microsoft.Hosting.Lifetime|Content root path: C:\Users\junya\source\repos\UserRegistration\UserRegistration |url: |action: 
2024-07-23 18:37:11.7420|1|DEBUG|UserRegistration.Controllers.AccountController|NLog injected into InfoController |url: https://localhost/Account/Registration|action: Register
2024-07-23 18:37:25.1381|0|INFO|Service.UserService|User: junya already exist |url: https://localhost/Account/Registration|action: Register
2024-07-23 18:37:46.2339|1|DEBUG|UserRegistration.Controllers.AccountController|NLog injected into InfoController |url: https://localhost/Account/Registration|action: Register
2024-07-23 18:37:57.3734|1|DEBUG|UserRegistration.Controllers.AccountController|NLog injected into InfoController |url: https://localhost/Account/Registration|action: Register
2024-07-23 18:38:07.8284|0|INFO|DataSource.UserRepository|User: junya21 has been added |url: https://localhost/Account/Registration|action: Register
2024-07-23 18:38:09.1710|0|INFO|Service.UserService|User: junya21 registered successfully |url: https://localhost/Account/Registration|action: Register
2024-07-23 18:38:15.0887|1|DEBUG|UserRegistration.Controllers.AccountController|NLog injected into InfoController |url: https://localhost/Account/Login|action: Login
2024-07-23 18:39:03.3682|0|DEBUG|UserRegistration.Program|init main |url: |action: 
2024-07-23 18:39:04.4754|14|INFO|Microsoft.Hosting.Lifetime|Now listening on: https://localhost:7087 |url: |action: 
2024-07-23 18:39:04.4754|14|INFO|Microsoft.Hosting.Lifetime|Now listening on: http://localhost:5141 |url: |action: 
2024-07-23 18:39:04.4754|0|INFO|Microsoft.Hosting.Lifetime|Application started. Press Ctrl+C to shut down. |url: |action: 
2024-07-23 18:39:04.4754|0|INFO|Microsoft.Hosting.Lifetime|Hosting environment: Development |url: |action: 
2024-07-23 18:39:04.4754|0|INFO|Microsoft.Hosting.Lifetime|Content root path: C:\Users\junya\source\repos\UserRegistration\UserRegistration |url: |action: 
2024-07-23 18:39:27.7120|0|DEBUG|UserRegistration.Program|init main |url: |action: 
2024-07-23 18:39:28.8295|14|INFO|Microsoft.Hosting.Lifetime|Now listening on: https://localhost:7087 |url: |action: 
2024-07-23 18:39:28.8347|14|INFO|Microsoft.Hosting.Lifetime|Now listening on: http://localhost:5141 |url: |action: 
2024-07-23 18:39:28.8347|0|INFO|Microsoft.Hosting.Lifetime|Application started. Press Ctrl+C to shut down. |url: |action: 
2024-07-23 18:39:28.8347|0|INFO|Microsoft.Hosting.Lifetime|Hosting environment: Development |url: |action: 
2024-07-23 18:39:28.8347|0|INFO|Microsoft.Hosting.Lifetime|Content root path: C:\Users\junya\source\repos\UserRegistration\UserRegistration |url: |action: 
2024-07-23 18:39:39.9911|0|DEBUG|UserRegistration.Program|init main |url: |action: 
2024-07-23 18:39:41.1860|14|INFO|Microsoft.Hosting.Lifetime|Now listening on: https://localhost:7087 |url: |action: 
2024-07-23 18:39:41.1932|14|INFO|Microsoft.Hosting.Lifetime|Now listening on: http://localhost:5141 |url: |action: 
2024-07-23 18:39:41.1932|0|INFO|Microsoft.Hosting.Lifetime|Application started. Press Ctrl+C to shut down. |url: |action: 
2024-07-23 18:39:41.1932|0|INFO|Microsoft.Hosting.Lifetime|Hosting environment: Development |url: |action: 
2024-07-23 18:39:41.1932|0|INFO|Microsoft.Hosting.Lifetime|Content root path: C:\Users\junya\source\repos\UserRegistration\UserRegistration |url: |action: 
2024-07-23 21:58:03.9170|0|DEBUG|UserRegistration.Program|init main |url: |action: 
2024-07-23 21:58:05.1007|14|INFO|Microsoft.Hosting.Lifetime|Now listening on: https://localhost:7087 |url: |action: 
2024-07-23 21:58:05.1007|14|INFO|Microsoft.Hosting.Lifetime|Now listening on: http://localhost:5141 |url: |action: 
2024-07-23 21:58:05.1007|0|INFO|Microsoft.Hosting.Lifetime|Application started. Press Ctrl+C to shut down. |url: |action: 
2024-07-23 21:58:05.1007|0|INFO|Microsoft.Hosting.Lifetime|Hosting environment: Development |url: |action: 
2024-07-23 21:58:05.1007|0|INFO|Microsoft.Hosting.Lifetime|Content root path: C:\Users\junya\source\repos\UserRegistration\UserRegistration |url: |action: 
2024-07-23 21:58:22.5686|1|DEBUG|UserRegistration.Controllers.AccountController|NLog injected into InfoController |url: https://localhost/Account/Registration|action: Register
2024-07-23 21:58:30.7146|1|DEBUG|UserRegistration.Controllers.AccountController|NLog injected into InfoController |url: https://localhost/Account/Registration|action: Register
2024-07-23 21:58:35.6731|1|DEBUG|UserRegistration.Controllers.AccountController|NLog injected into InfoController |url: https://localhost/Account/Registration|action: Register
2024-07-23 21:58:36.2169|0|INFO|DataSource.UserRepository|User: junya222 has been added |url: https://localhost/Account/Registration|action: Register
2024-07-23 21:58:36.2169|0|INFO|Service.UserService|User: junya222 registered successfully |url: https://localhost/Account/Registration|action: Register
2024-07-23 21:58:39.9973|1|DEBUG|UserRegistration.Controllers.AccountController|NLog injected into InfoController |url: https://localhost/Account/Login|action: Login
2024-07-23 22:03:38.6492|1|DEBUG|UserRegistration.Controllers.AccountController|NLog injected into InfoController |url: https://localhost/Account/Registration|action: Register
2024-07-23 22:44:53.8333|0|DEBUG|UserRegistration.Program|init main |url: |action: 
2024-07-23 22:44:54.8303|14|INFO|Microsoft.Hosting.Lifetime|Now listening on: https://localhost:7087 |url: |action: 
2024-07-23 22:44:54.8353|14|INFO|Microsoft.Hosting.Lifetime|Now listening on: http://localhost:5141 |url: |action: 
2024-07-23 22:44:54.8353|0|INFO|Microsoft.Hosting.Lifetime|Application started. Press Ctrl+C to shut down. |url: |action: 
2024-07-23 22:44:54.8353|0|INFO|Microsoft.Hosting.Lifetime|Hosting environment: Development |url: |action: 
2024-07-23 22:44:54.8353|0|INFO|Microsoft.Hosting.Lifetime|Content root path: C:\Users\junya\source\repos\UserRegistration\UserRegistration |url: |action: 
2024-07-23 22:44:58.3970|1|DEBUG|UserRegistration.Controllers.AccountController|NLog injected into InfoController |url: https://localhost/Account/Registration|action: Register
2024-07-23 22:45:00.6917|1|DEBUG|UserRegistration.Controllers.AccountController|NLog injected into InfoController |url: https://localhost/Account/Registration|action: Register
2024-07-23 22:48:58.8958|0|DEBUG|UserRegistration.Program|init main |url: |action: 
2024-07-23 22:49:00.0682|14|INFO|Microsoft.Hosting.Lifetime|Now listening on: https://localhost:7087 |url: |action: 
2024-07-23 22:49:00.0682|14|INFO|Microsoft.Hosting.Lifetime|Now listening on: http://localhost:5141 |url: |action: 
2024-07-23 22:49:00.0682|0|INFO|Microsoft.Hosting.Lifetime|Application started. Press Ctrl+C to shut down. |url: |action: 
2024-07-23 22:49:00.0838|0|INFO|Microsoft.Hosting.Lifetime|Hosting environment: Development |url: |action: 
2024-07-23 22:49:00.0838|0|INFO|Microsoft.Hosting.Lifetime|Content root path: C:\Users\junya\source\repos\UserRegistration\UserRegistration |url: |action: 
2024-07-23 22:49:03.2238|1|DEBUG|UserRegistration.Controllers.AccountController|NLog injected into InfoController |url: https://localhost/Account/login|action: Login
2024-07-23 22:52:45.2648|0|DEBUG|UserRegistration.Program|init main |url: |action: 
2024-07-23 22:52:46.1027|14|INFO|Microsoft.Hosting.Lifetime|Now listening on: https://localhost:7087 |url: |action: 
2024-07-23 22:52:46.1027|14|INFO|Microsoft.Hosting.Lifetime|Now listening on: http://localhost:5141 |url: |action: 
2024-07-23 22:52:46.1193|0|INFO|Microsoft.Hosting.Lifetime|Application started. Press Ctrl+C to shut down. |url: |action: 
2024-07-23 22:52:46.1193|0|INFO|Microsoft.Hosting.Lifetime|Hosting environment: Development |url: |action: 
2024-07-23 22:52:46.1193|0|INFO|Microsoft.Hosting.Lifetime|Content root path: C:\Users\junya\source\repos\UserRegistration\UserRegistration |url: |action: 
2024-07-23 22:52:50.0845|1|DEBUG|UserRegistration.Controllers.AccountController|NLog injected into InfoController |url: https://localhost/Account/register|action: Register
2024-07-23 22:52:50.1024|3|ERROR|Microsoft.AspNetCore.Mvc.ViewFeatures.ViewResultExecutor|The view 'index' was not found. Searched locations: /Views/Account/index.cshtml, /Views/Shared/index.cshtml |url: https://localhost/Account/register|action: Register
2024-07-23 22:52:50.1024|1|ERROR|Microsoft.AspNetCore.Diagnostics.DeveloperExceptionPageMiddleware|An unhandled exception has occurred while executing the request. System.InvalidOperationException: The view 'index' was not found. The following locations were searched:
/Views/Account/index.cshtml
/Views/Shared/index.cshtml
   at Microsoft.AspNetCore.Mvc.ViewEngines.ViewEngineResult.EnsureSuccessful(IEnumerable`1 originalLocations)
   at Microsoft.AspNetCore.Mvc.ViewFeatures.ViewResultExecutor.ExecuteAsync(ActionContext context, ViewResult result)
   at Microsoft.AspNetCore.Mvc.ViewResult.ExecuteResultAsync(ActionContext context)
   at Microsoft.AspNetCore.Mvc.Infrastructure.ResourceInvoker.<InvokeNextResultFilterAsync>g__Awaited|30_0[TFilter,TFilterAsync](ResourceInvoker invoker, Task lastTask, State next, Scope scope, Object state, Boolean isCompleted)
   at Microsoft.AspNetCore.Mvc.Infrastructure.ResourceInvoker.Rethrow(ResultExecutedContextSealed context)
   at Microsoft.AspNetCore.Mvc.Infrastructure.ResourceInvoker.ResultNext[TFilter,TFilterAsync](State& next, Scope& scope, Object& state, Boolean& isCompleted)
   at Microsoft.AspNetCore.Mvc.Infrastructure.ResourceInvoker.InvokeResultFilters()
--- End of stack trace from previous location ---
   at Microsoft.AspNetCore.Mvc.Infrastructure.ResourceInvoker.<InvokeNextResourceFilter>g__Awaited|25_0(ResourceInvoker invoker, Task lastTask, State next, Scope scope, Object state, Boolean isCompleted)
   at Microsoft.AspNetCore.Mvc.Infrastructure.ResourceInvoker.Rethrow(ResourceExecutedContextSealed context)
   at Microsoft.AspNetCore.Mvc.Infrastructure.ResourceInvoker.Next(State& next, Scope& scope, Object& state, Boolean& isCompleted)
   at Microsoft.AspNetCore.Mvc.Infrastructure.ResourceInvoker.InvokeFilterPipelineAsync()
--- End of stack trace from previous location ---
   at Microsoft.AspNetCore.Mvc.Infrastructure.ResourceInvoker.<InvokeAsync>g__Awaited|17_0(ResourceInvoker invoker, Task task, IDisposable scope)
   at Microsoft.AspNetCore.Mvc.Infrastructure.ResourceInvoker.<InvokeAsync>g__Awaited|17_0(ResourceInvoker invoker, Task task, IDisposable scope)
   at Microsoft.AspNetCore.Authorization.AuthorizationMiddleware.Invoke(HttpContext context)
   at Microsoft.AspNetCore.Authentication.AuthenticationMiddleware.Invoke(HttpContext context)
   at Microsoft.AspNetCore.Diagnostics.DeveloperExceptionPageMiddlewareImpl.Invoke(HttpContext context)|url: https://localhost/Account/register|action: Register
2024-07-23 22:53:57.8342|0|DEBUG|UserRegistration.Program|init main |url: |action: 
2024-07-23 22:53:58.9486|14|INFO|Microsoft.Hosting.Lifetime|Now listening on: https://localhost:7087 |url: |action: 
2024-07-23 22:53:58.9590|14|INFO|Microsoft.Hosting.Lifetime|Now listening on: http://localhost:5141 |url: |action: 
2024-07-23 22:53:58.9590|0|INFO|Microsoft.Hosting.Lifetime|Application started. Press Ctrl+C to shut down. |url: |action: 
2024-07-23 22:53:58.9590|0|INFO|Microsoft.Hosting.Lifetime|Hosting environment: Development |url: |action: 
2024-07-23 22:53:58.9590|0|INFO|Microsoft.Hosting.Lifetime|Content root path: C:\Users\junya\source\repos\UserRegistration\UserRegistration |url: |action: 
2024-07-23 22:54:01.1303|1|DEBUG|UserRegistration.Controllers.AccountController|NLog injected into InfoController |url: https://localhost/Account/register|action: Register
2024-07-23 22:54:01.1303|3|ERROR|Microsoft.AspNetCore.Mvc.ViewFeatures.ViewResultExecutor|The view 'index' was not found. Searched locations: /Views/Account/index.cshtml, /Views/Shared/index.cshtml |url: https://localhost/Account/register|action: Register
2024-07-23 22:54:01.1520|1|ERROR|Microsoft.AspNetCore.Diagnostics.DeveloperExceptionPageMiddleware|An unhandled exception has occurred while executing the request. System.InvalidOperationException: The view 'index' was not found. The following locations were searched:
/Views/Account/index.cshtml
/Views/Shared/index.cshtml
   at Microsoft.AspNetCore.Mvc.ViewEngines.ViewEngineResult.EnsureSuccessful(IEnumerable`1 originalLocations)
   at Microsoft.AspNetCore.Mvc.ViewFeatures.ViewResultExecutor.ExecuteAsync(ActionContext context, ViewResult result)
   at Microsoft.AspNetCore.Mvc.ViewResult.ExecuteResultAsync(ActionContext context)
   at Microsoft.AspNetCore.Mvc.Infrastructure.ResourceInvoker.<InvokeNextResultFilterAsync>g__Awaited|30_0[TFilter,TFilterAsync](ResourceInvoker invoker, Task lastTask, State next, Scope scope, Object state, Boolean isCompleted)
   at Microsoft.AspNetCore.Mvc.Infrastructure.ResourceInvoker.Rethrow(ResultExecutedContextSealed context)
   at Microsoft.AspNetCore.Mvc.Infrastructure.ResourceInvoker.ResultNext[TFilter,TFilterAsync](State& next, Scope& scope, Object& state, Boolean& isCompleted)
   at Microsoft.AspNetCore.Mvc.Infrastructure.ResourceInvoker.InvokeResultFilters()
--- End of stack trace from previous location ---
   at Microsoft.AspNetCore.Mvc.Infrastructure.ResourceInvoker.<InvokeNextResourceFilter>g__Awaited|25_0(ResourceInvoker invoker, Task lastTask, State next, Scope scope, Object state, Boolean isCompleted)
   at Microsoft.AspNetCore.Mvc.Infrastructure.ResourceInvoker.Rethrow(ResourceExecutedContextSealed context)
   at Microsoft.AspNetCore.Mvc.Infrastructure.ResourceInvoker.Next(State& next, Scope& scope, Object& state, Boolean& isCompleted)
   at Microsoft.AspNetCore.Mvc.Infrastructure.ResourceInvoker.InvokeFilterPipelineAsync()
--- End of stack trace from previous location ---
   at Microsoft.AspNetCore.Mvc.Infrastructure.ResourceInvoker.<InvokeAsync>g__Awaited|17_0(ResourceInvoker invoker, Task task, IDisposable scope)
   at Microsoft.AspNetCore.Mvc.Infrastructure.ResourceInvoker.<InvokeAsync>g__Awaited|17_0(ResourceInvoker invoker, Task task, IDisposable scope)
   at Microsoft.AspNetCore.Authorization.AuthorizationMiddleware.Invoke(HttpContext context)
   at Microsoft.AspNetCore.Authentication.AuthenticationMiddleware.Invoke(HttpContext context)
   at Microsoft.AspNetCore.Diagnostics.DeveloperExceptionPageMiddlewareImpl.Invoke(HttpContext context)|url: https://localhost/Account/register|action: Register
2024-07-23 23:05:23.1145|0|DEBUG|UserRegistration.Program|init main |url: |action: 
2024-07-23 23:05:24.0933|14|INFO|Microsoft.Hosting.Lifetime|Now listening on: https://localhost:7087 |url: |action: 
2024-07-23 23:05:24.0994|14|INFO|Microsoft.Hosting.Lifetime|Now listening on: http://localhost:5141 |url: |action: 
2024-07-23 23:05:24.0994|0|INFO|Microsoft.Hosting.Lifetime|Application started. Press Ctrl+C to shut down. |url: |action: 
2024-07-23 23:05:24.0994|0|INFO|Microsoft.Hosting.Lifetime|Hosting environment: Development |url: |action: 
2024-07-23 23:05:24.0994|0|INFO|Microsoft.Hosting.Lifetime|Content root path: C:\Users\junya\source\repos\UserRegistration\UserRegistration |url: |action: 
2024-07-23 23:05:38.7143|0|DEBUG|UserRegistration.Program|init main |url: |action: 
2024-07-23 23:05:40.0612|14|INFO|Microsoft.Hosting.Lifetime|Now listening on: https://localhost:7087 |url: |action: 
2024-07-23 23:05:40.1421|14|INFO|Microsoft.Hosting.Lifetime|Now listening on: http://localhost:5141 |url: |action: 
2024-07-23 23:05:40.1458|0|INFO|Microsoft.Hosting.Lifetime|Application started. Press Ctrl+C to shut down. |url: |action: 
2024-07-23 23:05:40.1613|0|INFO|Microsoft.Hosting.Lifetime|Hosting environment: Development |url: |action: 
2024-07-23 23:05:40.1613|0|INFO|Microsoft.Hosting.Lifetime|Content root path: C:\Users\junya\source\repos\UserRegistration\UserRegistration |url: |action: 
2024-07-23 23:06:44.6302|0|DEBUG|UserRegistration.Program|init main |url: |action: 
2024-07-23 23:06:45.4512|14|INFO|Microsoft.Hosting.Lifetime|Now listening on: https://localhost:7087 |url: |action: 
2024-07-23 23:06:45.4586|14|INFO|Microsoft.Hosting.Lifetime|Now listening on: http://localhost:5141 |url: |action: 
2024-07-23 23:06:45.4586|0|INFO|Microsoft.Hosting.Lifetime|Application started. Press Ctrl+C to shut down. |url: |action: 
2024-07-23 23:06:45.4586|0|INFO|Microsoft.Hosting.Lifetime|Hosting environment: Development |url: |action: 
2024-07-23 23:06:45.4586|0|INFO|Microsoft.Hosting.Lifetime|Content root path: C:\Users\junya\source\repos\UserRegistration\UserRegistration |url: |action: 
2024-07-23 23:06:49.9897|1|DEBUG|UserRegistration.Controllers.AccountController|NLog injected into InfoController |url: https://localhost/Account/register|action: Register
2024-07-23 23:06:49.9897|3|ERROR|Microsoft.AspNetCore.Mvc.ViewFeatures.ViewResultExecutor|The view 'index' was not found. Searched locations: /Views/Account/index.cshtml, /Views/Shared/index.cshtml |url: https://localhost/Account/register|action: Register
2024-07-23 23:06:50.0100|1|ERROR|Microsoft.AspNetCore.Diagnostics.DeveloperExceptionPageMiddleware|An unhandled exception has occurred while executing the request. System.InvalidOperationException: The view 'index' was not found. The following locations were searched:
/Views/Account/index.cshtml
/Views/Shared/index.cshtml
   at Microsoft.AspNetCore.Mvc.ViewEngines.ViewEngineResult.EnsureSuccessful(IEnumerable`1 originalLocations)
   at Microsoft.AspNetCore.Mvc.ViewFeatures.ViewResultExecutor.ExecuteAsync(ActionContext context, ViewResult result)
   at Microsoft.AspNetCore.Mvc.ViewResult.ExecuteResultAsync(ActionContext context)
   at Microsoft.AspNetCore.Mvc.Infrastructure.ResourceInvoker.<InvokeNextResultFilterAsync>g__Awaited|30_0[TFilter,TFilterAsync](ResourceInvoker invoker, Task lastTask, State next, Scope scope, Object state, Boolean isCompleted)
   at Microsoft.AspNetCore.Mvc.Infrastructure.ResourceInvoker.Rethrow(ResultExecutedContextSealed context)
   at Microsoft.AspNetCore.Mvc.Infrastructure.ResourceInvoker.ResultNext[TFilter,TFilterAsync](State& next, Scope& scope, Object& state, Boolean& isCompleted)
   at Microsoft.AspNetCore.Mvc.Infrastructure.ResourceInvoker.InvokeResultFilters()
--- End of stack trace from previous location ---
   at Microsoft.AspNetCore.Mvc.Infrastructure.ResourceInvoker.<InvokeNextResourceFilter>g__Awaited|25_0(ResourceInvoker invoker, Task lastTask, State next, Scope scope, Object state, Boolean isCompleted)
   at Microsoft.AspNetCore.Mvc.Infrastructure.ResourceInvoker.Rethrow(ResourceExecutedContextSealed context)
   at Microsoft.AspNetCore.Mvc.Infrastructure.ResourceInvoker.Next(State& next, Scope& scope, Object& state, Boolean& isCompleted)
   at Microsoft.AspNetCore.Mvc.Infrastructure.ResourceInvoker.InvokeFilterPipelineAsync()
--- End of stack trace from previous location ---
   at Microsoft.AspNetCore.Mvc.Infrastructure.ResourceInvoker.<InvokeAsync>g__Awaited|17_0(ResourceInvoker invoker, Task task, IDisposable scope)
   at Microsoft.AspNetCore.Mvc.Infrastructure.ResourceInvoker.<InvokeAsync>g__Awaited|17_0(ResourceInvoker invoker, Task task, IDisposable scope)
   at Microsoft.AspNetCore.Authorization.AuthorizationMiddleware.Invoke(HttpContext context)
   at Microsoft.AspNetCore.Authentication.AuthenticationMiddleware.Invoke(HttpContext context)
   at Microsoft.AspNetCore.Diagnostics.DeveloperExceptionPageMiddlewareImpl.Invoke(HttpContext context)|url: https://localhost/Account/register|action: Register
2024-07-23 23:06:51.6926|1|DEBUG|UserRegistration.Controllers.AccountController|NLog injected into InfoController |url: https://localhost/Account/login|action: Login
2024-07-23 23:20:54.4649|0|DEBUG|UserRegistration.Program|init main |url: |action: 
2024-07-23 23:20:55.4513|14|INFO|Microsoft.Hosting.Lifetime|Now listening on: https://localhost:7087 |url: |action: 
2024-07-23 23:20:55.4599|14|INFO|Microsoft.Hosting.Lifetime|Now listening on: http://localhost:5141 |url: |action: 
2024-07-23 23:20:55.4599|0|INFO|Microsoft.Hosting.Lifetime|Application started. Press Ctrl+C to shut down. |url: |action: 
2024-07-23 23:20:55.4599|0|INFO|Microsoft.Hosting.Lifetime|Hosting environment: Development |url: |action: 
2024-07-23 23:20:55.4599|0|INFO|Microsoft.Hosting.Lifetime|Content root path: C:\Users\junya\source\repos\UserRegistration\UserRegistration |url: |action: 
2024-07-23 23:20:58.5838|1|DEBUG|UserRegistration.Controllers.AccountController|NLog injected into InfoController |url: https://localhost/Account/login|action: Login
2024-07-23 23:22:38.3548|0|DEBUG|UserRegistration.Program|init main |url: |action: 
2024-07-23 23:22:39.4238|14|INFO|Microsoft.Hosting.Lifetime|Now listening on: https://localhost:7087 |url: |action: 
2024-07-23 23:22:39.4306|14|INFO|Microsoft.Hosting.Lifetime|Now listening on: http://localhost:5141 |url: |action: 
2024-07-23 23:22:39.4306|0|INFO|Microsoft.Hosting.Lifetime|Application started. Press Ctrl+C to shut down. |url: |action: 
2024-07-23 23:22:39.4306|0|INFO|Microsoft.Hosting.Lifetime|Hosting environment: Development |url: |action: 
2024-07-23 23:22:39.4306|0|INFO|Microsoft.Hosting.Lifetime|Content root path: C:\Users\junya\source\repos\UserRegistration\UserRegistration |url: |action: 
2024-07-23 23:22:41.9121|1|DEBUG|UserRegistration.Controllers.AccountController|NLog injected into InfoController |url: https://localhost/Account/register|action: Register
2024-07-23 23:22:41.9121|3|ERROR|Microsoft.AspNetCore.Mvc.ViewFeatures.ViewResultExecutor|The view 'index' was not found. Searched locations: /Views/Account/index.cshtml, /Views/Shared/index.cshtml |url: https://localhost/Account/register|action: Register
2024-07-23 23:22:41.9310|1|ERROR|Microsoft.AspNetCore.Diagnostics.DeveloperExceptionPageMiddleware|An unhandled exception has occurred while executing the request. System.InvalidOperationException: The view 'index' was not found. The following locations were searched:
/Views/Account/index.cshtml
/Views/Shared/index.cshtml
   at Microsoft.AspNetCore.Mvc.ViewEngines.ViewEngineResult.EnsureSuccessful(IEnumerable`1 originalLocations)
   at Microsoft.AspNetCore.Mvc.ViewFeatures.ViewResultExecutor.ExecuteAsync(ActionContext context, ViewResult result)
   at Microsoft.AspNetCore.Mvc.ViewResult.ExecuteResultAsync(ActionContext context)
   at Microsoft.AspNetCore.Mvc.Infrastructure.ResourceInvoker.<InvokeNextResultFilterAsync>g__Awaited|30_0[TFilter,TFilterAsync](ResourceInvoker invoker, Task lastTask, State next, Scope scope, Object state, Boolean isCompleted)
   at Microsoft.AspNetCore.Mvc.Infrastructure.ResourceInvoker.Rethrow(ResultExecutedContextSealed context)
   at Microsoft.AspNetCore.Mvc.Infrastructure.ResourceInvoker.ResultNext[TFilter,TFilterAsync](State& next, Scope& scope, Object& state, Boolean& isCompleted)
   at Microsoft.AspNetCore.Mvc.Infrastructure.ResourceInvoker.InvokeResultFilters()
--- End of stack trace from previous location ---
   at Microsoft.AspNetCore.Mvc.Infrastructure.ResourceInvoker.<InvokeNextResourceFilter>g__Awaited|25_0(ResourceInvoker invoker, Task lastTask, State next, Scope scope, Object state, Boolean isCompleted)
   at Microsoft.AspNetCore.Mvc.Infrastructure.ResourceInvoker.Rethrow(ResourceExecutedContextSealed context)
   at Microsoft.AspNetCore.Mvc.Infrastructure.ResourceInvoker.Next(State& next, Scope& scope, Object& state, Boolean& isCompleted)
   at Microsoft.AspNetCore.Mvc.Infrastructure.ResourceInvoker.InvokeFilterPipelineAsync()
--- End of stack trace from previous location ---
   at Microsoft.AspNetCore.Mvc.Infrastructure.ResourceInvoker.<InvokeAsync>g__Awaited|17_0(ResourceInvoker invoker, Task task, IDisposable scope)
   at Microsoft.AspNetCore.Mvc.Infrastructure.ResourceInvoker.<InvokeAsync>g__Awaited|17_0(ResourceInvoker invoker, Task task, IDisposable scope)
   at Microsoft.AspNetCore.Authorization.AuthorizationMiddleware.Invoke(HttpContext context)
   at Microsoft.AspNetCore.Authentication.AuthenticationMiddleware.Invoke(HttpContext context)
   at Microsoft.AspNetCore.Diagnostics.DeveloperExceptionPageMiddlewareImpl.Invoke(HttpContext context)|url: https://localhost/Account/register|action: Register
2024-07-23 23:23:48.4580|0|DEBUG|UserRegistration.Program|init main |url: |action: 
2024-07-23 23:23:49.4585|14|INFO|Microsoft.Hosting.Lifetime|Now listening on: https://localhost:7087 |url: |action: 
2024-07-23 23:23:49.4656|14|INFO|Microsoft.Hosting.Lifetime|Now listening on: http://localhost:5141 |url: |action: 
2024-07-23 23:23:49.4656|0|INFO|Microsoft.Hosting.Lifetime|Application started. Press Ctrl+C to shut down. |url: |action: 
2024-07-23 23:23:49.4736|0|INFO|Microsoft.Hosting.Lifetime|Hosting environment: Development |url: |action: 
2024-07-23 23:23:49.4736|0|INFO|Microsoft.Hosting.Lifetime|Content root path: C:\Users\junya\source\repos\UserRegistration\UserRegistration |url: |action: 
2024-07-23 23:23:51.0368|1|DEBUG|UserRegistration.Controllers.AccountController|NLog injected into InfoController |url: https://localhost/Account/register|action: Register
2024-07-23 23:23:51.0521|3|ERROR|Microsoft.AspNetCore.Mvc.ViewFeatures.ViewResultExecutor|The view 'index' was not found. Searched locations: /Views/Account/index.cshtml, /Views/Shared/index.cshtml |url: https://localhost/Account/register|action: Register
2024-07-23 23:23:51.0521|1|ERROR|Microsoft.AspNetCore.Diagnostics.DeveloperExceptionPageMiddleware|An unhandled exception has occurred while executing the request. System.InvalidOperationException: The view 'index' was not found. The following locations were searched:
/Views/Account/index.cshtml
/Views/Shared/index.cshtml
   at Microsoft.AspNetCore.Mvc.ViewEngines.ViewEngineResult.EnsureSuccessful(IEnumerable`1 originalLocations)
   at Microsoft.AspNetCore.Mvc.ViewFeatures.ViewResultExecutor.ExecuteAsync(ActionContext context, ViewResult result)
   at Microsoft.AspNetCore.Mvc.ViewResult.ExecuteResultAsync(ActionContext context)
   at Microsoft.AspNetCore.Mvc.Infrastructure.ResourceInvoker.<InvokeNextResultFilterAsync>g__Awaited|30_0[TFilter,TFilterAsync](ResourceInvoker invoker, Task lastTask, State next, Scope scope, Object state, Boolean isCompleted)
   at Microsoft.AspNetCore.Mvc.Infrastructure.ResourceInvoker.Rethrow(ResultExecutedContextSealed context)
   at Microsoft.AspNetCore.Mvc.Infrastructure.ResourceInvoker.ResultNext[TFilter,TFilterAsync](State& next, Scope& scope, Object& state, Boolean& isCompleted)
   at Microsoft.AspNetCore.Mvc.Infrastructure.ResourceInvoker.InvokeResultFilters()
--- End of stack trace from previous location ---
   at Microsoft.AspNetCore.Mvc.Infrastructure.ResourceInvoker.<InvokeNextResourceFilter>g__Awaited|25_0(ResourceInvoker invoker, Task lastTask, State next, Scope scope, Object state, Boolean isCompleted)
   at Microsoft.AspNetCore.Mvc.Infrastructure.ResourceInvoker.Rethrow(ResourceExecutedContextSealed context)
   at Microsoft.AspNetCore.Mvc.Infrastructure.ResourceInvoker.Next(State& next, Scope& scope, Object& state, Boolean& isCompleted)
   at Microsoft.AspNetCore.Mvc.Infrastructure.ResourceInvoker.InvokeFilterPipelineAsync()
--- End of stack trace from previous location ---
   at Microsoft.AspNetCore.Mvc.Infrastructure.ResourceInvoker.<InvokeAsync>g__Awaited|17_0(ResourceInvoker invoker, Task task, IDisposable scope)
   at Microsoft.AspNetCore.Mvc.Infrastructure.ResourceInvoker.<InvokeAsync>g__Awaited|17_0(ResourceInvoker invoker, Task task, IDisposable scope)
   at Microsoft.AspNetCore.Authorization.AuthorizationMiddleware.Invoke(HttpContext context)
   at Microsoft.AspNetCore.Authentication.AuthenticationMiddleware.Invoke(HttpContext context)
   at Microsoft.AspNetCore.Diagnostics.DeveloperExceptionPageMiddlewareImpl.Invoke(HttpContext context)|url: https://localhost/Account/register|action: Register
2024-07-23 23:24:00.0827|1|DEBUG|UserRegistration.Controllers.AccountController|NLog injected into InfoController |url: https://localhost/Account/register|action: Register
2024-07-23 23:24:18.0680|1|DEBUG|UserRegistration.Controllers.AccountController|NLog injected into InfoController |url: https://localhost/Account/register|action: Register
2024-07-23 23:24:32.7176|1|DEBUG|UserRegistration.Controllers.AccountController|NLog injected into InfoController |url: https://localhost/Account/register|action: Register
2024-07-23 23:24:42.1041|1|DEBUG|UserRegistration.Controllers.AccountController|NLog injected into InfoController |url: https://localhost/Account/register|action: Register
2024-07-23 23:25:24.9153|1|DEBUG|UserRegistration.Controllers.AccountController|NLog injected into InfoController |url: https://localhost/Account/register|action: Register
2024-07-23 23:26:07.7402|0|DEBUG|UserRegistration.Program|init main |url: |action: 
2024-07-23 23:26:08.7247|14|INFO|Microsoft.Hosting.Lifetime|Now listening on: https://localhost:7087 |url: |action: 
2024-07-23 23:26:08.7247|14|INFO|Microsoft.Hosting.Lifetime|Now listening on: http://localhost:5141 |url: |action: 
2024-07-23 23:26:08.7247|0|INFO|Microsoft.Hosting.Lifetime|Application started. Press Ctrl+C to shut down. |url: |action: 
2024-07-23 23:26:08.7408|0|INFO|Microsoft.Hosting.Lifetime|Hosting environment: Development |url: |action: 
2024-07-23 23:26:08.7408|0|INFO|Microsoft.Hosting.Lifetime|Content root path: C:\Users\junya\source\repos\UserRegistration\UserRegistration |url: |action: 
2024-07-23 23:26:10.0207|1|DEBUG|UserRegistration.Controllers.AccountController|NLog injected into InfoController |url: https://localhost/Account/register|action: Register
2024-07-23 23:26:10.0362|3|ERROR|Microsoft.AspNetCore.Mvc.ViewFeatures.ViewResultExecutor|The view 'index' was not found. Searched locations: /Views/Account/index.cshtml, /Views/Shared/index.cshtml |url: https://localhost/Account/register|action: Register
2024-07-23 23:26:10.0362|1|ERROR|Microsoft.AspNetCore.Diagnostics.DeveloperExceptionPageMiddleware|An unhandled exception has occurred while executing the request. System.InvalidOperationException: The view 'index' was not found. The following locations were searched:
/Views/Account/index.cshtml
/Views/Shared/index.cshtml
   at Microsoft.AspNetCore.Mvc.ViewEngines.ViewEngineResult.EnsureSuccessful(IEnumerable`1 originalLocations)
   at Microsoft.AspNetCore.Mvc.ViewFeatures.ViewResultExecutor.ExecuteAsync(ActionContext context, ViewResult result)
   at Microsoft.AspNetCore.Mvc.ViewResult.ExecuteResultAsync(ActionContext context)
   at Microsoft.AspNetCore.Mvc.Infrastructure.ResourceInvoker.<InvokeNextResultFilterAsync>g__Awaited|30_0[TFilter,TFilterAsync](ResourceInvoker invoker, Task lastTask, State next, Scope scope, Object state, Boolean isCompleted)
   at Microsoft.AspNetCore.Mvc.Infrastructure.ResourceInvoker.Rethrow(ResultExecutedContextSealed context)
   at Microsoft.AspNetCore.Mvc.Infrastructure.ResourceInvoker.ResultNext[TFilter,TFilterAsync](State& next, Scope& scope, Object& state, Boolean& isCompleted)
   at Microsoft.AspNetCore.Mvc.Infrastructure.ResourceInvoker.InvokeResultFilters()
--- End of stack trace from previous location ---
   at Microsoft.AspNetCore.Mvc.Infrastructure.ResourceInvoker.<InvokeNextResourceFilter>g__Awaited|25_0(ResourceInvoker invoker, Task lastTask, State next, Scope scope, Object state, Boolean isCompleted)
   at Microsoft.AspNetCore.Mvc.Infrastructure.ResourceInvoker.Rethrow(ResourceExecutedContextSealed context)
   at Microsoft.AspNetCore.Mvc.Infrastructure.ResourceInvoker.Next(State& next, Scope& scope, Object& state, Boolean& isCompleted)
   at Microsoft.AspNetCore.Mvc.Infrastructure.ResourceInvoker.InvokeFilterPipelineAsync()
--- End of stack trace from previous location ---
   at Microsoft.AspNetCore.Mvc.Infrastructure.ResourceInvoker.<InvokeAsync>g__Awaited|17_0(ResourceInvoker invoker, Task task, IDisposable scope)
   at Microsoft.AspNetCore.Mvc.Infrastructure.ResourceInvoker.<InvokeAsync>g__Awaited|17_0(ResourceInvoker invoker, Task task, IDisposable scope)
   at Microsoft.AspNetCore.Authorization.AuthorizationMiddleware.Invoke(HttpContext context)
   at Microsoft.AspNetCore.Authentication.AuthenticationMiddleware.Invoke(HttpContext context)
   at Microsoft.AspNetCore.Diagnostics.DeveloperExceptionPageMiddlewareImpl.Invoke(HttpContext context)|url: https://localhost/Account/register|action: Register
2024-07-23 23:26:29.1146|1|DEBUG|UserRegistration.Controllers.AccountController|NLog injected into InfoController |url: https://localhost/Account/register|action: Register
2024-07-23 23:26:52.8814|0|INFO|DataSource.UserRepository|User: junyadsa has been added |url: https://localhost/Account/register|action: Register
2024-07-23 23:26:55.0261|0|INFO|Service.UserService|User: junyadsa registered successfully |url: https://localhost/Account/register|action: Register
2024-07-23 23:27:11.7519|1|DEBUG|UserRegistration.Controllers.AccountController|NLog injected into InfoController |url: https://localhost/Account/login|action: Login
2024-07-23 23:27:32.7766|1|DEBUG|UserRegistration.Controllers.AccountController|NLog injected into InfoController |url: https://localhost/Account/login|action: Login
2024-07-23 23:27:38.2565|0|DEBUG|UserRegistration.Program|init main |url: |action: 
2024-07-23 23:27:39.2658|14|INFO|Microsoft.Hosting.Lifetime|Now listening on: https://localhost:7087 |url: |action: 
2024-07-23 23:27:39.2719|14|INFO|Microsoft.Hosting.Lifetime|Now listening on: http://localhost:5141 |url: |action: 
2024-07-23 23:27:39.2719|0|INFO|Microsoft.Hosting.Lifetime|Application started. Press Ctrl+C to shut down. |url: |action: 
2024-07-23 23:27:39.2719|0|INFO|Microsoft.Hosting.Lifetime|Hosting environment: Development |url: |action: 
2024-07-23 23:27:39.2719|0|INFO|Microsoft.Hosting.Lifetime|Content root path: C:\Users\junya\source\repos\UserRegistration\UserRegistration |url: |action: 
2024-07-23 23:27:45.2865|1|DEBUG|UserRegistration.Controllers.AccountController|NLog injected into InfoController |url: https://localhost/Account/login|action: Login
