2024-07-22 22:32:30.0328|0|DEBUG|UserRegistration.Program|init main |url: |action: 
2024-07-22 22:32:31.0308|14|INFO|Microsoft.Hosting.Lifetime|Now listening on: https://localhost:7087 |url: |action: 
2024-07-22 22:32:31.0368|14|INFO|Microsoft.Hosting.Lifetime|Now listening on: http://localhost:5141 |url: |action: 
2024-07-22 22:32:31.0368|0|INFO|Microsoft.Hosting.Lifetime|Application started. Press Ctrl+C to shut down. |url: |action: 
2024-07-22 22:32:31.0368|0|INFO|Microsoft.Hosting.Lifetime|Hosting environment: Development |url: |action: 
2024-07-22 22:32:31.0368|0|INFO|Microsoft.Hosting.Lifetime|Content root path: C:\Users\junya\source\repos\UserRegistration\UserRegistration |url: |action: 
2024-07-22 22:34:09.9128|0|DEBUG|UserRegistration.Program|init main |url: |action: 
2024-07-22 22:34:10.6202|14|INFO|Microsoft.Hosting.Lifetime|Now listening on: https://localhost:7087 |url: |action: 
2024-07-22 22:34:10.6202|14|INFO|Microsoft.Hosting.Lifetime|Now listening on: http://localhost:5141 |url: |action: 
2024-07-22 22:34:10.6202|0|INFO|Microsoft.Hosting.Lifetime|Application started. Press Ctrl+C to shut down. |url: |action: 
2024-07-22 22:34:10.6202|0|INFO|Microsoft.Hosting.Lifetime|Hosting environment: Development |url: |action: 
2024-07-22 22:34:10.6305|0|INFO|Microsoft.Hosting.Lifetime|Content root path: C:\Users\junya\source\repos\UserRegistration\UserRegistration |url: |action: 
2024-07-22 22:42:14.1058|0|DEBUG|UserRegistration.Program|init main |url: |action: 
2024-07-22 22:42:15.1256|14|INFO|Microsoft.Hosting.Lifetime|Now listening on: https://localhost:7087 |url: |action: 
2024-07-22 22:42:15.1328|14|INFO|Microsoft.Hosting.Lifetime|Now listening on: http://localhost:5141 |url: |action: 
2024-07-22 22:42:15.1328|0|INFO|Microsoft.Hosting.Lifetime|Application started. Press Ctrl+C to shut down. |url: |action: 
2024-07-22 22:42:15.1328|0|INFO|Microsoft.Hosting.Lifetime|Hosting environment: Development |url: |action: 
2024-07-22 22:42:15.1328|0|INFO|Microsoft.Hosting.Lifetime|Content root path: C:\Users\junya\source\repos\UserRegistration\UserRegistration |url: |action: 
2024-07-22 22:43:40.0855|0|DEBUG|UserRegistration.Program|init main |url: |action: 
2024-07-22 22:43:40.8547|14|INFO|Microsoft.Hosting.Lifetime|Now listening on: https://localhost:7087 |url: |action: 
2024-07-22 22:43:40.8658|14|INFO|Microsoft.Hosting.Lifetime|Now listening on: http://localhost:5141 |url: |action: 
2024-07-22 22:43:40.8658|0|INFO|Microsoft.Hosting.Lifetime|Application started. Press Ctrl+C to shut down. |url: |action: 
2024-07-22 22:43:40.8658|0|INFO|Microsoft.Hosting.Lifetime|Hosting environment: Development |url: |action: 
2024-07-22 22:43:40.8658|0|INFO|Microsoft.Hosting.Lifetime|Content root path: C:\Users\junya\source\repos\UserRegistration\UserRegistration |url: |action: 
2024-07-22 22:50:39.2556|0|DEBUG|UserRegistration.Program|init main |url: |action: 
2024-07-22 22:50:40.2124|14|INFO|Microsoft.Hosting.Lifetime|Now listening on: https://localhost:7087 |url: |action: 
2024-07-22 22:50:40.2124|14|INFO|Microsoft.Hosting.Lifetime|Now listening on: http://localhost:5141 |url: |action: 
2024-07-22 22:50:40.2124|0|INFO|Microsoft.Hosting.Lifetime|Application started. Press Ctrl+C to shut down. |url: |action: 
2024-07-22 22:50:40.2124|0|INFO|Microsoft.Hosting.Lifetime|Hosting environment: Development |url: |action: 
2024-07-22 22:50:40.2244|0|INFO|Microsoft.Hosting.Lifetime|Content root path: C:\Users\junya\source\repos\UserRegistration\UserRegistration |url: |action: 
2024-07-22 22:52:07.5578|0|DEBUG|UserRegistration.Program|init main |url: |action: 
2024-07-22 22:52:08.6202|14|INFO|Microsoft.Hosting.Lifetime|Now listening on: https://localhost:7087 |url: |action: 
2024-07-22 22:52:08.6202|14|INFO|Microsoft.Hosting.Lifetime|Now listening on: http://localhost:5141 |url: |action: 
2024-07-22 22:52:08.6202|0|INFO|Microsoft.Hosting.Lifetime|Application started. Press Ctrl+C to shut down. |url: |action: 
2024-07-22 22:52:08.6300|0|INFO|Microsoft.Hosting.Lifetime|Hosting environment: Development |url: |action: 
2024-07-22 22:52:08.6300|0|INFO|Microsoft.Hosting.Lifetime|Content root path: C:\Users\junya\source\repos\UserRegistration\UserRegistration |url: |action: 
2024-07-22 22:52:58.4299|0|DEBUG|UserRegistration.Program|init main |url: |action: 
2024-07-22 22:52:59.2602|14|INFO|Microsoft.Hosting.Lifetime|Now listening on: https://localhost:7087 |url: |action: 
2024-07-22 22:52:59.2706|14|INFO|Microsoft.Hosting.Lifetime|Now listening on: http://localhost:5141 |url: |action: 
2024-07-22 22:52:59.2706|0|INFO|Microsoft.Hosting.Lifetime|Application started. Press Ctrl+C to shut down. |url: |action: 
2024-07-22 22:52:59.2706|0|INFO|Microsoft.Hosting.Lifetime|Hosting environment: Development |url: |action: 
2024-07-22 22:52:59.2706|0|INFO|Microsoft.Hosting.Lifetime|Content root path: C:\Users\junya\source\repos\UserRegistration\UserRegistration |url: |action: 
2024-07-22 22:53:32.5570|0|DEBUG|UserRegistration.Program|init main |url: |action: 
2024-07-22 22:53:33.2843|14|INFO|Microsoft.Hosting.Lifetime|Now listening on: https://localhost:7087 |url: |action: 
2024-07-22 22:53:33.2954|14|INFO|Microsoft.Hosting.Lifetime|Now listening on: http://localhost:5141 |url: |action: 
2024-07-22 22:53:33.3027|0|INFO|Microsoft.Hosting.Lifetime|Application started. Press Ctrl+C to shut down. |url: |action: 
2024-07-22 22:53:33.3027|0|INFO|Microsoft.Hosting.Lifetime|Hosting environment: Development |url: |action: 
2024-07-22 22:53:33.3027|0|INFO|Microsoft.Hosting.Lifetime|Content root path: C:\Users\junya\source\repos\UserRegistration\UserRegistration |url: |action: 
2024-07-22 22:54:19.2729|0|DEBUG|UserRegistration.Program|init main |url: |action: 
2024-07-22 22:54:19.9937|14|INFO|Microsoft.Hosting.Lifetime|Now listening on: https://localhost:7087 |url: |action: 
2024-07-22 22:54:19.9937|14|INFO|Microsoft.Hosting.Lifetime|Now listening on: http://localhost:5141 |url: |action: 
2024-07-22 22:54:19.9937|0|INFO|Microsoft.Hosting.Lifetime|Application started. Press Ctrl+C to shut down. |url: |action: 
2024-07-22 22:54:20.0056|0|INFO|Microsoft.Hosting.Lifetime|Hosting environment: Development |url: |action: 
2024-07-22 22:54:20.0056|0|INFO|Microsoft.Hosting.Lifetime|Content root path: C:\Users\junya\source\repos\UserRegistration\UserRegistration |url: |action: 
2024-07-22 22:54:51.0760|0|DEBUG|UserRegistration.Program|init main |url: |action: 
2024-07-22 22:55:25.9689|14|INFO|Microsoft.Hosting.Lifetime|Now listening on: https://localhost:7087 |url: |action: 
2024-07-22 22:55:25.9744|14|INFO|Microsoft.Hosting.Lifetime|Now listening on: http://localhost:5141 |url: |action: 
2024-07-22 22:55:25.9744|0|INFO|Microsoft.Hosting.Lifetime|Application started. Press Ctrl+C to shut down. |url: |action: 
2024-07-22 22:55:25.9744|0|INFO|Microsoft.Hosting.Lifetime|Hosting environment: Development |url: |action: 
2024-07-22 22:55:25.9744|0|INFO|Microsoft.Hosting.Lifetime|Content root path: C:\Users\junya\source\repos\UserRegistration\UserRegistration |url: |action: 
2024-07-22 22:56:23.0359|0|DEBUG|UserRegistration.Program|init main |url: |action: 
2024-07-22 22:56:30.8095|14|INFO|Microsoft.Hosting.Lifetime|Now listening on: https://localhost:7087 |url: |action: 
2024-07-22 22:56:30.8095|14|INFO|Microsoft.Hosting.Lifetime|Now listening on: http://localhost:5141 |url: |action: 
2024-07-22 22:56:30.8185|0|INFO|Microsoft.Hosting.Lifetime|Application started. Press Ctrl+C to shut down. |url: |action: 
2024-07-22 22:56:30.8185|0|INFO|Microsoft.Hosting.Lifetime|Hosting environment: Development |url: |action: 
2024-07-22 22:56:30.8185|0|INFO|Microsoft.Hosting.Lifetime|Content root path: C:\Users\junya\source\repos\UserRegistration\UserRegistration |url: |action: 
2024-07-22 22:57:22.2258|0|DEBUG|UserRegistration.Program|init main |url: |action: 
2024-07-22 22:57:22.9431|14|INFO|Microsoft.Hosting.Lifetime|Now listening on: https://localhost:7087 |url: |action: 
2024-07-22 22:57:22.9431|14|INFO|Microsoft.Hosting.Lifetime|Now listening on: http://localhost:5141 |url: |action: 
2024-07-22 22:57:22.9431|0|INFO|Microsoft.Hosting.Lifetime|Application started. Press Ctrl+C to shut down. |url: |action: 
2024-07-22 22:57:22.9431|0|INFO|Microsoft.Hosting.Lifetime|Hosting environment: Development |url: |action: 
2024-07-22 22:57:22.9431|0|INFO|Microsoft.Hosting.Lifetime|Content root path: C:\Users\junya\source\repos\UserRegistration\UserRegistration |url: |action: 
2024-07-22 22:58:16.9755|0|DEBUG|UserRegistration.Program|init main |url: |action: 
2024-07-22 22:58:17.7212|14|INFO|Microsoft.Hosting.Lifetime|Now listening on: https://localhost:7087 |url: |action: 
2024-07-22 22:58:17.7307|14|INFO|Microsoft.Hosting.Lifetime|Now listening on: http://localhost:5141 |url: |action: 
2024-07-22 22:58:17.7307|0|INFO|Microsoft.Hosting.Lifetime|Application started. Press Ctrl+C to shut down. |url: |action: 
2024-07-22 22:58:17.7307|0|INFO|Microsoft.Hosting.Lifetime|Hosting environment: Development |url: |action: 
2024-07-22 22:58:17.7307|0|INFO|Microsoft.Hosting.Lifetime|Content root path: C:\Users\junya\source\repos\UserRegistration\UserRegistration |url: |action: 
2024-07-22 22:59:46.2334|0|DEBUG|UserRegistration.Program|init main |url: |action: 
2024-07-22 22:59:47.0698|14|INFO|Microsoft.Hosting.Lifetime|Now listening on: https://localhost:7087 |url: |action: 
2024-07-22 22:59:47.0698|14|INFO|Microsoft.Hosting.Lifetime|Now listening on: http://localhost:5141 |url: |action: 
2024-07-22 22:59:47.0698|0|INFO|Microsoft.Hosting.Lifetime|Application started. Press Ctrl+C to shut down. |url: |action: 
2024-07-22 22:59:47.0698|0|INFO|Microsoft.Hosting.Lifetime|Hosting environment: Development |url: |action: 
2024-07-22 22:59:47.0698|0|INFO|Microsoft.Hosting.Lifetime|Content root path: C:\Users\junya\source\repos\UserRegistration\UserRegistration |url: |action: 
2024-07-22 22:59:52.4893|1|DEBUG|UserRegistration.Controllers.AccountController|NLog injected into InfoController |url: https://localhost/Account/registration|action: Register
2024-07-22 23:00:11.8946|1|DEBUG|UserRegistration.Controllers.AccountController|NLog injected into InfoController |url: https://localhost/Account/registration|action: Register
2024-07-22 23:00:29.5761|1|DEBUG|UserRegistration.Controllers.AccountController|NLog injected into InfoController |url: https://localhost/Account/registration|action: Register
2024-07-22 23:00:51.4314|1|DEBUG|UserRegistration.Controllers.AccountController|NLog injected into InfoController |url: https://localhost/Account/registration|action: Register
2024-07-22 23:00:53.8160|1|DEBUG|UserRegistration.Controllers.AccountController|NLog injected into InfoController |url: https://localhost/Account/registration|action: Register
2024-07-22 23:01:04.6331|0|DEBUG|UserRegistration.Program|init main |url: |action: 
2024-07-22 23:01:05.3606|14|INFO|Microsoft.Hosting.Lifetime|Now listening on: https://localhost:7087 |url: |action: 
2024-07-22 23:01:05.3668|14|INFO|Microsoft.Hosting.Lifetime|Now listening on: http://localhost:5141 |url: |action: 
2024-07-22 23:01:05.3668|0|INFO|Microsoft.Hosting.Lifetime|Application started. Press Ctrl+C to shut down. |url: |action: 
2024-07-22 23:01:05.3668|0|INFO|Microsoft.Hosting.Lifetime|Hosting environment: Development |url: |action: 
2024-07-22 23:01:05.3668|0|INFO|Microsoft.Hosting.Lifetime|Content root path: C:\Users\junya\source\repos\UserRegistration\UserRegistration |url: |action: 
2024-07-22 23:01:09.1323|1|DEBUG|UserRegistration.Controllers.AccountController|NLog injected into InfoController |url: https://localhost/Account/registration|action: Register
2024-07-22 23:01:17.1232|0|DEBUG|UserRegistration.Program|init main |url: |action: 
2024-07-22 23:01:17.8592|14|INFO|Microsoft.Hosting.Lifetime|Now listening on: https://localhost:7087 |url: |action: 
2024-07-22 23:01:17.8647|14|INFO|Microsoft.Hosting.Lifetime|Now listening on: http://localhost:5141 |url: |action: 
2024-07-22 23:01:17.8647|0|INFO|Microsoft.Hosting.Lifetime|Application started. Press Ctrl+C to shut down. |url: |action: 
2024-07-22 23:01:17.8647|0|INFO|Microsoft.Hosting.Lifetime|Hosting environment: Development |url: |action: 
2024-07-22 23:01:17.8647|0|INFO|Microsoft.Hosting.Lifetime|Content root path: C:\Users\junya\source\repos\UserRegistration\UserRegistration |url: |action: 
2024-07-22 23:01:24.0523|1|DEBUG|UserRegistration.Controllers.AccountController|NLog injected into InfoController |url: https://localhost/Account/registration|action: Register
2024-07-22 23:04:28.3808|0|DEBUG|UserRegistration.Program|init main |url: |action: 
2024-07-22 23:04:29.0758|14|INFO|Microsoft.Hosting.Lifetime|Now listening on: https://localhost:7087 |url: |action: 
2024-07-22 23:04:29.0758|14|INFO|Microsoft.Hosting.Lifetime|Now listening on: http://localhost:5141 |url: |action: 
2024-07-22 23:04:29.0842|0|INFO|Microsoft.Hosting.Lifetime|Application started. Press Ctrl+C to shut down. |url: |action: 
2024-07-22 23:04:29.0842|0|INFO|Microsoft.Hosting.Lifetime|Hosting environment: Development |url: |action: 
2024-07-22 23:04:29.0842|0|INFO|Microsoft.Hosting.Lifetime|Content root path: C:\Users\junya\source\repos\UserRegistration\UserRegistration |url: |action: 
2024-07-22 23:04:36.2783|1|DEBUG|UserRegistration.Controllers.AccountController|NLog injected into InfoController |url: https://localhost/Account/registration|action: Register
2024-07-22 23:04:45.4694|1|DEBUG|UserRegistration.Controllers.AccountController|NLog injected into InfoController |url: https://localhost/Account/registration|action: Register
2024-07-22 23:04:50.8194|1|DEBUG|UserRegistration.Controllers.AccountController|NLog injected into InfoController |url: https://localhost/Account/registration|action: Register
2024-07-22 23:04:54.0518|1|DEBUG|UserRegistration.Controllers.AccountController|NLog injected into InfoController |url: https://localhost/Account/registration|action: Register
2024-07-22 23:04:56.2241|1|DEBUG|UserRegistration.Controllers.AccountController|NLog injected into InfoController |url: https://localhost/Account/registration|action: Register
2024-07-22 23:05:07.9962|1|DEBUG|UserRegistration.Controllers.AccountController|NLog injected into InfoController |url: https://localhost/Account/registration|action: Register
2024-07-22 23:07:02.6459|0|DEBUG|UserRegistration.Program|init main |url: |action: 
2024-07-22 23:07:03.6818|14|INFO|Microsoft.Hosting.Lifetime|Now listening on: https://localhost:7087 |url: |action: 
2024-07-22 23:07:03.6951|14|INFO|Microsoft.Hosting.Lifetime|Now listening on: http://localhost:5141 |url: |action: 
2024-07-22 23:07:03.6951|0|INFO|Microsoft.Hosting.Lifetime|Application started. Press Ctrl+C to shut down. |url: |action: 
2024-07-22 23:07:03.6951|0|INFO|Microsoft.Hosting.Lifetime|Hosting environment: Development |url: |action: 
2024-07-22 23:07:03.6951|0|INFO|Microsoft.Hosting.Lifetime|Content root path: C:\Users\junya\source\repos\UserRegistration\UserRegistration |url: |action: 
2024-07-22 23:07:05.4433|1|DEBUG|UserRegistration.Controllers.AccountController|NLog injected into InfoController |url: https://localhost/Account/registration|action: Register
2024-07-22 23:10:01.5758|0|DEBUG|UserRegistration.Program|init main |url: |action: 
2024-07-22 23:10:02.2887|14|INFO|Microsoft.Hosting.Lifetime|Now listening on: https://localhost:7087 |url: |action: 
2024-07-22 23:10:02.2887|14|INFO|Microsoft.Hosting.Lifetime|Now listening on: http://localhost:5141 |url: |action: 
2024-07-22 23:10:02.2887|0|INFO|Microsoft.Hosting.Lifetime|Application started. Press Ctrl+C to shut down. |url: |action: 
2024-07-22 23:10:02.2887|0|INFO|Microsoft.Hosting.Lifetime|Hosting environment: Development |url: |action: 
2024-07-22 23:10:02.2887|0|INFO|Microsoft.Hosting.Lifetime|Content root path: C:\Users\junya\source\repos\UserRegistration\UserRegistration |url: |action: 
2024-07-22 23:10:35.0549|1|DEBUG|UserRegistration.Controllers.AccountController|NLog injected into InfoController |url: https://localhost/Account/Registration|action: Register
2024-07-22 23:11:29.3502|0|DEBUG|UserRegistration.Program|init main |url: |action: 
2024-07-22 23:11:30.3081|14|INFO|Microsoft.Hosting.Lifetime|Now listening on: https://localhost:7087 |url: |action: 
2024-07-22 23:11:30.3181|14|INFO|Microsoft.Hosting.Lifetime|Now listening on: http://localhost:5141 |url: |action: 
2024-07-22 23:11:30.3181|0|INFO|Microsoft.Hosting.Lifetime|Application started. Press Ctrl+C to shut down. |url: |action: 
2024-07-22 23:11:30.3181|0|INFO|Microsoft.Hosting.Lifetime|Hosting environment: Development |url: |action: 
2024-07-22 23:11:30.3181|0|INFO|Microsoft.Hosting.Lifetime|Content root path: C:\Users\junya\source\repos\UserRegistration\UserRegistration |url: |action: 
2024-07-22 23:11:36.1180|1|DEBUG|UserRegistration.Controllers.AccountController|NLog injected into InfoController |url: https://localhost/Account/Registration|action: Register
2024-07-22 23:12:03.5338|1|DEBUG|UserRegistration.Controllers.AccountController|NLog injected into InfoController |url: https://localhost/Account/Registration|action: Register
2024-07-22 23:12:04.0659|0|ERROR|DataSource.UserRepository|Error searching user in the database Npgsql.PostgresException (0x80004005): 42501: нет доступа к таблице userinfo
   at Npgsql.Internal.NpgsqlConnector.ReadMessageLong(Boolean async, DataRowLoadingMode dataRowLoadingMode, Boolean readingNotifications, Boolean isReadingPrependedMessage)
   at System.Runtime.CompilerServices.PoolingAsyncValueTaskMethodBuilder`1.StateMachineBox`1.System.Threading.Tasks.Sources.IValueTaskSource<TResult>.GetResult(Int16 token)
   at Npgsql.NpgsqlDataReader.NextResult(Boolean async, Boolean isConsuming, CancellationToken cancellationToken)
   at Npgsql.NpgsqlDataReader.NextResult(Boolean async, Boolean isConsuming, CancellationToken cancellationToken)
   at Npgsql.NpgsqlCommand.ExecuteReader(Boolean async, CommandBehavior behavior, CancellationToken cancellationToken)
   at Npgsql.NpgsqlCommand.ExecuteReader(Boolean async, CommandBehavior behavior, CancellationToken cancellationToken)
   at Npgsql.NpgsqlCommand.ExecuteScalar(Boolean async, CancellationToken cancellationToken)
   at Dapper.SqlMapper.ExecuteScalarImplAsync[T](IDbConnection cnn, CommandDefinition command) in /_/Dapper/SqlMapper.Async.cs:line 1241
   at DataSource.UserRepository.SearchByLoginAndValues(User user) in C:\Users\junya\source\repos\UserRegistration\DataSource\UserRepository.cs:line 61
  Exception data:
    Severity: ОШИБКА
    SqlState: 42501
    MessageText: нет доступа к таблице userinfo
    File: aclchk.c
    Line: 2809
    Routine: aclcheck_error|url: https://localhost/Account/Registration|action: Register
2024-07-22 23:12:04.2968|0|ERROR|Service.UserService|Failed to connect to the database Npgsql.PostgresException (0x80004005): 42501: нет доступа к таблице userinfo
   at Npgsql.Internal.NpgsqlConnector.ReadMessageLong(Boolean async, DataRowLoadingMode dataRowLoadingMode, Boolean readingNotifications, Boolean isReadingPrependedMessage)
   at System.Runtime.CompilerServices.PoolingAsyncValueTaskMethodBuilder`1.StateMachineBox`1.System.Threading.Tasks.Sources.IValueTaskSource<TResult>.GetResult(Int16 token)
   at Npgsql.NpgsqlDataReader.NextResult(Boolean async, Boolean isConsuming, CancellationToken cancellationToken)
   at Npgsql.NpgsqlDataReader.NextResult(Boolean async, Boolean isConsuming, CancellationToken cancellationToken)
   at Npgsql.NpgsqlCommand.ExecuteReader(Boolean async, CommandBehavior behavior, CancellationToken cancellationToken)
   at Npgsql.NpgsqlCommand.ExecuteReader(Boolean async, CommandBehavior behavior, CancellationToken cancellationToken)
   at Npgsql.NpgsqlCommand.ExecuteScalar(Boolean async, CancellationToken cancellationToken)
   at Dapper.SqlMapper.ExecuteScalarImplAsync[T](IDbConnection cnn, CommandDefinition command) in /_/Dapper/SqlMapper.Async.cs:line 1241
   at DataSource.UserRepository.SearchByLoginAndValues(User user) in C:\Users\junya\source\repos\UserRegistration\DataSource\UserRepository.cs:line 61
   at Service.UserService.RegisterUser(RegisterModel model) in C:\Users\junya\source\repos\UserRegistration\Service\UserService.cs:line 44
  Exception data:
    Severity: ОШИБКА
    SqlState: 42501
    MessageText: нет доступа к таблице userinfo
    File: aclchk.c
    Line: 2809
    Routine: aclcheck_error|url: https://localhost/Account/Registration|action: Register
2024-07-22 23:12:04.3534|1|ERROR|Microsoft.AspNetCore.Diagnostics.DeveloperExceptionPageMiddleware|An unhandled exception has occurred while executing the request. Npgsql.PostgresException (0x80004005): 42501: нет доступа к таблице userinfo
   at Npgsql.Internal.NpgsqlConnector.ReadMessageLong(Boolean async, DataRowLoadingMode dataRowLoadingMode, Boolean readingNotifications, Boolean isReadingPrependedMessage)
   at System.Runtime.CompilerServices.PoolingAsyncValueTaskMethodBuilder`1.StateMachineBox`1.System.Threading.Tasks.Sources.IValueTaskSource<TResult>.GetResult(Int16 token)
   at Npgsql.NpgsqlDataReader.NextResult(Boolean async, Boolean isConsuming, CancellationToken cancellationToken)
   at Npgsql.NpgsqlDataReader.NextResult(Boolean async, Boolean isConsuming, CancellationToken cancellationToken)
   at Npgsql.NpgsqlCommand.ExecuteReader(Boolean async, CommandBehavior behavior, CancellationToken cancellationToken)
   at Npgsql.NpgsqlCommand.ExecuteReader(Boolean async, CommandBehavior behavior, CancellationToken cancellationToken)
   at Npgsql.NpgsqlCommand.ExecuteScalar(Boolean async, CancellationToken cancellationToken)
   at Dapper.SqlMapper.ExecuteScalarImplAsync[T](IDbConnection cnn, CommandDefinition command) in /_/Dapper/SqlMapper.Async.cs:line 1241
   at DataSource.UserRepository.SearchByLoginAndValues(User user) in C:\Users\junya\source\repos\UserRegistration\DataSource\UserRepository.cs:line 61
   at Service.UserService.RegisterUser(RegisterModel model) in C:\Users\junya\source\repos\UserRegistration\Service\UserService.cs:line 44
   at UserRegistration.Controllers.AccountController.Register(RegisterModel model) in C:\Users\junya\source\repos\UserRegistration\UserRegistration\Controllers\AccountController.cs:line 36
   at Microsoft.AspNetCore.Mvc.Infrastructure.ActionMethodExecutor.TaskOfIActionResultExecutor.Execute(ActionContext actionContext, IActionResultTypeMapper mapper, ObjectMethodExecutor executor, Object controller, Object[] arguments)
   at Microsoft.AspNetCore.Mvc.Infrastructure.ControllerActionInvoker.<InvokeActionMethodAsync>g__Awaited|12_0(ControllerActionInvoker invoker, ValueTask`1 actionResultValueTask)
   at Microsoft.AspNetCore.Mvc.Infrastructure.ControllerActionInvoker.<InvokeNextActionFilterAsync>g__Awaited|10_0(ControllerActionInvoker invoker, Task lastTask, State next, Scope scope, Object state, Boolean isCompleted)
   at Microsoft.AspNetCore.Mvc.Infrastructure.ControllerActionInvoker.Rethrow(ActionExecutedContextSealed context)
   at Microsoft.AspNetCore.Mvc.Infrastructure.ControllerActionInvoker.Next(State& next, Scope& scope, Object& state, Boolean& isCompleted)
   at Microsoft.AspNetCore.Mvc.Infrastructure.ControllerActionInvoker.<InvokeInnerFilterAsync>g__Awaited|13_0(ControllerActionInvoker invoker, Task lastTask, State next, Scope scope, Object state, Boolean isCompleted)
   at Microsoft.AspNetCore.Mvc.Infrastructure.ResourceInvoker.<InvokeNextResourceFilter>g__Awaited|25_0(ResourceInvoker invoker, Task lastTask, State next, Scope scope, Object state, Boolean isCompleted)
   at Microsoft.AspNetCore.Mvc.Infrastructure.ResourceInvoker.Rethrow(ResourceExecutedContextSealed context)
   at Microsoft.AspNetCore.Mvc.Infrastructure.ResourceInvoker.Next(State& next, Scope& scope, Object& state, Boolean& isCompleted)
   at Microsoft.AspNetCore.Mvc.Infrastructure.ResourceInvoker.<InvokeFilterPipelineAsync>g__Awaited|20_0(ResourceInvoker invoker, Task lastTask, State next, Scope scope, Object state, Boolean isCompleted)
   at Microsoft.AspNetCore.Mvc.Infrastructure.ResourceInvoker.<InvokeAsync>g__Awaited|17_0(ResourceInvoker invoker, Task task, IDisposable scope)
   at Microsoft.AspNetCore.Mvc.Infrastructure.ResourceInvoker.<InvokeAsync>g__Awaited|17_0(ResourceInvoker invoker, Task task, IDisposable scope)
   at Microsoft.AspNetCore.Authorization.AuthorizationMiddleware.Invoke(HttpContext context)
   at Microsoft.AspNetCore.Authentication.AuthenticationMiddleware.Invoke(HttpContext context)
   at Microsoft.AspNetCore.Diagnostics.DeveloperExceptionPageMiddlewareImpl.Invoke(HttpContext context)
  Exception data:
    Severity: ОШИБКА
    SqlState: 42501
    MessageText: нет доступа к таблице userinfo
    File: aclchk.c
    Line: 2809
    Routine: aclcheck_error|url: https://localhost/Account/Registration|action: Register
2024-07-22 23:14:29.7990|1|DEBUG|UserRegistration.Controllers.AccountController|NLog injected into InfoController |url: https://localhost/Account/Registration|action: Register
2024-07-22 23:14:30.1230|0|ERROR|DataSource.UserRepository|Error insert user into the database Npgsql.PostgresException (0x80004005): 42703: столбец "hashpassword" в таблице "userinfo" не существует

POSITION: 30
   at Npgsql.Internal.NpgsqlConnector.ReadMessageLong(Boolean async, DataRowLoadingMode dataRowLoadingMode, Boolean readingNotifications, Boolean isReadingPrependedMessage)
   at System.Runtime.CompilerServices.PoolingAsyncValueTaskMethodBuilder`1.StateMachineBox`1.System.Threading.Tasks.Sources.IValueTaskSource<TResult>.GetResult(Int16 token)
   at Npgsql.NpgsqlDataReader.NextResult(Boolean async, Boolean isConsuming, CancellationToken cancellationToken)
   at Npgsql.NpgsqlDataReader.NextResult(Boolean async, Boolean isConsuming, CancellationToken cancellationToken)
   at Npgsql.NpgsqlCommand.ExecuteReader(Boolean async, CommandBehavior behavior, CancellationToken cancellationToken)
   at Npgsql.NpgsqlCommand.ExecuteReader(Boolean async, CommandBehavior behavior, CancellationToken cancellationToken)
   at Npgsql.NpgsqlCommand.ExecuteNonQuery(Boolean async, CancellationToken cancellationToken)
   at Dapper.SqlMapper.ExecuteImplAsync(IDbConnection cnn, CommandDefinition command, Object param) in /_/Dapper/SqlMapper.Async.cs:line 662
   at DataSource.UserRepository.Insert(User model) in C:\Users\junya\source\repos\UserRegistration\DataSource\UserRepository.cs:line 43
  Exception data:
    Severity: ОШИБКА
    SqlState: 42703
    MessageText: столбец "hashpassword" в таблице "userinfo" не существует
    Position: 30
    File: parse_target.c
    Line: 1057
    Routine: checkInsertTargets|url: https://localhost/Account/Registration|action: Register
2024-07-22 23:14:30.1674|0|ERROR|Service.UserService|Failed to connect to the database Npgsql.PostgresException (0x80004005): 42703: столбец "hashpassword" в таблице "userinfo" не существует

POSITION: 30
   at Npgsql.Internal.NpgsqlConnector.ReadMessageLong(Boolean async, DataRowLoadingMode dataRowLoadingMode, Boolean readingNotifications, Boolean isReadingPrependedMessage)
   at System.Runtime.CompilerServices.PoolingAsyncValueTaskMethodBuilder`1.StateMachineBox`1.System.Threading.Tasks.Sources.IValueTaskSource<TResult>.GetResult(Int16 token)
   at Npgsql.NpgsqlDataReader.NextResult(Boolean async, Boolean isConsuming, CancellationToken cancellationToken)
   at Npgsql.NpgsqlDataReader.NextResult(Boolean async, Boolean isConsuming, CancellationToken cancellationToken)
   at Npgsql.NpgsqlCommand.ExecuteReader(Boolean async, CommandBehavior behavior, CancellationToken cancellationToken)
   at Npgsql.NpgsqlCommand.ExecuteReader(Boolean async, CommandBehavior behavior, CancellationToken cancellationToken)
   at Npgsql.NpgsqlCommand.ExecuteNonQuery(Boolean async, CancellationToken cancellationToken)
   at Dapper.SqlMapper.ExecuteImplAsync(IDbConnection cnn, CommandDefinition command, Object param) in /_/Dapper/SqlMapper.Async.cs:line 662
   at DataSource.UserRepository.Insert(User model) in C:\Users\junya\source\repos\UserRegistration\DataSource\UserRepository.cs:line 43
   at Service.UserService.RegisterUser(RegisterModel model) in C:\Users\junya\source\repos\UserRegistration\Service\UserService.cs:line 50
  Exception data:
    Severity: ОШИБКА
    SqlState: 42703
    MessageText: столбец "hashpassword" в таблице "userinfo" не существует
    Position: 30
    File: parse_target.c
    Line: 1057
    Routine: checkInsertTargets|url: https://localhost/Account/Registration|action: Register
2024-07-22 23:14:30.2184|1|ERROR|Microsoft.AspNetCore.Diagnostics.DeveloperExceptionPageMiddleware|An unhandled exception has occurred while executing the request. Npgsql.PostgresException (0x80004005): 42703: столбец "hashpassword" в таблице "userinfo" не существует

POSITION: 30
   at Npgsql.Internal.NpgsqlConnector.ReadMessageLong(Boolean async, DataRowLoadingMode dataRowLoadingMode, Boolean readingNotifications, Boolean isReadingPrependedMessage)
   at System.Runtime.CompilerServices.PoolingAsyncValueTaskMethodBuilder`1.StateMachineBox`1.System.Threading.Tasks.Sources.IValueTaskSource<TResult>.GetResult(Int16 token)
   at Npgsql.NpgsqlDataReader.NextResult(Boolean async, Boolean isConsuming, CancellationToken cancellationToken)
   at Npgsql.NpgsqlDataReader.NextResult(Boolean async, Boolean isConsuming, CancellationToken cancellationToken)
   at Npgsql.NpgsqlCommand.ExecuteReader(Boolean async, CommandBehavior behavior, CancellationToken cancellationToken)
   at Npgsql.NpgsqlCommand.ExecuteReader(Boolean async, CommandBehavior behavior, CancellationToken cancellationToken)
   at Npgsql.NpgsqlCommand.ExecuteNonQuery(Boolean async, CancellationToken cancellationToken)
   at Dapper.SqlMapper.ExecuteImplAsync(IDbConnection cnn, CommandDefinition command, Object param) in /_/Dapper/SqlMapper.Async.cs:line 662
   at DataSource.UserRepository.Insert(User model) in C:\Users\junya\source\repos\UserRegistration\DataSource\UserRepository.cs:line 43
   at Service.UserService.RegisterUser(RegisterModel model) in C:\Users\junya\source\repos\UserRegistration\Service\UserService.cs:line 50
   at UserRegistration.Controllers.AccountController.Register(RegisterModel model) in C:\Users\junya\source\repos\UserRegistration\UserRegistration\Controllers\AccountController.cs:line 36
   at Microsoft.AspNetCore.Mvc.Infrastructure.ActionMethodExecutor.TaskOfIActionResultExecutor.Execute(ActionContext actionContext, IActionResultTypeMapper mapper, ObjectMethodExecutor executor, Object controller, Object[] arguments)
   at Microsoft.AspNetCore.Mvc.Infrastructure.ControllerActionInvoker.<InvokeActionMethodAsync>g__Awaited|12_0(ControllerActionInvoker invoker, ValueTask`1 actionResultValueTask)
   at Microsoft.AspNetCore.Mvc.Infrastructure.ControllerActionInvoker.<InvokeNextActionFilterAsync>g__Awaited|10_0(ControllerActionInvoker invoker, Task lastTask, State next, Scope scope, Object state, Boolean isCompleted)
   at Microsoft.AspNetCore.Mvc.Infrastructure.ControllerActionInvoker.Rethrow(ActionExecutedContextSealed context)
   at Microsoft.AspNetCore.Mvc.Infrastructure.ControllerActionInvoker.Next(State& next, Scope& scope, Object& state, Boolean& isCompleted)
   at Microsoft.AspNetCore.Mvc.Infrastructure.ControllerActionInvoker.<InvokeInnerFilterAsync>g__Awaited|13_0(ControllerActionInvoker invoker, Task lastTask, State next, Scope scope, Object state, Boolean isCompleted)
   at Microsoft.AspNetCore.Mvc.Infrastructure.ResourceInvoker.<InvokeNextResourceFilter>g__Awaited|25_0(ResourceInvoker invoker, Task lastTask, State next, Scope scope, Object state, Boolean isCompleted)
   at Microsoft.AspNetCore.Mvc.Infrastructure.ResourceInvoker.Rethrow(ResourceExecutedContextSealed context)
   at Microsoft.AspNetCore.Mvc.Infrastructure.ResourceInvoker.Next(State& next, Scope& scope, Object& state, Boolean& isCompleted)
   at Microsoft.AspNetCore.Mvc.Infrastructure.ResourceInvoker.<InvokeFilterPipelineAsync>g__Awaited|20_0(ResourceInvoker invoker, Task lastTask, State next, Scope scope, Object state, Boolean isCompleted)
   at Microsoft.AspNetCore.Mvc.Infrastructure.ResourceInvoker.<InvokeAsync>g__Awaited|17_0(ResourceInvoker invoker, Task task, IDisposable scope)
   at Microsoft.AspNetCore.Mvc.Infrastructure.ResourceInvoker.<InvokeAsync>g__Awaited|17_0(ResourceInvoker invoker, Task task, IDisposable scope)
   at Microsoft.AspNetCore.Authorization.AuthorizationMiddleware.Invoke(HttpContext context)
   at Microsoft.AspNetCore.Authentication.AuthenticationMiddleware.Invoke(HttpContext context)
   at Microsoft.AspNetCore.Diagnostics.DeveloperExceptionPageMiddlewareImpl.Invoke(HttpContext context)
  Exception data:
    Severity: ОШИБКА
    SqlState: 42703
    MessageText: столбец "hashpassword" в таблице "userinfo" не существует
    Position: 30
    File: parse_target.c
    Line: 1057
    Routine: checkInsertTargets|url: https://localhost/Account/Registration|action: Register
2024-07-22 23:18:21.7091|0|DEBUG|UserRegistration.Program|init main |url: |action: 
2024-07-22 23:18:22.6710|14|INFO|Microsoft.Hosting.Lifetime|Now listening on: https://localhost:7087 |url: |action: 
2024-07-22 23:18:22.6771|14|INFO|Microsoft.Hosting.Lifetime|Now listening on: http://localhost:5141 |url: |action: 
2024-07-22 23:18:22.6771|0|INFO|Microsoft.Hosting.Lifetime|Application started. Press Ctrl+C to shut down. |url: |action: 
2024-07-22 23:18:22.6771|0|INFO|Microsoft.Hosting.Lifetime|Hosting environment: Development |url: |action: 
2024-07-22 23:18:22.6771|0|INFO|Microsoft.Hosting.Lifetime|Content root path: C:\Users\junya\source\repos\UserRegistration\UserRegistration |url: |action: 
2024-07-22 23:18:52.1777|1|DEBUG|UserRegistration.Controllers.AccountController|NLog injected into InfoController |url: https://localhost/Account/Registration|action: Register
2024-07-22 23:18:52.8988|0|ERROR|DataSource.UserRepository|Error insert user into the database Npgsql.PostgresException (0x80004005): 42703: столбец "user_date" в таблице "userinfo" не существует

POSITION: 57
   at Npgsql.Internal.NpgsqlConnector.ReadMessageLong(Boolean async, DataRowLoadingMode dataRowLoadingMode, Boolean readingNotifications, Boolean isReadingPrependedMessage)
   at System.Runtime.CompilerServices.PoolingAsyncValueTaskMethodBuilder`1.StateMachineBox`1.System.Threading.Tasks.Sources.IValueTaskSource<TResult>.GetResult(Int16 token)
   at Npgsql.NpgsqlDataReader.NextResult(Boolean async, Boolean isConsuming, CancellationToken cancellationToken)
   at Npgsql.NpgsqlDataReader.NextResult(Boolean async, Boolean isConsuming, CancellationToken cancellationToken)
   at Npgsql.NpgsqlCommand.ExecuteReader(Boolean async, CommandBehavior behavior, CancellationToken cancellationToken)
   at Npgsql.NpgsqlCommand.ExecuteReader(Boolean async, CommandBehavior behavior, CancellationToken cancellationToken)
   at Npgsql.NpgsqlCommand.ExecuteNonQuery(Boolean async, CancellationToken cancellationToken)
   at Dapper.SqlMapper.ExecuteImplAsync(IDbConnection cnn, CommandDefinition command, Object param) in /_/Dapper/SqlMapper.Async.cs:line 662
   at DataSource.UserRepository.Insert(User model) in C:\Users\junya\source\repos\UserRegistration\DataSource\UserRepository.cs:line 43
  Exception data:
    Severity: ОШИБКА
    SqlState: 42703
    MessageText: столбец "user_date" в таблице "userinfo" не существует
    Position: 57
    File: parse_target.c
    Line: 1057
    Routine: checkInsertTargets|url: https://localhost/Account/Registration|action: Register
2024-07-22 23:18:52.9787|0|ERROR|Service.UserService|Failed to connect to the database Npgsql.PostgresException (0x80004005): 42703: столбец "user_date" в таблице "userinfo" не существует

POSITION: 57
   at Npgsql.Internal.NpgsqlConnector.ReadMessageLong(Boolean async, DataRowLoadingMode dataRowLoadingMode, Boolean readingNotifications, Boolean isReadingPrependedMessage)
   at System.Runtime.CompilerServices.PoolingAsyncValueTaskMethodBuilder`1.StateMachineBox`1.System.Threading.Tasks.Sources.IValueTaskSource<TResult>.GetResult(Int16 token)
   at Npgsql.NpgsqlDataReader.NextResult(Boolean async, Boolean isConsuming, CancellationToken cancellationToken)
   at Npgsql.NpgsqlDataReader.NextResult(Boolean async, Boolean isConsuming, CancellationToken cancellationToken)
   at Npgsql.NpgsqlCommand.ExecuteReader(Boolean async, CommandBehavior behavior, CancellationToken cancellationToken)
   at Npgsql.NpgsqlCommand.ExecuteReader(Boolean async, CommandBehavior behavior, CancellationToken cancellationToken)
   at Npgsql.NpgsqlCommand.ExecuteNonQuery(Boolean async, CancellationToken cancellationToken)
   at Dapper.SqlMapper.ExecuteImplAsync(IDbConnection cnn, CommandDefinition command, Object param) in /_/Dapper/SqlMapper.Async.cs:line 662
   at DataSource.UserRepository.Insert(User model) in C:\Users\junya\source\repos\UserRegistration\DataSource\UserRepository.cs:line 43
   at Service.UserService.RegisterUser(RegisterModel model) in C:\Users\junya\source\repos\UserRegistration\Service\UserService.cs:line 50
  Exception data:
    Severity: ОШИБКА
    SqlState: 42703
    MessageText: столбец "user_date" в таблице "userinfo" не существует
    Position: 57
    File: parse_target.c
    Line: 1057
    Routine: checkInsertTargets|url: https://localhost/Account/Registration|action: Register
2024-07-22 23:18:53.0421|1|ERROR|Microsoft.AspNetCore.Diagnostics.DeveloperExceptionPageMiddleware|An unhandled exception has occurred while executing the request. Npgsql.PostgresException (0x80004005): 42703: столбец "user_date" в таблице "userinfo" не существует

POSITION: 57
   at Npgsql.Internal.NpgsqlConnector.ReadMessageLong(Boolean async, DataRowLoadingMode dataRowLoadingMode, Boolean readingNotifications, Boolean isReadingPrependedMessage)
   at System.Runtime.CompilerServices.PoolingAsyncValueTaskMethodBuilder`1.StateMachineBox`1.System.Threading.Tasks.Sources.IValueTaskSource<TResult>.GetResult(Int16 token)
   at Npgsql.NpgsqlDataReader.NextResult(Boolean async, Boolean isConsuming, CancellationToken cancellationToken)
   at Npgsql.NpgsqlDataReader.NextResult(Boolean async, Boolean isConsuming, CancellationToken cancellationToken)
   at Npgsql.NpgsqlCommand.ExecuteReader(Boolean async, CommandBehavior behavior, CancellationToken cancellationToken)
   at Npgsql.NpgsqlCommand.ExecuteReader(Boolean async, CommandBehavior behavior, CancellationToken cancellationToken)
   at Npgsql.NpgsqlCommand.ExecuteNonQuery(Boolean async, CancellationToken cancellationToken)
   at Dapper.SqlMapper.ExecuteImplAsync(IDbConnection cnn, CommandDefinition command, Object param) in /_/Dapper/SqlMapper.Async.cs:line 662
   at DataSource.UserRepository.Insert(User model) in C:\Users\junya\source\repos\UserRegistration\DataSource\UserRepository.cs:line 43
   at Service.UserService.RegisterUser(RegisterModel model) in C:\Users\junya\source\repos\UserRegistration\Service\UserService.cs:line 50
   at UserRegistration.Controllers.AccountController.Register(RegisterModel model) in C:\Users\junya\source\repos\UserRegistration\UserRegistration\Controllers\AccountController.cs:line 36
   at Microsoft.AspNetCore.Mvc.Infrastructure.ActionMethodExecutor.TaskOfIActionResultExecutor.Execute(ActionContext actionContext, IActionResultTypeMapper mapper, ObjectMethodExecutor executor, Object controller, Object[] arguments)
   at Microsoft.AspNetCore.Mvc.Infrastructure.ControllerActionInvoker.<InvokeActionMethodAsync>g__Awaited|12_0(ControllerActionInvoker invoker, ValueTask`1 actionResultValueTask)
   at Microsoft.AspNetCore.Mvc.Infrastructure.ControllerActionInvoker.<InvokeNextActionFilterAsync>g__Awaited|10_0(ControllerActionInvoker invoker, Task lastTask, State next, Scope scope, Object state, Boolean isCompleted)
   at Microsoft.AspNetCore.Mvc.Infrastructure.ControllerActionInvoker.Rethrow(ActionExecutedContextSealed context)
   at Microsoft.AspNetCore.Mvc.Infrastructure.ControllerActionInvoker.Next(State& next, Scope& scope, Object& state, Boolean& isCompleted)
   at Microsoft.AspNetCore.Mvc.Infrastructure.ControllerActionInvoker.<InvokeInnerFilterAsync>g__Awaited|13_0(ControllerActionInvoker invoker, Task lastTask, State next, Scope scope, Object state, Boolean isCompleted)
   at Microsoft.AspNetCore.Mvc.Infrastructure.ResourceInvoker.<InvokeNextResourceFilter>g__Awaited|25_0(ResourceInvoker invoker, Task lastTask, State next, Scope scope, Object state, Boolean isCompleted)
   at Microsoft.AspNetCore.Mvc.Infrastructure.ResourceInvoker.Rethrow(ResourceExecutedContextSealed context)
   at Microsoft.AspNetCore.Mvc.Infrastructure.ResourceInvoker.Next(State& next, Scope& scope, Object& state, Boolean& isCompleted)
   at Microsoft.AspNetCore.Mvc.Infrastructure.ResourceInvoker.<InvokeFilterPipelineAsync>g__Awaited|20_0(ResourceInvoker invoker, Task lastTask, State next, Scope scope, Object state, Boolean isCompleted)
   at Microsoft.AspNetCore.Mvc.Infrastructure.ResourceInvoker.<InvokeAsync>g__Awaited|17_0(ResourceInvoker invoker, Task task, IDisposable scope)
   at Microsoft.AspNetCore.Mvc.Infrastructure.ResourceInvoker.<InvokeAsync>g__Awaited|17_0(ResourceInvoker invoker, Task task, IDisposable scope)
   at Microsoft.AspNetCore.Authorization.AuthorizationMiddleware.Invoke(HttpContext context)
   at Microsoft.AspNetCore.Authentication.AuthenticationMiddleware.Invoke(HttpContext context)
   at Microsoft.AspNetCore.Diagnostics.DeveloperExceptionPageMiddlewareImpl.Invoke(HttpContext context)
  Exception data:
    Severity: ОШИБКА
    SqlState: 42703
    MessageText: столбец "user_date" в таблице "userinfo" не существует
    Position: 57
    File: parse_target.c
    Line: 1057
    Routine: checkInsertTargets|url: https://localhost/Account/Registration|action: Register
2024-07-22 23:19:34.8501|1|DEBUG|UserRegistration.Controllers.AccountController|NLog injected into InfoController |url: https://localhost/Account/Registration|action: Register
2024-07-22 23:19:35.1414|0|ERROR|DataSource.UserRepository|Error insert user into the database Npgsql.PostgresException (0x80004005): 42703: столбец "hashpassword" не существует

POSITION: 81
DETAIL: Detail redacted as it may contain sensitive data. Specify 'Include Error Detail' in the connection string to include this information.
   at Npgsql.Internal.NpgsqlConnector.ReadMessageLong(Boolean async, DataRowLoadingMode dataRowLoadingMode, Boolean readingNotifications, Boolean isReadingPrependedMessage)
   at System.Runtime.CompilerServices.PoolingAsyncValueTaskMethodBuilder`1.StateMachineBox`1.System.Threading.Tasks.Sources.IValueTaskSource<TResult>.GetResult(Int16 token)
   at Npgsql.NpgsqlDataReader.NextResult(Boolean async, Boolean isConsuming, CancellationToken cancellationToken)
   at Npgsql.NpgsqlDataReader.NextResult(Boolean async, Boolean isConsuming, CancellationToken cancellationToken)
   at Npgsql.NpgsqlCommand.ExecuteReader(Boolean async, CommandBehavior behavior, CancellationToken cancellationToken)
   at Npgsql.NpgsqlCommand.ExecuteReader(Boolean async, CommandBehavior behavior, CancellationToken cancellationToken)
   at Npgsql.NpgsqlCommand.ExecuteNonQuery(Boolean async, CancellationToken cancellationToken)
   at Dapper.SqlMapper.ExecuteImplAsync(IDbConnection cnn, CommandDefinition command, Object param) in /_/Dapper/SqlMapper.Async.cs:line 662
   at DataSource.UserRepository.Insert(User model) in C:\Users\junya\source\repos\UserRegistration\DataSource\UserRepository.cs:line 43
  Exception data:
    Severity: ОШИБКА
    SqlState: 42703
    MessageText: столбец "hashpassword" не существует
    Detail: Detail redacted as it may contain sensitive data. Specify 'Include Error Detail' in the connection string to include this information.
    Position: 81
    File: parse_relation.c
    Line: 3706
    Routine: errorMissingColumn|url: https://localhost/Account/Registration|action: Register
2024-07-22 23:19:35.1852|0|ERROR|Service.UserService|Failed to connect to the database Npgsql.PostgresException (0x80004005): 42703: столбец "hashpassword" не существует

POSITION: 81
DETAIL: Detail redacted as it may contain sensitive data. Specify 'Include Error Detail' in the connection string to include this information.
   at Npgsql.Internal.NpgsqlConnector.ReadMessageLong(Boolean async, DataRowLoadingMode dataRowLoadingMode, Boolean readingNotifications, Boolean isReadingPrependedMessage)
   at System.Runtime.CompilerServices.PoolingAsyncValueTaskMethodBuilder`1.StateMachineBox`1.System.Threading.Tasks.Sources.IValueTaskSource<TResult>.GetResult(Int16 token)
   at Npgsql.NpgsqlDataReader.NextResult(Boolean async, Boolean isConsuming, CancellationToken cancellationToken)
   at Npgsql.NpgsqlDataReader.NextResult(Boolean async, Boolean isConsuming, CancellationToken cancellationToken)
   at Npgsql.NpgsqlCommand.ExecuteReader(Boolean async, CommandBehavior behavior, CancellationToken cancellationToken)
   at Npgsql.NpgsqlCommand.ExecuteReader(Boolean async, CommandBehavior behavior, CancellationToken cancellationToken)
   at Npgsql.NpgsqlCommand.ExecuteNonQuery(Boolean async, CancellationToken cancellationToken)
   at Dapper.SqlMapper.ExecuteImplAsync(IDbConnection cnn, CommandDefinition command, Object param) in /_/Dapper/SqlMapper.Async.cs:line 662
   at DataSource.UserRepository.Insert(User model) in C:\Users\junya\source\repos\UserRegistration\DataSource\UserRepository.cs:line 43
   at Service.UserService.RegisterUser(RegisterModel model) in C:\Users\junya\source\repos\UserRegistration\Service\UserService.cs:line 50
  Exception data:
    Severity: ОШИБКА
    SqlState: 42703
    MessageText: столбец "hashpassword" не существует
    Detail: Detail redacted as it may contain sensitive data. Specify 'Include Error Detail' in the connection string to include this information.
    Position: 81
    File: parse_relation.c
    Line: 3706
    Routine: errorMissingColumn|url: https://localhost/Account/Registration|action: Register
2024-07-22 23:19:35.2398|1|ERROR|Microsoft.AspNetCore.Diagnostics.DeveloperExceptionPageMiddleware|An unhandled exception has occurred while executing the request. Npgsql.PostgresException (0x80004005): 42703: столбец "hashpassword" не существует

POSITION: 81
DETAIL: Detail redacted as it may contain sensitive data. Specify 'Include Error Detail' in the connection string to include this information.
   at Npgsql.Internal.NpgsqlConnector.ReadMessageLong(Boolean async, DataRowLoadingMode dataRowLoadingMode, Boolean readingNotifications, Boolean isReadingPrependedMessage)
   at System.Runtime.CompilerServices.PoolingAsyncValueTaskMethodBuilder`1.StateMachineBox`1.System.Threading.Tasks.Sources.IValueTaskSource<TResult>.GetResult(Int16 token)
   at Npgsql.NpgsqlDataReader.NextResult(Boolean async, Boolean isConsuming, CancellationToken cancellationToken)
   at Npgsql.NpgsqlDataReader.NextResult(Boolean async, Boolean isConsuming, CancellationToken cancellationToken)
   at Npgsql.NpgsqlCommand.ExecuteReader(Boolean async, CommandBehavior behavior, CancellationToken cancellationToken)
   at Npgsql.NpgsqlCommand.ExecuteReader(Boolean async, CommandBehavior behavior, CancellationToken cancellationToken)
   at Npgsql.NpgsqlCommand.ExecuteNonQuery(Boolean async, CancellationToken cancellationToken)
   at Dapper.SqlMapper.ExecuteImplAsync(IDbConnection cnn, CommandDefinition command, Object param) in /_/Dapper/SqlMapper.Async.cs:line 662
   at DataSource.UserRepository.Insert(User model) in C:\Users\junya\source\repos\UserRegistration\DataSource\UserRepository.cs:line 43
   at Service.UserService.RegisterUser(RegisterModel model) in C:\Users\junya\source\repos\UserRegistration\Service\UserService.cs:line 50
   at UserRegistration.Controllers.AccountController.Register(RegisterModel model) in C:\Users\junya\source\repos\UserRegistration\UserRegistration\Controllers\AccountController.cs:line 36
   at Microsoft.AspNetCore.Mvc.Infrastructure.ActionMethodExecutor.TaskOfIActionResultExecutor.Execute(ActionContext actionContext, IActionResultTypeMapper mapper, ObjectMethodExecutor executor, Object controller, Object[] arguments)
   at Microsoft.AspNetCore.Mvc.Infrastructure.ControllerActionInvoker.<InvokeActionMethodAsync>g__Awaited|12_0(ControllerActionInvoker invoker, ValueTask`1 actionResultValueTask)
   at Microsoft.AspNetCore.Mvc.Infrastructure.ControllerActionInvoker.<InvokeNextActionFilterAsync>g__Awaited|10_0(ControllerActionInvoker invoker, Task lastTask, State next, Scope scope, Object state, Boolean isCompleted)
   at Microsoft.AspNetCore.Mvc.Infrastructure.ControllerActionInvoker.Rethrow(ActionExecutedContextSealed context)
   at Microsoft.AspNetCore.Mvc.Infrastructure.ControllerActionInvoker.Next(State& next, Scope& scope, Object& state, Boolean& isCompleted)
   at Microsoft.AspNetCore.Mvc.Infrastructure.ControllerActionInvoker.<InvokeInnerFilterAsync>g__Awaited|13_0(ControllerActionInvoker invoker, Task lastTask, State next, Scope scope, Object state, Boolean isCompleted)
   at Microsoft.AspNetCore.Mvc.Infrastructure.ResourceInvoker.<InvokeNextResourceFilter>g__Awaited|25_0(ResourceInvoker invoker, Task lastTask, State next, Scope scope, Object state, Boolean isCompleted)
   at Microsoft.AspNetCore.Mvc.Infrastructure.ResourceInvoker.Rethrow(ResourceExecutedContextSealed context)
   at Microsoft.AspNetCore.Mvc.Infrastructure.ResourceInvoker.Next(State& next, Scope& scope, Object& state, Boolean& isCompleted)
   at Microsoft.AspNetCore.Mvc.Infrastructure.ResourceInvoker.<InvokeFilterPipelineAsync>g__Awaited|20_0(ResourceInvoker invoker, Task lastTask, State next, Scope scope, Object state, Boolean isCompleted)
   at Microsoft.AspNetCore.Mvc.Infrastructure.ResourceInvoker.<InvokeAsync>g__Awaited|17_0(ResourceInvoker invoker, Task task, IDisposable scope)
   at Microsoft.AspNetCore.Mvc.Infrastructure.ResourceInvoker.<InvokeAsync>g__Awaited|17_0(ResourceInvoker invoker, Task task, IDisposable scope)
   at Microsoft.AspNetCore.Authorization.AuthorizationMiddleware.Invoke(HttpContext context)
   at Microsoft.AspNetCore.Authentication.AuthenticationMiddleware.Invoke(HttpContext context)
   at Microsoft.AspNetCore.Diagnostics.DeveloperExceptionPageMiddlewareImpl.Invoke(HttpContext context)
  Exception data:
    Severity: ОШИБКА
    SqlState: 42703
    MessageText: столбец "hashpassword" не существует
    Detail: Detail redacted as it may contain sensitive data. Specify 'Include Error Detail' in the connection string to include this information.
    Position: 81
    File: parse_relation.c
    Line: 3706
    Routine: errorMissingColumn|url: https://localhost/Account/Registration|action: Register
2024-07-22 23:20:51.2273|0|DEBUG|UserRegistration.Program|init main |url: |action: 
2024-07-22 23:20:52.0868|14|INFO|Microsoft.Hosting.Lifetime|Now listening on: https://localhost:7087 |url: |action: 
2024-07-22 23:20:52.0993|14|INFO|Microsoft.Hosting.Lifetime|Now listening on: http://localhost:5141 |url: |action: 
2024-07-22 23:20:52.0993|0|INFO|Microsoft.Hosting.Lifetime|Application started. Press Ctrl+C to shut down. |url: |action: 
2024-07-22 23:20:52.0993|0|INFO|Microsoft.Hosting.Lifetime|Hosting environment: Development |url: |action: 
2024-07-22 23:20:52.0993|0|INFO|Microsoft.Hosting.Lifetime|Content root path: C:\Users\junya\source\repos\UserRegistration\UserRegistration |url: |action: 
2024-07-22 23:20:57.1025|1|DEBUG|UserRegistration.Controllers.AccountController|NLog injected into InfoController |url: https://localhost/Account/Registration|action: Register
2024-07-22 23:21:04.5486|1|DEBUG|UserRegistration.Controllers.AccountController|NLog injected into InfoController |url: https://localhost/Account/Registration|action: Register
2024-07-22 23:21:16.2585|1|DEBUG|UserRegistration.Controllers.AccountController|NLog injected into InfoController |url: https://localhost/Account/Registration|action: Register
2024-07-22 23:21:21.8840|1|DEBUG|UserRegistration.Controllers.AccountController|NLog injected into InfoController |url: https://localhost/Account/Registration|action: Register
2024-07-22 23:21:26.4570|1|DEBUG|UserRegistration.Controllers.AccountController|NLog injected into InfoController |url: https://localhost/Account/Registration|action: Register
2024-07-22 23:24:43.1147|0|ERROR|DataSource.UserRepository|Error insert user into the database Npgsql.PostgresException (0x80004005): 42703: столбец "hashpassword" не существует

POSITION: 81
DETAIL: Detail redacted as it may contain sensitive data. Specify 'Include Error Detail' in the connection string to include this information.
   at Npgsql.Internal.NpgsqlConnector.ReadMessageLong(Boolean async, DataRowLoadingMode dataRowLoadingMode, Boolean readingNotifications, Boolean isReadingPrependedMessage)
   at System.Runtime.CompilerServices.PoolingAsyncValueTaskMethodBuilder`1.StateMachineBox`1.System.Threading.Tasks.Sources.IValueTaskSource<TResult>.GetResult(Int16 token)
   at Npgsql.NpgsqlDataReader.NextResult(Boolean async, Boolean isConsuming, CancellationToken cancellationToken)
   at Npgsql.NpgsqlDataReader.NextResult(Boolean async, Boolean isConsuming, CancellationToken cancellationToken)
   at Npgsql.NpgsqlCommand.ExecuteReader(Boolean async, CommandBehavior behavior, CancellationToken cancellationToken)
   at Npgsql.NpgsqlCommand.ExecuteReader(Boolean async, CommandBehavior behavior, CancellationToken cancellationToken)
   at Npgsql.NpgsqlCommand.ExecuteNonQuery(Boolean async, CancellationToken cancellationToken)
   at Dapper.SqlMapper.ExecuteImplAsync(IDbConnection cnn, CommandDefinition command, Object param) in /_/Dapper/SqlMapper.Async.cs:line 662
   at DataSource.UserRepository.Insert(User model) in C:\Users\junya\source\repos\UserRegistration\DataSource\UserRepository.cs:line 43
  Exception data:
    Severity: ОШИБКА
    SqlState: 42703
    MessageText: столбец "hashpassword" не существует
    Detail: Detail redacted as it may contain sensitive data. Specify 'Include Error Detail' in the connection string to include this information.
    Position: 81
    File: parse_relation.c
    Line: 3706
    Routine: errorMissingColumn|url: https://localhost/Account/Registration|action: Register
2024-07-22 23:24:56.0203|0|ERROR|Service.UserService|Failed to connect to the database Npgsql.PostgresException (0x80004005): 42703: столбец "hashpassword" не существует

POSITION: 81
DETAIL: Detail redacted as it may contain sensitive data. Specify 'Include Error Detail' in the connection string to include this information.
   at Npgsql.Internal.NpgsqlConnector.ReadMessageLong(Boolean async, DataRowLoadingMode dataRowLoadingMode, Boolean readingNotifications, Boolean isReadingPrependedMessage)
   at System.Runtime.CompilerServices.PoolingAsyncValueTaskMethodBuilder`1.StateMachineBox`1.System.Threading.Tasks.Sources.IValueTaskSource<TResult>.GetResult(Int16 token)
   at Npgsql.NpgsqlDataReader.NextResult(Boolean async, Boolean isConsuming, CancellationToken cancellationToken)
   at Npgsql.NpgsqlDataReader.NextResult(Boolean async, Boolean isConsuming, CancellationToken cancellationToken)
   at Npgsql.NpgsqlCommand.ExecuteReader(Boolean async, CommandBehavior behavior, CancellationToken cancellationToken)
   at Npgsql.NpgsqlCommand.ExecuteReader(Boolean async, CommandBehavior behavior, CancellationToken cancellationToken)
   at Npgsql.NpgsqlCommand.ExecuteNonQuery(Boolean async, CancellationToken cancellationToken)
   at Dapper.SqlMapper.ExecuteImplAsync(IDbConnection cnn, CommandDefinition command, Object param) in /_/Dapper/SqlMapper.Async.cs:line 662
   at DataSource.UserRepository.Insert(User model) in C:\Users\junya\source\repos\UserRegistration\DataSource\UserRepository.cs:line 43
   at Service.UserService.RegisterUser(RegisterModel model) in C:\Users\junya\source\repos\UserRegistration\Service\UserService.cs:line 50
  Exception data:
    Severity: ОШИБКА
    SqlState: 42703
    MessageText: столбец "hashpassword" не существует
    Detail: Detail redacted as it may contain sensitive data. Specify 'Include Error Detail' in the connection string to include this information.
    Position: 81
    File: parse_relation.c
    Line: 3706
    Routine: errorMissingColumn|url: https://localhost/Account/Registration|action: Register
2024-07-22 23:24:56.7084|1|ERROR|Microsoft.AspNetCore.Diagnostics.DeveloperExceptionPageMiddleware|An unhandled exception has occurred while executing the request. Npgsql.PostgresException (0x80004005): 42703: столбец "hashpassword" не существует

POSITION: 81
DETAIL: Detail redacted as it may contain sensitive data. Specify 'Include Error Detail' in the connection string to include this information.
   at Npgsql.Internal.NpgsqlConnector.ReadMessageLong(Boolean async, DataRowLoadingMode dataRowLoadingMode, Boolean readingNotifications, Boolean isReadingPrependedMessage)
   at System.Runtime.CompilerServices.PoolingAsyncValueTaskMethodBuilder`1.StateMachineBox`1.System.Threading.Tasks.Sources.IValueTaskSource<TResult>.GetResult(Int16 token)
   at Npgsql.NpgsqlDataReader.NextResult(Boolean async, Boolean isConsuming, CancellationToken cancellationToken)
   at Npgsql.NpgsqlDataReader.NextResult(Boolean async, Boolean isConsuming, CancellationToken cancellationToken)
   at Npgsql.NpgsqlCommand.ExecuteReader(Boolean async, CommandBehavior behavior, CancellationToken cancellationToken)
   at Npgsql.NpgsqlCommand.ExecuteReader(Boolean async, CommandBehavior behavior, CancellationToken cancellationToken)
   at Npgsql.NpgsqlCommand.ExecuteNonQuery(Boolean async, CancellationToken cancellationToken)
   at Dapper.SqlMapper.ExecuteImplAsync(IDbConnection cnn, CommandDefinition command, Object param) in /_/Dapper/SqlMapper.Async.cs:line 662
   at DataSource.UserRepository.Insert(User model) in C:\Users\junya\source\repos\UserRegistration\DataSource\UserRepository.cs:line 43
   at Service.UserService.RegisterUser(RegisterModel model) in C:\Users\junya\source\repos\UserRegistration\Service\UserService.cs:line 50
   at UserRegistration.Controllers.AccountController.Register(RegisterModel model) in C:\Users\junya\source\repos\UserRegistration\UserRegistration\Controllers\AccountController.cs:line 36
   at Microsoft.AspNetCore.Mvc.Infrastructure.ActionMethodExecutor.TaskOfIActionResultExecutor.Execute(ActionContext actionContext, IActionResultTypeMapper mapper, ObjectMethodExecutor executor, Object controller, Object[] arguments)
   at Microsoft.AspNetCore.Mvc.Infrastructure.ControllerActionInvoker.<InvokeActionMethodAsync>g__Awaited|12_0(ControllerActionInvoker invoker, ValueTask`1 actionResultValueTask)
   at Microsoft.AspNetCore.Mvc.Infrastructure.ControllerActionInvoker.<InvokeNextActionFilterAsync>g__Awaited|10_0(ControllerActionInvoker invoker, Task lastTask, State next, Scope scope, Object state, Boolean isCompleted)
   at Microsoft.AspNetCore.Mvc.Infrastructure.ControllerActionInvoker.Rethrow(ActionExecutedContextSealed context)
   at Microsoft.AspNetCore.Mvc.Infrastructure.ControllerActionInvoker.Next(State& next, Scope& scope, Object& state, Boolean& isCompleted)
   at Microsoft.AspNetCore.Mvc.Infrastructure.ControllerActionInvoker.<InvokeInnerFilterAsync>g__Awaited|13_0(ControllerActionInvoker invoker, Task lastTask, State next, Scope scope, Object state, Boolean isCompleted)
   at Microsoft.AspNetCore.Mvc.Infrastructure.ResourceInvoker.<InvokeNextResourceFilter>g__Awaited|25_0(ResourceInvoker invoker, Task lastTask, State next, Scope scope, Object state, Boolean isCompleted)
   at Microsoft.AspNetCore.Mvc.Infrastructure.ResourceInvoker.Rethrow(ResourceExecutedContextSealed context)
   at Microsoft.AspNetCore.Mvc.Infrastructure.ResourceInvoker.Next(State& next, Scope& scope, Object& state, Boolean& isCompleted)
   at Microsoft.AspNetCore.Mvc.Infrastructure.ResourceInvoker.<InvokeFilterPipelineAsync>g__Awaited|20_0(ResourceInvoker invoker, Task lastTask, State next, Scope scope, Object state, Boolean isCompleted)
   at Microsoft.AspNetCore.Mvc.Infrastructure.ResourceInvoker.<InvokeAsync>g__Awaited|17_0(ResourceInvoker invoker, Task task, IDisposable scope)
   at Microsoft.AspNetCore.Mvc.Infrastructure.ResourceInvoker.<InvokeAsync>g__Awaited|17_0(ResourceInvoker invoker, Task task, IDisposable scope)
   at Microsoft.AspNetCore.Authorization.AuthorizationMiddleware.Invoke(HttpContext context)
   at Microsoft.AspNetCore.Authentication.AuthenticationMiddleware.Invoke(HttpContext context)
   at Microsoft.AspNetCore.Diagnostics.DeveloperExceptionPageMiddlewareImpl.Invoke(HttpContext context)
  Exception data:
    Severity: ОШИБКА
    SqlState: 42703
    MessageText: столбец "hashpassword" не существует
    Detail: Detail redacted as it may contain sensitive data. Specify 'Include Error Detail' in the connection string to include this information.
    Position: 81
    File: parse_relation.c
    Line: 3706
    Routine: errorMissingColumn|url: https://localhost/Account/Registration|action: Register
2024-07-22 23:29:35.9438|0|DEBUG|UserRegistration.Program|init main |url: |action: 
2024-07-22 23:29:37.1738|14|INFO|Microsoft.Hosting.Lifetime|Now listening on: https://localhost:7087 |url: |action: 
2024-07-22 23:29:37.1803|14|INFO|Microsoft.Hosting.Lifetime|Now listening on: http://localhost:5141 |url: |action: 
2024-07-22 23:29:37.1803|0|INFO|Microsoft.Hosting.Lifetime|Application started. Press Ctrl+C to shut down. |url: |action: 
2024-07-22 23:29:37.1803|0|INFO|Microsoft.Hosting.Lifetime|Hosting environment: Development |url: |action: 
2024-07-22 23:29:37.1803|0|INFO|Microsoft.Hosting.Lifetime|Content root path: C:\Users\junya\source\repos\UserRegistration\UserRegistration |url: |action: 
2024-07-22 23:29:49.4738|1|DEBUG|UserRegistration.Controllers.AccountController|NLog injected into InfoController |url: https://localhost/Account/Registration|action: Register
2024-07-22 23:29:50.1053|0|ERROR|DataSource.UserRepository|Error insert user into the database Npgsql.PostgresException (0x80004005): 42601: ошибка синтаксиса (примерное положение: "$9")

POSITION: 167
   at Npgsql.Internal.NpgsqlConnector.ReadMessageLong(Boolean async, DataRowLoadingMode dataRowLoadingMode, Boolean readingNotifications, Boolean isReadingPrependedMessage)
   at System.Runtime.CompilerServices.PoolingAsyncValueTaskMethodBuilder`1.StateMachineBox`1.System.Threading.Tasks.Sources.IValueTaskSource<TResult>.GetResult(Int16 token)
   at Npgsql.NpgsqlDataReader.NextResult(Boolean async, Boolean isConsuming, CancellationToken cancellationToken)
   at Npgsql.NpgsqlDataReader.NextResult(Boolean async, Boolean isConsuming, CancellationToken cancellationToken)
   at Npgsql.NpgsqlCommand.ExecuteReader(Boolean async, CommandBehavior behavior, CancellationToken cancellationToken)
   at Npgsql.NpgsqlCommand.ExecuteReader(Boolean async, CommandBehavior behavior, CancellationToken cancellationToken)
   at Npgsql.NpgsqlCommand.ExecuteNonQuery(Boolean async, CancellationToken cancellationToken)
   at Dapper.SqlMapper.ExecuteImplAsync(IDbConnection cnn, CommandDefinition command, Object param) in /_/Dapper/SqlMapper.Async.cs:line 662
   at DataSource.UserRepository.Insert(User model) in C:\Users\junya\source\repos\UserRegistration\DataSource\UserRepository.cs:line 44
  Exception data:
    Severity: ОШИБКА
    SqlState: 42601
    MessageText: ошибка синтаксиса (примерное положение: "$9")
    Position: 167
    File: scan.l
    Line: 1245
    Routine: scanner_yyerror|url: https://localhost/Account/Registration|action: Register
2024-07-22 23:29:50.1841|0|ERROR|Service.UserService|Failed to connect to the database Npgsql.PostgresException (0x80004005): 42601: ошибка синтаксиса (примерное положение: "$9")

POSITION: 167
   at Npgsql.Internal.NpgsqlConnector.ReadMessageLong(Boolean async, DataRowLoadingMode dataRowLoadingMode, Boolean readingNotifications, Boolean isReadingPrependedMessage)
   at System.Runtime.CompilerServices.PoolingAsyncValueTaskMethodBuilder`1.StateMachineBox`1.System.Threading.Tasks.Sources.IValueTaskSource<TResult>.GetResult(Int16 token)
   at Npgsql.NpgsqlDataReader.NextResult(Boolean async, Boolean isConsuming, CancellationToken cancellationToken)
   at Npgsql.NpgsqlDataReader.NextResult(Boolean async, Boolean isConsuming, CancellationToken cancellationToken)
   at Npgsql.NpgsqlCommand.ExecuteReader(Boolean async, CommandBehavior behavior, CancellationToken cancellationToken)
   at Npgsql.NpgsqlCommand.ExecuteReader(Boolean async, CommandBehavior behavior, CancellationToken cancellationToken)
   at Npgsql.NpgsqlCommand.ExecuteNonQuery(Boolean async, CancellationToken cancellationToken)
   at Dapper.SqlMapper.ExecuteImplAsync(IDbConnection cnn, CommandDefinition command, Object param) in /_/Dapper/SqlMapper.Async.cs:line 662
   at DataSource.UserRepository.Insert(User model) in C:\Users\junya\source\repos\UserRegistration\DataSource\UserRepository.cs:line 44
   at Service.UserService.RegisterUser(RegisterModel model) in C:\Users\junya\source\repos\UserRegistration\Service\UserService.cs:line 50
  Exception data:
    Severity: ОШИБКА
    SqlState: 42601
    MessageText: ошибка синтаксиса (примерное положение: "$9")
    Position: 167
    File: scan.l
    Line: 1245
    Routine: scanner_yyerror|url: https://localhost/Account/Registration|action: Register
2024-07-22 23:29:50.2404|1|ERROR|Microsoft.AspNetCore.Diagnostics.DeveloperExceptionPageMiddleware|An unhandled exception has occurred while executing the request. Npgsql.PostgresException (0x80004005): 42601: ошибка синтаксиса (примерное положение: "$9")

POSITION: 167
   at Npgsql.Internal.NpgsqlConnector.ReadMessageLong(Boolean async, DataRowLoadingMode dataRowLoadingMode, Boolean readingNotifications, Boolean isReadingPrependedMessage)
   at System.Runtime.CompilerServices.PoolingAsyncValueTaskMethodBuilder`1.StateMachineBox`1.System.Threading.Tasks.Sources.IValueTaskSource<TResult>.GetResult(Int16 token)
   at Npgsql.NpgsqlDataReader.NextResult(Boolean async, Boolean isConsuming, CancellationToken cancellationToken)
   at Npgsql.NpgsqlDataReader.NextResult(Boolean async, Boolean isConsuming, CancellationToken cancellationToken)
   at Npgsql.NpgsqlCommand.ExecuteReader(Boolean async, CommandBehavior behavior, CancellationToken cancellationToken)
   at Npgsql.NpgsqlCommand.ExecuteReader(Boolean async, CommandBehavior behavior, CancellationToken cancellationToken)
   at Npgsql.NpgsqlCommand.ExecuteNonQuery(Boolean async, CancellationToken cancellationToken)
   at Dapper.SqlMapper.ExecuteImplAsync(IDbConnection cnn, CommandDefinition command, Object param) in /_/Dapper/SqlMapper.Async.cs:line 662
   at DataSource.UserRepository.Insert(User model) in C:\Users\junya\source\repos\UserRegistration\DataSource\UserRepository.cs:line 44
   at Service.UserService.RegisterUser(RegisterModel model) in C:\Users\junya\source\repos\UserRegistration\Service\UserService.cs:line 50
   at UserRegistration.Controllers.AccountController.Register(RegisterModel model) in C:\Users\junya\source\repos\UserRegistration\UserRegistration\Controllers\AccountController.cs:line 36
   at Microsoft.AspNetCore.Mvc.Infrastructure.ActionMethodExecutor.TaskOfIActionResultExecutor.Execute(ActionContext actionContext, IActionResultTypeMapper mapper, ObjectMethodExecutor executor, Object controller, Object[] arguments)
   at Microsoft.AspNetCore.Mvc.Infrastructure.ControllerActionInvoker.<InvokeActionMethodAsync>g__Awaited|12_0(ControllerActionInvoker invoker, ValueTask`1 actionResultValueTask)
   at Microsoft.AspNetCore.Mvc.Infrastructure.ControllerActionInvoker.<InvokeNextActionFilterAsync>g__Awaited|10_0(ControllerActionInvoker invoker, Task lastTask, State next, Scope scope, Object state, Boolean isCompleted)
   at Microsoft.AspNetCore.Mvc.Infrastructure.ControllerActionInvoker.Rethrow(ActionExecutedContextSealed context)
   at Microsoft.AspNetCore.Mvc.Infrastructure.ControllerActionInvoker.Next(State& next, Scope& scope, Object& state, Boolean& isCompleted)
   at Microsoft.AspNetCore.Mvc.Infrastructure.ControllerActionInvoker.<InvokeInnerFilterAsync>g__Awaited|13_0(ControllerActionInvoker invoker, Task lastTask, State next, Scope scope, Object state, Boolean isCompleted)
   at Microsoft.AspNetCore.Mvc.Infrastructure.ResourceInvoker.<InvokeNextResourceFilter>g__Awaited|25_0(ResourceInvoker invoker, Task lastTask, State next, Scope scope, Object state, Boolean isCompleted)
   at Microsoft.AspNetCore.Mvc.Infrastructure.ResourceInvoker.Rethrow(ResourceExecutedContextSealed context)
   at Microsoft.AspNetCore.Mvc.Infrastructure.ResourceInvoker.Next(State& next, Scope& scope, Object& state, Boolean& isCompleted)
   at Microsoft.AspNetCore.Mvc.Infrastructure.ResourceInvoker.<InvokeFilterPipelineAsync>g__Awaited|20_0(ResourceInvoker invoker, Task lastTask, State next, Scope scope, Object state, Boolean isCompleted)
   at Microsoft.AspNetCore.Mvc.Infrastructure.ResourceInvoker.<InvokeAsync>g__Awaited|17_0(ResourceInvoker invoker, Task task, IDisposable scope)
   at Microsoft.AspNetCore.Mvc.Infrastructure.ResourceInvoker.<InvokeAsync>g__Awaited|17_0(ResourceInvoker invoker, Task task, IDisposable scope)
   at Microsoft.AspNetCore.Authorization.AuthorizationMiddleware.Invoke(HttpContext context)
   at Microsoft.AspNetCore.Authentication.AuthenticationMiddleware.Invoke(HttpContext context)
   at Microsoft.AspNetCore.Diagnostics.DeveloperExceptionPageMiddlewareImpl.Invoke(HttpContext context)
  Exception data:
    Severity: ОШИБКА
    SqlState: 42601
    MessageText: ошибка синтаксиса (примерное положение: "$9")
    Position: 167
    File: scan.l
    Line: 1245
    Routine: scanner_yyerror|url: https://localhost/Account/Registration|action: Register
2024-07-22 23:30:09.7375|1|DEBUG|UserRegistration.Controllers.AccountController|NLog injected into InfoController |url: https://localhost/Account/Registration|action: Register
2024-07-22 23:31:17.4320|0|ERROR|DataSource.UserRepository|Error insert user into the database Npgsql.PostgresException (0x80004005): 42601: ошибка синтаксиса (примерное положение: "$9")

POSITION: 167
   at Npgsql.Internal.NpgsqlConnector.ReadMessageLong(Boolean async, DataRowLoadingMode dataRowLoadingMode, Boolean readingNotifications, Boolean isReadingPrependedMessage)
   at System.Runtime.CompilerServices.PoolingAsyncValueTaskMethodBuilder`1.StateMachineBox`1.System.Threading.Tasks.Sources.IValueTaskSource<TResult>.GetResult(Int16 token)
   at Npgsql.NpgsqlDataReader.NextResult(Boolean async, Boolean isConsuming, CancellationToken cancellationToken)
   at Npgsql.NpgsqlDataReader.NextResult(Boolean async, Boolean isConsuming, CancellationToken cancellationToken)
   at Npgsql.NpgsqlCommand.ExecuteReader(Boolean async, CommandBehavior behavior, CancellationToken cancellationToken)
   at Npgsql.NpgsqlCommand.ExecuteReader(Boolean async, CommandBehavior behavior, CancellationToken cancellationToken)
   at Npgsql.NpgsqlCommand.ExecuteNonQuery(Boolean async, CancellationToken cancellationToken)
   at Dapper.SqlMapper.ExecuteImplAsync(IDbConnection cnn, CommandDefinition command, Object param) in /_/Dapper/SqlMapper.Async.cs:line 662
   at DataSource.UserRepository.Insert(User model) in C:\Users\junya\source\repos\UserRegistration\DataSource\UserRepository.cs:line 44
  Exception data:
    Severity: ОШИБКА
    SqlState: 42601
    MessageText: ошибка синтаксиса (примерное положение: "$9")
    Position: 167
    File: scan.l
    Line: 1245
    Routine: scanner_yyerror|url: https://localhost/Account/Registration|action: Register
2024-07-22 23:31:25.9256|0|ERROR|Service.UserService|Failed to connect to the database Npgsql.PostgresException (0x80004005): 42601: ошибка синтаксиса (примерное положение: "$9")

POSITION: 167
   at Npgsql.Internal.NpgsqlConnector.ReadMessageLong(Boolean async, DataRowLoadingMode dataRowLoadingMode, Boolean readingNotifications, Boolean isReadingPrependedMessage)
   at System.Runtime.CompilerServices.PoolingAsyncValueTaskMethodBuilder`1.StateMachineBox`1.System.Threading.Tasks.Sources.IValueTaskSource<TResult>.GetResult(Int16 token)
   at Npgsql.NpgsqlDataReader.NextResult(Boolean async, Boolean isConsuming, CancellationToken cancellationToken)
   at Npgsql.NpgsqlDataReader.NextResult(Boolean async, Boolean isConsuming, CancellationToken cancellationToken)
   at Npgsql.NpgsqlCommand.ExecuteReader(Boolean async, CommandBehavior behavior, CancellationToken cancellationToken)
   at Npgsql.NpgsqlCommand.ExecuteReader(Boolean async, CommandBehavior behavior, CancellationToken cancellationToken)
   at Npgsql.NpgsqlCommand.ExecuteNonQuery(Boolean async, CancellationToken cancellationToken)
   at Dapper.SqlMapper.ExecuteImplAsync(IDbConnection cnn, CommandDefinition command, Object param) in /_/Dapper/SqlMapper.Async.cs:line 662
   at DataSource.UserRepository.Insert(User model) in C:\Users\junya\source\repos\UserRegistration\DataSource\UserRepository.cs:line 44
   at Service.UserService.RegisterUser(RegisterModel model) in C:\Users\junya\source\repos\UserRegistration\Service\UserService.cs:line 50
  Exception data:
    Severity: ОШИБКА
    SqlState: 42601
    MessageText: ошибка синтаксиса (примерное положение: "$9")
    Position: 167
    File: scan.l
    Line: 1245
    Routine: scanner_yyerror|url: https://localhost/Account/Registration|action: Register
2024-07-22 23:31:26.5932|1|ERROR|Microsoft.AspNetCore.Diagnostics.DeveloperExceptionPageMiddleware|An unhandled exception has occurred while executing the request. Npgsql.PostgresException (0x80004005): 42601: ошибка синтаксиса (примерное положение: "$9")

POSITION: 167
   at Npgsql.Internal.NpgsqlConnector.ReadMessageLong(Boolean async, DataRowLoadingMode dataRowLoadingMode, Boolean readingNotifications, Boolean isReadingPrependedMessage)
   at System.Runtime.CompilerServices.PoolingAsyncValueTaskMethodBuilder`1.StateMachineBox`1.System.Threading.Tasks.Sources.IValueTaskSource<TResult>.GetResult(Int16 token)
   at Npgsql.NpgsqlDataReader.NextResult(Boolean async, Boolean isConsuming, CancellationToken cancellationToken)
   at Npgsql.NpgsqlDataReader.NextResult(Boolean async, Boolean isConsuming, CancellationToken cancellationToken)
   at Npgsql.NpgsqlCommand.ExecuteReader(Boolean async, CommandBehavior behavior, CancellationToken cancellationToken)
   at Npgsql.NpgsqlCommand.ExecuteReader(Boolean async, CommandBehavior behavior, CancellationToken cancellationToken)
   at Npgsql.NpgsqlCommand.ExecuteNonQuery(Boolean async, CancellationToken cancellationToken)
   at Dapper.SqlMapper.ExecuteImplAsync(IDbConnection cnn, CommandDefinition command, Object param) in /_/Dapper/SqlMapper.Async.cs:line 662
   at DataSource.UserRepository.Insert(User model) in C:\Users\junya\source\repos\UserRegistration\DataSource\UserRepository.cs:line 44
   at Service.UserService.RegisterUser(RegisterModel model) in C:\Users\junya\source\repos\UserRegistration\Service\UserService.cs:line 50
   at UserRegistration.Controllers.AccountController.Register(RegisterModel model) in C:\Users\junya\source\repos\UserRegistration\UserRegistration\Controllers\AccountController.cs:line 36
   at Microsoft.AspNetCore.Mvc.Infrastructure.ActionMethodExecutor.TaskOfIActionResultExecutor.Execute(ActionContext actionContext, IActionResultTypeMapper mapper, ObjectMethodExecutor executor, Object controller, Object[] arguments)
   at Microsoft.AspNetCore.Mvc.Infrastructure.ControllerActionInvoker.<InvokeActionMethodAsync>g__Awaited|12_0(ControllerActionInvoker invoker, ValueTask`1 actionResultValueTask)
   at Microsoft.AspNetCore.Mvc.Infrastructure.ControllerActionInvoker.<InvokeNextActionFilterAsync>g__Awaited|10_0(ControllerActionInvoker invoker, Task lastTask, State next, Scope scope, Object state, Boolean isCompleted)
   at Microsoft.AspNetCore.Mvc.Infrastructure.ControllerActionInvoker.Rethrow(ActionExecutedContextSealed context)
   at Microsoft.AspNetCore.Mvc.Infrastructure.ControllerActionInvoker.Next(State& next, Scope& scope, Object& state, Boolean& isCompleted)
   at Microsoft.AspNetCore.Mvc.Infrastructure.ControllerActionInvoker.<InvokeInnerFilterAsync>g__Awaited|13_0(ControllerActionInvoker invoker, Task lastTask, State next, Scope scope, Object state, Boolean isCompleted)
   at Microsoft.AspNetCore.Mvc.Infrastructure.ResourceInvoker.<InvokeNextResourceFilter>g__Awaited|25_0(ResourceInvoker invoker, Task lastTask, State next, Scope scope, Object state, Boolean isCompleted)
   at Microsoft.AspNetCore.Mvc.Infrastructure.ResourceInvoker.Rethrow(ResourceExecutedContextSealed context)
   at Microsoft.AspNetCore.Mvc.Infrastructure.ResourceInvoker.Next(State& next, Scope& scope, Object& state, Boolean& isCompleted)
   at Microsoft.AspNetCore.Mvc.Infrastructure.ResourceInvoker.<InvokeFilterPipelineAsync>g__Awaited|20_0(ResourceInvoker invoker, Task lastTask, State next, Scope scope, Object state, Boolean isCompleted)
   at Microsoft.AspNetCore.Mvc.Infrastructure.ResourceInvoker.<InvokeAsync>g__Awaited|17_0(ResourceInvoker invoker, Task task, IDisposable scope)
   at Microsoft.AspNetCore.Mvc.Infrastructure.ResourceInvoker.<InvokeAsync>g__Awaited|17_0(ResourceInvoker invoker, Task task, IDisposable scope)
   at Microsoft.AspNetCore.Authorization.AuthorizationMiddleware.Invoke(HttpContext context)
   at Microsoft.AspNetCore.Authentication.AuthenticationMiddleware.Invoke(HttpContext context)
   at Microsoft.AspNetCore.Diagnostics.DeveloperExceptionPageMiddlewareImpl.Invoke(HttpContext context)
  Exception data:
    Severity: ОШИБКА
    SqlState: 42601
    MessageText: ошибка синтаксиса (примерное положение: "$9")
    Position: 167
    File: scan.l
    Line: 1245
    Routine: scanner_yyerror|url: https://localhost/Account/Registration|action: Register
2024-07-22 23:32:35.3358|0|DEBUG|UserRegistration.Program|init main |url: |action: 
2024-07-22 23:32:36.1576|14|INFO|Microsoft.Hosting.Lifetime|Now listening on: https://localhost:7087 |url: |action: 
2024-07-22 23:32:36.1634|14|INFO|Microsoft.Hosting.Lifetime|Now listening on: http://localhost:5141 |url: |action: 
2024-07-22 23:32:36.1634|0|INFO|Microsoft.Hosting.Lifetime|Application started. Press Ctrl+C to shut down. |url: |action: 
2024-07-22 23:32:36.1634|0|INFO|Microsoft.Hosting.Lifetime|Hosting environment: Development |url: |action: 
2024-07-22 23:32:36.1634|0|INFO|Microsoft.Hosting.Lifetime|Content root path: C:\Users\junya\source\repos\UserRegistration\UserRegistration |url: |action: 
2024-07-22 23:32:47.6934|1|DEBUG|UserRegistration.Controllers.AccountController|NLog injected into InfoController |url: https://localhost/Account/Registration|action: Register
2024-07-22 23:32:48.0640|0|ERROR|DataSource.UserRepository|Error insert user into the database Npgsql.PostgresException (0x80004005): 42601: ошибка синтаксиса (примерное положение: "$9")

POSITION: 142
   at Npgsql.Internal.NpgsqlConnector.ReadMessageLong(Boolean async, DataRowLoadingMode dataRowLoadingMode, Boolean readingNotifications, Boolean isReadingPrependedMessage)
   at System.Runtime.CompilerServices.PoolingAsyncValueTaskMethodBuilder`1.StateMachineBox`1.System.Threading.Tasks.Sources.IValueTaskSource<TResult>.GetResult(Int16 token)
   at Npgsql.NpgsqlDataReader.NextResult(Boolean async, Boolean isConsuming, CancellationToken cancellationToken)
   at Npgsql.NpgsqlDataReader.NextResult(Boolean async, Boolean isConsuming, CancellationToken cancellationToken)
   at Npgsql.NpgsqlCommand.ExecuteReader(Boolean async, CommandBehavior behavior, CancellationToken cancellationToken)
   at Npgsql.NpgsqlCommand.ExecuteReader(Boolean async, CommandBehavior behavior, CancellationToken cancellationToken)
   at Npgsql.NpgsqlCommand.ExecuteNonQuery(Boolean async, CancellationToken cancellationToken)
   at Dapper.SqlMapper.ExecuteImplAsync(IDbConnection cnn, CommandDefinition command, Object param) in /_/Dapper/SqlMapper.Async.cs:line 662
   at DataSource.UserRepository.Insert(User model) in C:\Users\junya\source\repos\UserRegistration\DataSource\UserRepository.cs:line 30
  Exception data:
    Severity: ОШИБКА
    SqlState: 42601
    MessageText: ошибка синтаксиса (примерное положение: "$9")
    Position: 142
    File: scan.l
    Line: 1245
    Routine: scanner_yyerror|url: https://localhost/Account/Registration|action: Register
2024-07-22 23:32:48.1494|0|ERROR|Service.UserService|Failed to connect to the database Npgsql.PostgresException (0x80004005): 42601: ошибка синтаксиса (примерное положение: "$9")

POSITION: 142
   at Npgsql.Internal.NpgsqlConnector.ReadMessageLong(Boolean async, DataRowLoadingMode dataRowLoadingMode, Boolean readingNotifications, Boolean isReadingPrependedMessage)
   at System.Runtime.CompilerServices.PoolingAsyncValueTaskMethodBuilder`1.StateMachineBox`1.System.Threading.Tasks.Sources.IValueTaskSource<TResult>.GetResult(Int16 token)
   at Npgsql.NpgsqlDataReader.NextResult(Boolean async, Boolean isConsuming, CancellationToken cancellationToken)
   at Npgsql.NpgsqlDataReader.NextResult(Boolean async, Boolean isConsuming, CancellationToken cancellationToken)
   at Npgsql.NpgsqlCommand.ExecuteReader(Boolean async, CommandBehavior behavior, CancellationToken cancellationToken)
   at Npgsql.NpgsqlCommand.ExecuteReader(Boolean async, CommandBehavior behavior, CancellationToken cancellationToken)
   at Npgsql.NpgsqlCommand.ExecuteNonQuery(Boolean async, CancellationToken cancellationToken)
   at Dapper.SqlMapper.ExecuteImplAsync(IDbConnection cnn, CommandDefinition command, Object param) in /_/Dapper/SqlMapper.Async.cs:line 662
   at DataSource.UserRepository.Insert(User model) in C:\Users\junya\source\repos\UserRegistration\DataSource\UserRepository.cs:line 30
   at Service.UserService.RegisterUser(RegisterModel model) in C:\Users\junya\source\repos\UserRegistration\Service\UserService.cs:line 50
  Exception data:
    Severity: ОШИБКА
    SqlState: 42601
    MessageText: ошибка синтаксиса (примерное положение: "$9")
    Position: 142
    File: scan.l
    Line: 1245
    Routine: scanner_yyerror|url: https://localhost/Account/Registration|action: Register
2024-07-22 23:32:48.2088|1|ERROR|Microsoft.AspNetCore.Diagnostics.DeveloperExceptionPageMiddleware|An unhandled exception has occurred while executing the request. Npgsql.PostgresException (0x80004005): 42601: ошибка синтаксиса (примерное положение: "$9")

POSITION: 142
   at Npgsql.Internal.NpgsqlConnector.ReadMessageLong(Boolean async, DataRowLoadingMode dataRowLoadingMode, Boolean readingNotifications, Boolean isReadingPrependedMessage)
   at System.Runtime.CompilerServices.PoolingAsyncValueTaskMethodBuilder`1.StateMachineBox`1.System.Threading.Tasks.Sources.IValueTaskSource<TResult>.GetResult(Int16 token)
   at Npgsql.NpgsqlDataReader.NextResult(Boolean async, Boolean isConsuming, CancellationToken cancellationToken)
   at Npgsql.NpgsqlDataReader.NextResult(Boolean async, Boolean isConsuming, CancellationToken cancellationToken)
   at Npgsql.NpgsqlCommand.ExecuteReader(Boolean async, CommandBehavior behavior, CancellationToken cancellationToken)
   at Npgsql.NpgsqlCommand.ExecuteReader(Boolean async, CommandBehavior behavior, CancellationToken cancellationToken)
   at Npgsql.NpgsqlCommand.ExecuteNonQuery(Boolean async, CancellationToken cancellationToken)
   at Dapper.SqlMapper.ExecuteImplAsync(IDbConnection cnn, CommandDefinition command, Object param) in /_/Dapper/SqlMapper.Async.cs:line 662
   at DataSource.UserRepository.Insert(User model) in C:\Users\junya\source\repos\UserRegistration\DataSource\UserRepository.cs:line 30
   at Service.UserService.RegisterUser(RegisterModel model) in C:\Users\junya\source\repos\UserRegistration\Service\UserService.cs:line 50
   at UserRegistration.Controllers.AccountController.Register(RegisterModel model) in C:\Users\junya\source\repos\UserRegistration\UserRegistration\Controllers\AccountController.cs:line 36
   at Microsoft.AspNetCore.Mvc.Infrastructure.ActionMethodExecutor.TaskOfIActionResultExecutor.Execute(ActionContext actionContext, IActionResultTypeMapper mapper, ObjectMethodExecutor executor, Object controller, Object[] arguments)
   at Microsoft.AspNetCore.Mvc.Infrastructure.ControllerActionInvoker.<InvokeActionMethodAsync>g__Awaited|12_0(ControllerActionInvoker invoker, ValueTask`1 actionResultValueTask)
   at Microsoft.AspNetCore.Mvc.Infrastructure.ControllerActionInvoker.<InvokeNextActionFilterAsync>g__Awaited|10_0(ControllerActionInvoker invoker, Task lastTask, State next, Scope scope, Object state, Boolean isCompleted)
   at Microsoft.AspNetCore.Mvc.Infrastructure.ControllerActionInvoker.Rethrow(ActionExecutedContextSealed context)
   at Microsoft.AspNetCore.Mvc.Infrastructure.ControllerActionInvoker.Next(State& next, Scope& scope, Object& state, Boolean& isCompleted)
   at Microsoft.AspNetCore.Mvc.Infrastructure.ControllerActionInvoker.<InvokeInnerFilterAsync>g__Awaited|13_0(ControllerActionInvoker invoker, Task lastTask, State next, Scope scope, Object state, Boolean isCompleted)
   at Microsoft.AspNetCore.Mvc.Infrastructure.ResourceInvoker.<InvokeNextResourceFilter>g__Awaited|25_0(ResourceInvoker invoker, Task lastTask, State next, Scope scope, Object state, Boolean isCompleted)
   at Microsoft.AspNetCore.Mvc.Infrastructure.ResourceInvoker.Rethrow(ResourceExecutedContextSealed context)
   at Microsoft.AspNetCore.Mvc.Infrastructure.ResourceInvoker.Next(State& next, Scope& scope, Object& state, Boolean& isCompleted)
   at Microsoft.AspNetCore.Mvc.Infrastructure.ResourceInvoker.<InvokeFilterPipelineAsync>g__Awaited|20_0(ResourceInvoker invoker, Task lastTask, State next, Scope scope, Object state, Boolean isCompleted)
   at Microsoft.AspNetCore.Mvc.Infrastructure.ResourceInvoker.<InvokeAsync>g__Awaited|17_0(ResourceInvoker invoker, Task task, IDisposable scope)
   at Microsoft.AspNetCore.Mvc.Infrastructure.ResourceInvoker.<InvokeAsync>g__Awaited|17_0(ResourceInvoker invoker, Task task, IDisposable scope)
   at Microsoft.AspNetCore.Authorization.AuthorizationMiddleware.Invoke(HttpContext context)
   at Microsoft.AspNetCore.Authentication.AuthenticationMiddleware.Invoke(HttpContext context)
   at Microsoft.AspNetCore.Diagnostics.DeveloperExceptionPageMiddlewareImpl.Invoke(HttpContext context)
  Exception data:
    Severity: ОШИБКА
    SqlState: 42601
    MessageText: ошибка синтаксиса (примерное положение: "$9")
    Position: 142
    File: scan.l
    Line: 1245
    Routine: scanner_yyerror|url: https://localhost/Account/Registration|action: Register
2024-07-22 23:33:22.8720|1|DEBUG|UserRegistration.Controllers.AccountController|NLog injected into InfoController |url: https://localhost/Account/Registration|action: Register
2024-07-22 23:34:07.0491|0|ERROR|DataSource.UserRepository|Error insert user into the database Npgsql.PostgresException (0x80004005): 42601: ошибка синтаксиса (примерное положение: "$9")

POSITION: 142
   at Npgsql.Internal.NpgsqlConnector.ReadMessageLong(Boolean async, DataRowLoadingMode dataRowLoadingMode, Boolean readingNotifications, Boolean isReadingPrependedMessage)
   at System.Runtime.CompilerServices.PoolingAsyncValueTaskMethodBuilder`1.StateMachineBox`1.System.Threading.Tasks.Sources.IValueTaskSource<TResult>.GetResult(Int16 token)
   at Npgsql.NpgsqlDataReader.NextResult(Boolean async, Boolean isConsuming, CancellationToken cancellationToken)
   at Npgsql.NpgsqlDataReader.NextResult(Boolean async, Boolean isConsuming, CancellationToken cancellationToken)
   at Npgsql.NpgsqlCommand.ExecuteReader(Boolean async, CommandBehavior behavior, CancellationToken cancellationToken)
   at Npgsql.NpgsqlCommand.ExecuteReader(Boolean async, CommandBehavior behavior, CancellationToken cancellationToken)
   at Npgsql.NpgsqlCommand.ExecuteNonQuery(Boolean async, CancellationToken cancellationToken)
   at Dapper.SqlMapper.ExecuteImplAsync(IDbConnection cnn, CommandDefinition command, Object param) in /_/Dapper/SqlMapper.Async.cs:line 662
   at DataSource.UserRepository.Insert(User model) in C:\Users\junya\source\repos\UserRegistration\DataSource\UserRepository.cs:line 30
  Exception data:
    Severity: ОШИБКА
    SqlState: 42601
    MessageText: ошибка синтаксиса (примерное положение: "$9")
    Position: 142
    File: scan.l
    Line: 1245
    Routine: scanner_yyerror|url: https://localhost/Account/Registration|action: Register
2024-07-22 23:36:07.0989|0|DEBUG|UserRegistration.Program|init main |url: |action: 
2024-07-22 23:36:08.3493|14|INFO|Microsoft.Hosting.Lifetime|Now listening on: https://localhost:7087 |url: |action: 
2024-07-22 23:36:08.3554|14|INFO|Microsoft.Hosting.Lifetime|Now listening on: http://localhost:5141 |url: |action: 
2024-07-22 23:36:08.3554|0|INFO|Microsoft.Hosting.Lifetime|Application started. Press Ctrl+C to shut down. |url: |action: 
2024-07-22 23:36:08.3554|0|INFO|Microsoft.Hosting.Lifetime|Hosting environment: Development |url: |action: 
2024-07-22 23:36:08.3554|0|INFO|Microsoft.Hosting.Lifetime|Content root path: C:\Users\junya\source\repos\UserRegistration\UserRegistration |url: |action: 
2024-07-22 23:37:37.6615|1|DEBUG|UserRegistration.Controllers.AccountController|NLog injected into InfoController |url: https://localhost/Account/Registration|action: Register
