2024-07-30 00:00:35.8134|0|DEBUG|UserRegistration.Program|init main |url: |action: 
2024-07-30 00:00:36.9245|14|INFO|Microsoft.Hosting.Lifetime|Now listening on: https://localhost:7087 |url: |action: 
2024-07-30 00:00:36.9364|14|INFO|Microsoft.Hosting.Lifetime|Now listening on: http://localhost:5141 |url: |action: 
2024-07-30 00:00:36.9364|0|INFO|Microsoft.Hosting.Lifetime|Application started. Press Ctrl+C to shut down. |url: |action: 
2024-07-30 00:00:36.9364|0|INFO|Microsoft.Hosting.Lifetime|Hosting environment: Development |url: |action: 
2024-07-30 00:00:36.9364|0|INFO|Microsoft.Hosting.Lifetime|Content root path: C:\Users\junya\source\repos\UserRegistration\UserRegistration |url: |action: 
2024-07-30 00:00:37.6858|1|DEBUG|UserRegistration.Controllers.AccountController|NLog injected into InfoController |url: https://localhost/|action: Index
2024-07-30 00:00:37.7635|3|WARN|Microsoft.WebTools.BrowserLink.Net.BrowserLinkMiddleware|Unable to configure Browser Link script injection on the response.  |url: https://localhost/|action: Index
2024-07-30 00:00:37.7635|3|WARN|Microsoft.AspNetCore.Watch.BrowserRefresh.BrowserRefreshMiddleware|Unable to configure browser refresh script injection on the response. Consider manually adding '<script src="/_framework/aspnetcore-browser-refresh.js"></script>' to the body of the page. |url: https://localhost/|action: Index
2024-07-30 00:00:39.1683|1|DEBUG|UserRegistration.Controllers.AccountController|NLog injected into InfoController |url: https://localhost/Account/Login|action: Login
2024-07-30 00:00:39.2029|3|WARN|Microsoft.WebTools.BrowserLink.Net.BrowserLinkMiddleware|Unable to configure Browser Link script injection on the response.  |url: https://localhost/Account/Login|action: Login
2024-07-30 00:00:39.2029|3|WARN|Microsoft.AspNetCore.Watch.BrowserRefresh.BrowserRefreshMiddleware|Unable to configure browser refresh script injection on the response. Consider manually adding '<script src="/_framework/aspnetcore-browser-refresh.js"></script>' to the body of the page. |url: https://localhost/Account/Login|action: Login
2024-07-30 00:00:40.5628|1|DEBUG|UserRegistration.Controllers.AccountController|NLog injected into InfoController |url: https://localhost/Account/Login|action: Login
2024-07-30 00:01:45.3291|0|DEBUG|UserRegistration.Program|init main |url: |action: 
2024-07-30 00:01:46.3713|14|INFO|Microsoft.Hosting.Lifetime|Now listening on: https://localhost:7087 |url: |action: 
2024-07-30 00:01:46.3827|14|INFO|Microsoft.Hosting.Lifetime|Now listening on: http://localhost:5141 |url: |action: 
2024-07-30 00:01:46.3827|0|INFO|Microsoft.Hosting.Lifetime|Application started. Press Ctrl+C to shut down. |url: |action: 
2024-07-30 00:01:46.3899|0|INFO|Microsoft.Hosting.Lifetime|Hosting environment: Development |url: |action: 
2024-07-30 00:01:46.3899|0|INFO|Microsoft.Hosting.Lifetime|Content root path: C:\Users\junya\source\repos\UserRegistration\UserRegistration |url: |action: 
2024-07-30 00:01:46.8307|1|DEBUG|UserRegistration.Controllers.AccountController|NLog injected into InfoController |url: https://localhost/|action: Index
2024-07-30 00:01:46.8928|3|WARN|Microsoft.WebTools.BrowserLink.Net.BrowserLinkMiddleware|Unable to configure Browser Link script injection on the response.  |url: https://localhost/|action: Index
2024-07-30 00:01:46.8928|3|WARN|Microsoft.AspNetCore.Watch.BrowserRefresh.BrowserRefreshMiddleware|Unable to configure browser refresh script injection on the response. Consider manually adding '<script src="/_framework/aspnetcore-browser-refresh.js"></script>' to the body of the page. |url: https://localhost/|action: Index
2024-07-30 00:01:48.1178|1|DEBUG|UserRegistration.Controllers.AccountController|NLog injected into InfoController |url: https://localhost/Account/Login|action: Login
2024-07-30 00:01:48.1519|3|WARN|Microsoft.WebTools.BrowserLink.Net.BrowserLinkMiddleware|Unable to configure Browser Link script injection on the response.  |url: https://localhost/Account/Login|action: Login
2024-07-30 00:01:48.1519|3|WARN|Microsoft.AspNetCore.Watch.BrowserRefresh.BrowserRefreshMiddleware|Unable to configure browser refresh script injection on the response. Consider manually adding '<script src="/_framework/aspnetcore-browser-refresh.js"></script>' to the body of the page. |url: https://localhost/Account/Login|action: Login
2024-07-30 00:01:49.3180|1|DEBUG|UserRegistration.Controllers.AccountController|NLog injected into InfoController |url: https://localhost/Account/Login|action: Login
2024-07-30 00:02:57.4048|0|DEBUG|UserRegistration.Program|init main |url: |action: 
2024-07-30 00:02:58.6082|14|INFO|Microsoft.Hosting.Lifetime|Now listening on: https://localhost:7087 |url: |action: 
2024-07-30 00:02:58.6082|14|INFO|Microsoft.Hosting.Lifetime|Now listening on: http://localhost:5141 |url: |action: 
2024-07-30 00:02:58.6264|0|INFO|Microsoft.Hosting.Lifetime|Application started. Press Ctrl+C to shut down. |url: |action: 
2024-07-30 00:02:58.6264|0|INFO|Microsoft.Hosting.Lifetime|Hosting environment: Development |url: |action: 
2024-07-30 00:02:58.6264|0|INFO|Microsoft.Hosting.Lifetime|Content root path: C:\Users\junya\source\repos\UserRegistration\UserRegistration |url: |action: 
2024-07-30 00:02:59.3107|1|DEBUG|UserRegistration.Controllers.AccountController|NLog injected into InfoController |url: https://localhost/|action: Index
2024-07-30 00:02:59.3667|3|WARN|Microsoft.WebTools.BrowserLink.Net.BrowserLinkMiddleware|Unable to configure Browser Link script injection on the response.  |url: https://localhost/|action: Index
2024-07-30 00:02:59.3667|3|WARN|Microsoft.AspNetCore.Watch.BrowserRefresh.BrowserRefreshMiddleware|Unable to configure browser refresh script injection on the response. Consider manually adding '<script src="/_framework/aspnetcore-browser-refresh.js"></script>' to the body of the page. |url: https://localhost/|action: Index
2024-07-30 00:03:20.3009|0|DEBUG|UserRegistration.Program|init main |url: |action: 
2024-07-30 00:03:21.3494|14|INFO|Microsoft.Hosting.Lifetime|Now listening on: https://localhost:7087 |url: |action: 
2024-07-30 00:03:21.3660|14|INFO|Microsoft.Hosting.Lifetime|Now listening on: http://localhost:5141 |url: |action: 
2024-07-30 00:03:21.3742|0|INFO|Microsoft.Hosting.Lifetime|Application started. Press Ctrl+C to shut down. |url: |action: 
2024-07-30 00:03:21.3742|0|INFO|Microsoft.Hosting.Lifetime|Hosting environment: Development |url: |action: 
2024-07-30 00:03:21.3742|0|INFO|Microsoft.Hosting.Lifetime|Content root path: C:\Users\junya\source\repos\UserRegistration\UserRegistration |url: |action: 
2024-07-30 00:03:21.8580|1|DEBUG|UserRegistration.Controllers.AccountController|NLog injected into InfoController |url: https://localhost/|action: Index
2024-07-30 00:03:21.9152|3|WARN|Microsoft.WebTools.BrowserLink.Net.BrowserLinkMiddleware|Unable to configure Browser Link script injection on the response.  |url: https://localhost/|action: Index
2024-07-30 00:03:21.9152|3|WARN|Microsoft.AspNetCore.Watch.BrowserRefresh.BrowserRefreshMiddleware|Unable to configure browser refresh script injection on the response. Consider manually adding '<script src="/_framework/aspnetcore-browser-refresh.js"></script>' to the body of the page. |url: https://localhost/|action: Index
2024-07-30 00:10:32.3364|0|DEBUG|UserRegistration.Program|init main |url: |action: 
2024-07-30 00:10:33.5866|14|INFO|Microsoft.Hosting.Lifetime|Now listening on: https://localhost:7087 |url: |action: 
2024-07-30 00:10:33.5938|14|INFO|Microsoft.Hosting.Lifetime|Now listening on: http://localhost:5141 |url: |action: 
2024-07-30 00:10:33.5938|0|INFO|Microsoft.Hosting.Lifetime|Application started. Press Ctrl+C to shut down. |url: |action: 
2024-07-30 00:10:33.5938|0|INFO|Microsoft.Hosting.Lifetime|Hosting environment: Development |url: |action: 
2024-07-30 00:10:33.5938|0|INFO|Microsoft.Hosting.Lifetime|Content root path: C:\Users\junya\source\repos\UserRegistration\UserRegistration |url: |action: 
2024-07-30 00:10:34.3058|1|DEBUG|UserRegistration.Controllers.AccountController|NLog injected into InfoController |url: https://localhost/|action: Index
2024-07-30 00:10:34.3689|3|WARN|Microsoft.WebTools.BrowserLink.Net.BrowserLinkMiddleware|Unable to configure Browser Link script injection on the response.  |url: https://localhost/|action: Index
2024-07-30 00:10:34.3689|3|WARN|Microsoft.AspNetCore.Watch.BrowserRefresh.BrowserRefreshMiddleware|Unable to configure browser refresh script injection on the response. Consider manually adding '<script src="/_framework/aspnetcore-browser-refresh.js"></script>' to the body of the page. |url: https://localhost/|action: Index
2024-07-30 00:10:35.3549|1|DEBUG|UserRegistration.Controllers.AccountController|NLog injected into InfoController |url: https://localhost/Account/Login|action: Login
2024-07-30 00:10:35.3856|3|WARN|Microsoft.WebTools.BrowserLink.Net.BrowserLinkMiddleware|Unable to configure Browser Link script injection on the response.  |url: https://localhost/Account/Login|action: Login
2024-07-30 00:10:35.3856|3|WARN|Microsoft.AspNetCore.Watch.BrowserRefresh.BrowserRefreshMiddleware|Unable to configure browser refresh script injection on the response. Consider manually adding '<script src="/_framework/aspnetcore-browser-refresh.js"></script>' to the body of the page. |url: https://localhost/Account/Login|action: Login
2024-07-30 00:10:37.1104|1|DEBUG|UserRegistration.Controllers.AccountController|NLog injected into InfoController |url: https://localhost/Account/Login|action: Login
2024-07-30 00:10:37.7302|1|DEBUG|UserRegistration.Controllers.AccountController|NLog injected into InfoController |url: https://localhost/Account/Login|action: Login
2024-07-30 00:10:37.7333|3|WARN|Microsoft.WebTools.BrowserLink.Net.BrowserLinkMiddleware|Unable to configure Browser Link script injection on the response.  |url: https://localhost/Account/Login|action: Login
2024-07-30 00:10:37.7333|3|WARN|Microsoft.AspNetCore.Watch.BrowserRefresh.BrowserRefreshMiddleware|Unable to configure browser refresh script injection on the response. Consider manually adding '<script src="/_framework/aspnetcore-browser-refresh.js"></script>' to the body of the page. |url: https://localhost/Account/Login|action: Login
2024-07-30 00:10:39.3019|1|DEBUG|UserRegistration.Controllers.AccountController|NLog injected into InfoController |url: https://localhost/Account/Login|action: Login
2024-07-30 00:10:39.5678|1|DEBUG|UserRegistration.Controllers.AccountController|NLog injected into InfoController |url: https://localhost/Account/Login|action: Login
2024-07-30 00:10:39.5678|3|WARN|Microsoft.WebTools.BrowserLink.Net.BrowserLinkMiddleware|Unable to configure Browser Link script injection on the response.  |url: https://localhost/Account/Login|action: Login
2024-07-30 00:10:39.5678|3|WARN|Microsoft.AspNetCore.Watch.BrowserRefresh.BrowserRefreshMiddleware|Unable to configure browser refresh script injection on the response. Consider manually adding '<script src="/_framework/aspnetcore-browser-refresh.js"></script>' to the body of the page. |url: https://localhost/Account/Login|action: Login
2024-07-30 00:10:40.3798|1|DEBUG|UserRegistration.Controllers.AccountController|NLog injected into InfoController |url: https://localhost/Account/Login|action: Login
2024-07-30 00:10:40.5216|1|DEBUG|UserRegistration.Controllers.AccountController|NLog injected into InfoController |url: https://localhost/Account/Login|action: Login
2024-07-30 00:10:40.5216|3|WARN|Microsoft.WebTools.BrowserLink.Net.BrowserLinkMiddleware|Unable to configure Browser Link script injection on the response.  |url: https://localhost/Account/Login|action: Login
2024-07-30 00:10:40.5216|3|WARN|Microsoft.AspNetCore.Watch.BrowserRefresh.BrowserRefreshMiddleware|Unable to configure browser refresh script injection on the response. Consider manually adding '<script src="/_framework/aspnetcore-browser-refresh.js"></script>' to the body of the page. |url: https://localhost/Account/Login|action: Login
2024-07-30 00:10:41.0663|1|DEBUG|UserRegistration.Controllers.AccountController|NLog injected into InfoController |url: https://localhost/Account/Login|action: Login
2024-07-30 00:10:41.2077|1|DEBUG|UserRegistration.Controllers.AccountController|NLog injected into InfoController |url: https://localhost/Account/Login|action: Login
2024-07-30 00:10:41.2077|3|WARN|Microsoft.WebTools.BrowserLink.Net.BrowserLinkMiddleware|Unable to configure Browser Link script injection on the response.  |url: https://localhost/Account/Login|action: Login
2024-07-30 00:10:41.2077|3|WARN|Microsoft.AspNetCore.Watch.BrowserRefresh.BrowserRefreshMiddleware|Unable to configure browser refresh script injection on the response. Consider manually adding '<script src="/_framework/aspnetcore-browser-refresh.js"></script>' to the body of the page. |url: https://localhost/Account/Login|action: Login
2024-07-30 00:10:41.6406|1|DEBUG|UserRegistration.Controllers.AccountController|NLog injected into InfoController |url: https://localhost/Account/Login|action: Login
2024-07-30 00:10:41.7755|1|DEBUG|UserRegistration.Controllers.AccountController|NLog injected into InfoController |url: https://localhost/Account/Login|action: Login
2024-07-30 00:10:41.7755|3|WARN|Microsoft.WebTools.BrowserLink.Net.BrowserLinkMiddleware|Unable to configure Browser Link script injection on the response.  |url: https://localhost/Account/Login|action: Login
2024-07-30 00:10:41.7755|3|WARN|Microsoft.AspNetCore.Watch.BrowserRefresh.BrowserRefreshMiddleware|Unable to configure browser refresh script injection on the response. Consider manually adding '<script src="/_framework/aspnetcore-browser-refresh.js"></script>' to the body of the page. |url: https://localhost/Account/Login|action: Login
2024-07-30 00:10:42.0166|1|DEBUG|UserRegistration.Controllers.AccountController|NLog injected into InfoController |url: https://localhost/Account/Login|action: Login
2024-07-30 00:10:42.1538|1|DEBUG|UserRegistration.Controllers.AccountController|NLog injected into InfoController |url: https://localhost/Account/Login|action: Login
2024-07-30 00:10:42.1545|3|WARN|Microsoft.WebTools.BrowserLink.Net.BrowserLinkMiddleware|Unable to configure Browser Link script injection on the response.  |url: https://localhost/Account/Login|action: Login
2024-07-30 00:10:42.1545|3|WARN|Microsoft.AspNetCore.Watch.BrowserRefresh.BrowserRefreshMiddleware|Unable to configure browser refresh script injection on the response. Consider manually adding '<script src="/_framework/aspnetcore-browser-refresh.js"></script>' to the body of the page. |url: https://localhost/Account/Login|action: Login
2024-07-30 00:10:42.3683|1|DEBUG|UserRegistration.Controllers.AccountController|NLog injected into InfoController |url: https://localhost/Account/Login|action: Login
2024-07-30 00:10:42.5036|1|DEBUG|UserRegistration.Controllers.AccountController|NLog injected into InfoController |url: https://localhost/Account/Login|action: Login
2024-07-30 00:10:42.5036|3|WARN|Microsoft.WebTools.BrowserLink.Net.BrowserLinkMiddleware|Unable to configure Browser Link script injection on the response.  |url: https://localhost/Account/Login|action: Login
2024-07-30 00:10:42.5036|3|WARN|Microsoft.AspNetCore.Watch.BrowserRefresh.BrowserRefreshMiddleware|Unable to configure browser refresh script injection on the response. Consider manually adding '<script src="/_framework/aspnetcore-browser-refresh.js"></script>' to the body of the page. |url: https://localhost/Account/Login|action: Login
2024-07-30 00:10:42.6956|1|DEBUG|UserRegistration.Controllers.AccountController|NLog injected into InfoController |url: https://localhost/Account/Login|action: Login
2024-07-30 00:10:42.8303|1|DEBUG|UserRegistration.Controllers.AccountController|NLog injected into InfoController |url: https://localhost/Account/Login|action: Login
2024-07-30 00:10:42.8303|3|WARN|Microsoft.WebTools.BrowserLink.Net.BrowserLinkMiddleware|Unable to configure Browser Link script injection on the response.  |url: https://localhost/Account/Login|action: Login
2024-07-30 00:10:42.8303|3|WARN|Microsoft.AspNetCore.Watch.BrowserRefresh.BrowserRefreshMiddleware|Unable to configure browser refresh script injection on the response. Consider manually adding '<script src="/_framework/aspnetcore-browser-refresh.js"></script>' to the body of the page. |url: https://localhost/Account/Login|action: Login
2024-07-30 00:10:42.8771|1|DEBUG|UserRegistration.Controllers.AccountController|NLog injected into InfoController |url: https://localhost/Account/Login|action: Login
2024-07-30 00:10:43.0289|1|DEBUG|UserRegistration.Controllers.AccountController|NLog injected into InfoController |url: https://localhost/Account/Login|action: Login
2024-07-30 00:10:43.1650|1|DEBUG|UserRegistration.Controllers.AccountController|NLog injected into InfoController |url: https://localhost/Account/Login|action: Login
2024-07-30 00:10:43.1650|3|WARN|Microsoft.WebTools.BrowserLink.Net.BrowserLinkMiddleware|Unable to configure Browser Link script injection on the response.  |url: https://localhost/Account/Login|action: Login
2024-07-30 00:10:43.1650|3|WARN|Microsoft.AspNetCore.Watch.BrowserRefresh.BrowserRefreshMiddleware|Unable to configure browser refresh script injection on the response. Consider manually adding '<script src="/_framework/aspnetcore-browser-refresh.js"></script>' to the body of the page. |url: https://localhost/Account/Login|action: Login
2024-07-30 00:10:43.3232|1|DEBUG|UserRegistration.Controllers.AccountController|NLog injected into InfoController |url: https://localhost/Account/Login|action: Login
2024-07-30 00:10:43.4825|1|DEBUG|UserRegistration.Controllers.AccountController|NLog injected into InfoController |url: https://localhost/Account/Login|action: Login
2024-07-30 00:10:43.4825|3|WARN|Microsoft.WebTools.BrowserLink.Net.BrowserLinkMiddleware|Unable to configure Browser Link script injection on the response.  |url: https://localhost/Account/Login|action: Login
2024-07-30 00:10:43.4825|3|WARN|Microsoft.AspNetCore.Watch.BrowserRefresh.BrowserRefreshMiddleware|Unable to configure browser refresh script injection on the response. Consider manually adding '<script src="/_framework/aspnetcore-browser-refresh.js"></script>' to the body of the page. |url: https://localhost/Account/Login|action: Login
2024-07-30 00:12:57.3917|0|DEBUG|UserRegistration.Program|init main |url: |action: 
2024-07-30 00:12:58.9589|14|INFO|Microsoft.Hosting.Lifetime|Now listening on: https://localhost:7087 |url: |action: 
2024-07-30 00:12:58.9692|14|INFO|Microsoft.Hosting.Lifetime|Now listening on: http://localhost:5141 |url: |action: 
2024-07-30 00:12:58.9692|0|INFO|Microsoft.Hosting.Lifetime|Application started. Press Ctrl+C to shut down. |url: |action: 
2024-07-30 00:12:58.9692|0|INFO|Microsoft.Hosting.Lifetime|Hosting environment: Development |url: |action: 
2024-07-30 00:12:58.9692|0|INFO|Microsoft.Hosting.Lifetime|Content root path: C:\Users\junya\source\repos\UserRegistration\UserRegistration |url: |action: 
2024-07-30 00:12:59.8917|1|DEBUG|UserRegistration.Controllers.AccountController|NLog injected into InfoController |url: https://localhost/|action: Index
2024-07-30 00:12:59.9567|3|WARN|Microsoft.WebTools.BrowserLink.Net.BrowserLinkMiddleware|Unable to configure Browser Link script injection on the response.  |url: https://localhost/|action: Index
2024-07-30 00:12:59.9567|3|WARN|Microsoft.AspNetCore.Watch.BrowserRefresh.BrowserRefreshMiddleware|Unable to configure browser refresh script injection on the response. Consider manually adding '<script src="/_framework/aspnetcore-browser-refresh.js"></script>' to the body of the page. |url: https://localhost/|action: Index
2024-07-30 00:13:01.1809|1|DEBUG|UserRegistration.Controllers.AccountController|NLog injected into InfoController |url: https://localhost/Account/Login|action: Login
2024-07-30 00:13:01.2222|3|WARN|Microsoft.WebTools.BrowserLink.Net.BrowserLinkMiddleware|Unable to configure Browser Link script injection on the response.  |url: https://localhost/Account/Login|action: Login
2024-07-30 00:13:01.2222|3|WARN|Microsoft.AspNetCore.Watch.BrowserRefresh.BrowserRefreshMiddleware|Unable to configure browser refresh script injection on the response. Consider manually adding '<script src="/_framework/aspnetcore-browser-refresh.js"></script>' to the body of the page. |url: https://localhost/Account/Login|action: Login
2024-07-30 00:13:02.1700|1|DEBUG|UserRegistration.Controllers.AccountController|NLog injected into InfoController |url: https://localhost/Account/Login|action: Login
2024-07-30 00:13:02.7939|1|ERROR|Microsoft.AspNetCore.Diagnostics.DeveloperExceptionPageMiddleware|An unhandled exception has occurred while executing the request. System.InvalidOperationException: No sign-in authentication handlers are registered. Did you forget to call AddAuthentication().AddCookie("Cookies",...)?
   at Microsoft.AspNetCore.Authentication.AuthenticationService.SignInAsync(HttpContext context, String scheme, ClaimsPrincipal principal, AuthenticationProperties properties)
   at UserRegistration.Controllers.AccountController.Login(LoginModel model) in C:\Users\junya\source\repos\UserRegistration\UserRegistration\Controllers\AccountController.cs:line 92
   at Microsoft.AspNetCore.Mvc.Infrastructure.ActionMethodExecutor.TaskOfIActionResultExecutor.Execute(ActionContext actionContext, IActionResultTypeMapper mapper, ObjectMethodExecutor executor, Object controller, Object[] arguments)
   at Microsoft.AspNetCore.Mvc.Infrastructure.ControllerActionInvoker.<InvokeActionMethodAsync>g__Awaited|12_0(ControllerActionInvoker invoker, ValueTask`1 actionResultValueTask)
   at Microsoft.AspNetCore.Mvc.Infrastructure.ControllerActionInvoker.<InvokeNextActionFilterAsync>g__Awaited|10_0(ControllerActionInvoker invoker, Task lastTask, State next, Scope scope, Object state, Boolean isCompleted)
   at Microsoft.AspNetCore.Mvc.Infrastructure.ControllerActionInvoker.Rethrow(ActionExecutedContextSealed context)
   at Microsoft.AspNetCore.Mvc.Infrastructure.ControllerActionInvoker.Next(State& next, Scope& scope, Object& state, Boolean& isCompleted)
   at Microsoft.AspNetCore.Mvc.Infrastructure.ControllerActionInvoker.<InvokeInnerFilterAsync>g__Awaited|13_0(ControllerActionInvoker invoker, Task lastTask, State next, Scope scope, Object state, Boolean isCompleted)
   at Microsoft.AspNetCore.Mvc.Infrastructure.ResourceInvoker.<InvokeNextResourceFilter>g__Awaited|25_0(ResourceInvoker invoker, Task lastTask, State next, Scope scope, Object state, Boolean isCompleted)
   at Microsoft.AspNetCore.Mvc.Infrastructure.ResourceInvoker.Rethrow(ResourceExecutedContextSealed context)
   at Microsoft.AspNetCore.Mvc.Infrastructure.ResourceInvoker.Next(State& next, Scope& scope, Object& state, Boolean& isCompleted)
   at Microsoft.AspNetCore.Mvc.Infrastructure.ResourceInvoker.<InvokeFilterPipelineAsync>g__Awaited|20_0(ResourceInvoker invoker, Task lastTask, State next, Scope scope, Object state, Boolean isCompleted)
   at Microsoft.AspNetCore.Mvc.Infrastructure.ResourceInvoker.<InvokeAsync>g__Awaited|17_0(ResourceInvoker invoker, Task task, IDisposable scope)
   at Microsoft.AspNetCore.Mvc.Infrastructure.ResourceInvoker.<InvokeAsync>g__Awaited|17_0(ResourceInvoker invoker, Task task, IDisposable scope)
   at Microsoft.AspNetCore.Authorization.AuthorizationMiddleware.Invoke(HttpContext context)
   at Microsoft.AspNetCore.Authentication.AuthenticationMiddleware.Invoke(HttpContext context)
   at Microsoft.AspNetCore.Diagnostics.DeveloperExceptionPageMiddlewareImpl.Invoke(HttpContext context)|url: https://localhost/Account/Login|action: Login
2024-07-30 00:13:24.5196|1|DEBUG|UserRegistration.Controllers.AccountController|NLog injected into InfoController |url: https://localhost/Account/Login|action: Login
2024-07-30 00:13:24.5196|3|WARN|Microsoft.WebTools.BrowserLink.Net.BrowserLinkMiddleware|Unable to configure Browser Link script injection on the response.  |url: https://localhost/Account/Login|action: Login
2024-07-30 00:13:24.5196|3|WARN|Microsoft.AspNetCore.Watch.BrowserRefresh.BrowserRefreshMiddleware|Unable to configure browser refresh script injection on the response. Consider manually adding '<script src="/_framework/aspnetcore-browser-refresh.js"></script>' to the body of the page. |url: https://localhost/Account/Login|action: Login
2024-07-30 00:13:28.1854|1|DEBUG|UserRegistration.Controllers.AccountController|NLog injected into InfoController |url: https://localhost/Account/Login|action: Login
2024-07-30 00:13:28.1874|3|WARN|Microsoft.WebTools.BrowserLink.Net.BrowserLinkMiddleware|Unable to configure Browser Link script injection on the response.  |url: https://localhost/Account/Login|action: Login
2024-07-30 00:13:28.1874|3|WARN|Microsoft.AspNetCore.Watch.BrowserRefresh.BrowserRefreshMiddleware|Unable to configure browser refresh script injection on the response. Consider manually adding '<script src="/_framework/aspnetcore-browser-refresh.js"></script>' to the body of the page. |url: https://localhost/Account/Login|action: Login
2024-07-30 00:13:29.3158|1|DEBUG|UserRegistration.Controllers.AccountController|NLog injected into InfoController |url: https://localhost/Account/Login|action: Login
2024-07-30 00:13:29.5855|1|ERROR|Microsoft.AspNetCore.Diagnostics.DeveloperExceptionPageMiddleware|An unhandled exception has occurred while executing the request. System.InvalidOperationException: No sign-in authentication handlers are registered. Did you forget to call AddAuthentication().AddCookie("Cookies",...)?
   at Microsoft.AspNetCore.Authentication.AuthenticationService.SignInAsync(HttpContext context, String scheme, ClaimsPrincipal principal, AuthenticationProperties properties)
   at UserRegistration.Controllers.AccountController.Login(LoginModel model) in C:\Users\junya\source\repos\UserRegistration\UserRegistration\Controllers\AccountController.cs:line 92
   at Microsoft.AspNetCore.Mvc.Infrastructure.ActionMethodExecutor.TaskOfIActionResultExecutor.Execute(ActionContext actionContext, IActionResultTypeMapper mapper, ObjectMethodExecutor executor, Object controller, Object[] arguments)
   at Microsoft.AspNetCore.Mvc.Infrastructure.ControllerActionInvoker.<InvokeActionMethodAsync>g__Awaited|12_0(ControllerActionInvoker invoker, ValueTask`1 actionResultValueTask)
   at Microsoft.AspNetCore.Mvc.Infrastructure.ControllerActionInvoker.<InvokeNextActionFilterAsync>g__Awaited|10_0(ControllerActionInvoker invoker, Task lastTask, State next, Scope scope, Object state, Boolean isCompleted)
   at Microsoft.AspNetCore.Mvc.Infrastructure.ControllerActionInvoker.Rethrow(ActionExecutedContextSealed context)
   at Microsoft.AspNetCore.Mvc.Infrastructure.ControllerActionInvoker.Next(State& next, Scope& scope, Object& state, Boolean& isCompleted)
   at Microsoft.AspNetCore.Mvc.Infrastructure.ControllerActionInvoker.<InvokeInnerFilterAsync>g__Awaited|13_0(ControllerActionInvoker invoker, Task lastTask, State next, Scope scope, Object state, Boolean isCompleted)
   at Microsoft.AspNetCore.Mvc.Infrastructure.ResourceInvoker.<InvokeNextResourceFilter>g__Awaited|25_0(ResourceInvoker invoker, Task lastTask, State next, Scope scope, Object state, Boolean isCompleted)
   at Microsoft.AspNetCore.Mvc.Infrastructure.ResourceInvoker.Rethrow(ResourceExecutedContextSealed context)
   at Microsoft.AspNetCore.Mvc.Infrastructure.ResourceInvoker.Next(State& next, Scope& scope, Object& state, Boolean& isCompleted)
   at Microsoft.AspNetCore.Mvc.Infrastructure.ResourceInvoker.<InvokeFilterPipelineAsync>g__Awaited|20_0(ResourceInvoker invoker, Task lastTask, State next, Scope scope, Object state, Boolean isCompleted)
   at Microsoft.AspNetCore.Mvc.Infrastructure.ResourceInvoker.<InvokeAsync>g__Awaited|17_0(ResourceInvoker invoker, Task task, IDisposable scope)
   at Microsoft.AspNetCore.Mvc.Infrastructure.ResourceInvoker.<InvokeAsync>g__Awaited|17_0(ResourceInvoker invoker, Task task, IDisposable scope)
   at Microsoft.AspNetCore.Authorization.AuthorizationMiddleware.Invoke(HttpContext context)
   at Microsoft.AspNetCore.Authentication.AuthenticationMiddleware.Invoke(HttpContext context)
   at Microsoft.AspNetCore.Diagnostics.DeveloperExceptionPageMiddlewareImpl.Invoke(HttpContext context)|url: https://localhost/Account/Login|action: Login
2024-07-30 00:16:12.9122|0|DEBUG|UserRegistration.Program|init main |url: |action: 
2024-07-30 00:16:19.9838|0|DEBUG|UserRegistration.Program|init main |url: |action: 
2024-07-30 00:16:20.9782|14|INFO|Microsoft.Hosting.Lifetime|Now listening on: https://localhost:7087 |url: |action: 
2024-07-30 00:16:20.9879|14|INFO|Microsoft.Hosting.Lifetime|Now listening on: http://localhost:5141 |url: |action: 
2024-07-30 00:16:20.9879|0|INFO|Microsoft.Hosting.Lifetime|Application started. Press Ctrl+C to shut down. |url: |action: 
2024-07-30 00:16:20.9879|0|INFO|Microsoft.Hosting.Lifetime|Hosting environment: Development |url: |action: 
2024-07-30 00:16:20.9879|0|INFO|Microsoft.Hosting.Lifetime|Content root path: C:\Users\junya\source\repos\UserRegistration\UserRegistration |url: |action: 
2024-07-30 00:16:21.5542|1|DEBUG|UserRegistration.Controllers.AccountController|NLog injected into InfoController |url: https://localhost/|action: Index
2024-07-30 00:16:21.6170|3|WARN|Microsoft.WebTools.BrowserLink.Net.BrowserLinkMiddleware|Unable to configure Browser Link script injection on the response.  |url: https://localhost/|action: Index
2024-07-30 00:16:21.6170|3|WARN|Microsoft.AspNetCore.Watch.BrowserRefresh.BrowserRefreshMiddleware|Unable to configure browser refresh script injection on the response. Consider manually adding '<script src="/_framework/aspnetcore-browser-refresh.js"></script>' to the body of the page. |url: https://localhost/|action: Index
2024-07-30 00:16:22.7245|1|DEBUG|UserRegistration.Controllers.AccountController|NLog injected into InfoController |url: https://localhost/Account/Login|action: Login
2024-07-30 00:16:22.7582|3|WARN|Microsoft.WebTools.BrowserLink.Net.BrowserLinkMiddleware|Unable to configure Browser Link script injection on the response.  |url: https://localhost/Account/Login|action: Login
2024-07-30 00:16:22.7582|3|WARN|Microsoft.AspNetCore.Watch.BrowserRefresh.BrowserRefreshMiddleware|Unable to configure browser refresh script injection on the response. Consider manually adding '<script src="/_framework/aspnetcore-browser-refresh.js"></script>' to the body of the page. |url: https://localhost/Account/Login|action: Login
2024-07-30 00:16:23.6306|1|DEBUG|UserRegistration.Controllers.AccountController|NLog injected into InfoController |url: https://localhost/Account/Login|action: Login
2024-07-30 00:21:09.5612|0|DEBUG|UserRegistration.Program|init main |url: |action: 
2024-07-30 00:21:10.5440|14|INFO|Microsoft.Hosting.Lifetime|Now listening on: https://localhost:7087 |url: |action: 
2024-07-30 00:21:10.5502|14|INFO|Microsoft.Hosting.Lifetime|Now listening on: http://localhost:5141 |url: |action: 
2024-07-30 00:21:10.5502|0|INFO|Microsoft.Hosting.Lifetime|Application started. Press Ctrl+C to shut down. |url: |action: 
2024-07-30 00:21:10.5502|0|INFO|Microsoft.Hosting.Lifetime|Hosting environment: Development |url: |action: 
2024-07-30 00:21:10.5502|0|INFO|Microsoft.Hosting.Lifetime|Content root path: C:\Users\junya\source\repos\UserRegistration\UserRegistration |url: |action: 
2024-07-30 00:21:11.0692|3|WARN|Microsoft.WebTools.BrowserLink.Net.BrowserLinkMiddleware|Unable to configure Browser Link script injection on the response.  |url: https://localhost/|action: Index
2024-07-30 00:21:11.0692|3|WARN|Microsoft.AspNetCore.Watch.BrowserRefresh.BrowserRefreshMiddleware|Unable to configure browser refresh script injection on the response. Consider manually adding '<script src="/_framework/aspnetcore-browser-refresh.js"></script>' to the body of the page. |url: https://localhost/|action: Index
2024-07-30 00:21:23.2896|3|WARN|Microsoft.WebTools.BrowserLink.Net.BrowserLinkMiddleware|Unable to configure Browser Link script injection on the response.  |url: https://localhost/|action: Index
2024-07-30 00:21:23.2896|3|WARN|Microsoft.AspNetCore.Watch.BrowserRefresh.BrowserRefreshMiddleware|Unable to configure browser refresh script injection on the response. Consider manually adding '<script src="/_framework/aspnetcore-browser-refresh.js"></script>' to the body of the page. |url: https://localhost/|action: Index
2024-07-30 00:21:35.1433|0|DEBUG|UserRegistration.Program|init main |url: |action: 
2024-07-30 00:21:36.1926|14|INFO|Microsoft.Hosting.Lifetime|Now listening on: https://localhost:7087 |url: |action: 
2024-07-30 00:21:36.2011|14|INFO|Microsoft.Hosting.Lifetime|Now listening on: http://localhost:5141 |url: |action: 
2024-07-30 00:21:36.2011|0|INFO|Microsoft.Hosting.Lifetime|Application started. Press Ctrl+C to shut down. |url: |action: 
2024-07-30 00:21:36.2011|0|INFO|Microsoft.Hosting.Lifetime|Hosting environment: Development |url: |action: 
2024-07-30 00:21:36.2011|0|INFO|Microsoft.Hosting.Lifetime|Content root path: C:\Users\junya\source\repos\UserRegistration\UserRegistration |url: |action: 
2024-07-30 00:21:36.9457|1|DEBUG|UserRegistration.Controllers.AccountController|NLog injected into InfoController |url: https://localhost/|action: Index
2024-07-30 00:21:37.0150|3|WARN|Microsoft.WebTools.BrowserLink.Net.BrowserLinkMiddleware|Unable to configure Browser Link script injection on the response.  |url: https://localhost/|action: Index
2024-07-30 00:21:37.0150|3|WARN|Microsoft.AspNetCore.Watch.BrowserRefresh.BrowserRefreshMiddleware|Unable to configure browser refresh script injection on the response. Consider manually adding '<script src="/_framework/aspnetcore-browser-refresh.js"></script>' to the body of the page. |url: https://localhost/|action: Index
2024-07-30 00:21:38.1238|3|WARN|Microsoft.WebTools.BrowserLink.Net.BrowserLinkMiddleware|Unable to configure Browser Link script injection on the response.  |url: https://localhost/Home|action: Index
2024-07-30 00:21:38.1238|3|WARN|Microsoft.AspNetCore.Watch.BrowserRefresh.BrowserRefreshMiddleware|Unable to configure browser refresh script injection on the response. Consider manually adding '<script src="/_framework/aspnetcore-browser-refresh.js"></script>' to the body of the page. |url: https://localhost/Home|action: Index
2024-07-30 00:21:43.2354|1|DEBUG|UserRegistration.Controllers.AccountController|NLog injected into InfoController |url: https://localhost/Account/Login|action: Login
2024-07-30 00:21:43.2612|3|WARN|Microsoft.WebTools.BrowserLink.Net.BrowserLinkMiddleware|Unable to configure Browser Link script injection on the response.  |url: https://localhost/Account/Login|action: Login
2024-07-30 00:21:43.2612|3|WARN|Microsoft.AspNetCore.Watch.BrowserRefresh.BrowserRefreshMiddleware|Unable to configure browser refresh script injection on the response. Consider manually adding '<script src="/_framework/aspnetcore-browser-refresh.js"></script>' to the body of the page. |url: https://localhost/Account/Login|action: Login
2024-07-30 00:21:43.9597|1|DEBUG|UserRegistration.Controllers.AccountController|NLog injected into InfoController |url: https://localhost/Account/Login|action: Login
2024-07-30 00:21:44.6625|3|WARN|Microsoft.WebTools.BrowserLink.Net.BrowserLinkMiddleware|Unable to configure Browser Link script injection on the response.  |url: https://localhost/Home|action: Index
2024-07-30 00:21:44.6625|3|WARN|Microsoft.AspNetCore.Watch.BrowserRefresh.BrowserRefreshMiddleware|Unable to configure browser refresh script injection on the response. Consider manually adding '<script src="/_framework/aspnetcore-browser-refresh.js"></script>' to the body of the page. |url: https://localhost/Home|action: Index
2024-07-30 00:24:05.2713|0|DEBUG|UserRegistration.Program|init main |url: |action: 
2024-07-30 00:24:06.2947|14|INFO|Microsoft.Hosting.Lifetime|Now listening on: https://localhost:7087 |url: |action: 
2024-07-30 00:24:06.3002|14|INFO|Microsoft.Hosting.Lifetime|Now listening on: http://localhost:5141 |url: |action: 
2024-07-30 00:24:06.3002|0|INFO|Microsoft.Hosting.Lifetime|Application started. Press Ctrl+C to shut down. |url: |action: 
2024-07-30 00:24:06.3002|0|INFO|Microsoft.Hosting.Lifetime|Hosting environment: Development |url: |action: 
2024-07-30 00:24:06.3002|0|INFO|Microsoft.Hosting.Lifetime|Content root path: C:\Users\junya\source\repos\UserRegistration\UserRegistration |url: |action: 
2024-07-30 00:24:06.9513|1|DEBUG|UserRegistration.Controllers.AccountController|NLog injected into InfoController |url: https://localhost/|action: Index
2024-07-30 00:24:07.0065|3|WARN|Microsoft.WebTools.BrowserLink.Net.BrowserLinkMiddleware|Unable to configure Browser Link script injection on the response.  |url: https://localhost/|action: Index
2024-07-30 00:24:07.0065|3|WARN|Microsoft.AspNetCore.Watch.BrowserRefresh.BrowserRefreshMiddleware|Unable to configure browser refresh script injection on the response. Consider manually adding '<script src="/_framework/aspnetcore-browser-refresh.js"></script>' to the body of the page. |url: https://localhost/|action: Index
2024-07-30 00:24:08.5854|3|WARN|Microsoft.WebTools.BrowserLink.Net.BrowserLinkMiddleware|Unable to configure Browser Link script injection on the response.  |url: https://localhost/Home|action: Index
2024-07-30 00:24:08.5854|3|WARN|Microsoft.AspNetCore.Watch.BrowserRefresh.BrowserRefreshMiddleware|Unable to configure browser refresh script injection on the response. Consider manually adding '<script src="/_framework/aspnetcore-browser-refresh.js"></script>' to the body of the page. |url: https://localhost/Home|action: Index
2024-07-30 00:24:16.5890|1|DEBUG|UserRegistration.Controllers.AccountController|NLog injected into InfoController |url: https://localhost/Account/Login|action: Login
2024-07-30 00:24:16.6138|3|WARN|Microsoft.WebTools.BrowserLink.Net.BrowserLinkMiddleware|Unable to configure Browser Link script injection on the response.  |url: https://localhost/Account/Login|action: Login
2024-07-30 00:24:16.6138|3|WARN|Microsoft.AspNetCore.Watch.BrowserRefresh.BrowserRefreshMiddleware|Unable to configure browser refresh script injection on the response. Consider manually adding '<script src="/_framework/aspnetcore-browser-refresh.js"></script>' to the body of the page. |url: https://localhost/Account/Login|action: Login
2024-07-30 00:24:19.3361|1|DEBUG|UserRegistration.Controllers.AccountController|NLog injected into InfoController |url: https://localhost/Account/Login|action: Login
2024-07-30 00:24:19.6224|0|WARN|Service.UserService|Authentication failed. |url: https://localhost/Account/Login|action: Login
2024-07-30 00:24:19.6282|3|WARN|Microsoft.WebTools.BrowserLink.Net.BrowserLinkMiddleware|Unable to configure Browser Link script injection on the response.  |url: https://localhost/Account/Login|action: Login
2024-07-30 00:24:19.6282|3|WARN|Microsoft.AspNetCore.Watch.BrowserRefresh.BrowserRefreshMiddleware|Unable to configure browser refresh script injection on the response. Consider manually adding '<script src="/_framework/aspnetcore-browser-refresh.js"></script>' to the body of the page. |url: https://localhost/Account/Login|action: Login
2024-07-30 00:24:35.7422|1|DEBUG|UserRegistration.Controllers.AccountController|NLog injected into InfoController |url: https://localhost/Account/Login|action: Login
2024-07-30 00:24:36.0515|3|WARN|Microsoft.WebTools.BrowserLink.Net.BrowserLinkMiddleware|Unable to configure Browser Link script injection on the response.  |url: https://localhost/Home|action: Index
2024-07-30 00:24:36.0515|3|WARN|Microsoft.AspNetCore.Watch.BrowserRefresh.BrowserRefreshMiddleware|Unable to configure browser refresh script injection on the response. Consider manually adding '<script src="/_framework/aspnetcore-browser-refresh.js"></script>' to the body of the page. |url: https://localhost/Home|action: Index
2024-07-30 00:24:39.0053|3|WARN|Microsoft.WebTools.BrowserLink.Net.BrowserLinkMiddleware|Unable to configure Browser Link script injection on the response.  |url: https://localhost/Home|action: Index
2024-07-30 00:24:39.0053|3|WARN|Microsoft.AspNetCore.Watch.BrowserRefresh.BrowserRefreshMiddleware|Unable to configure browser refresh script injection on the response. Consider manually adding '<script src="/_framework/aspnetcore-browser-refresh.js"></script>' to the body of the page. |url: https://localhost/Home|action: Index
2024-07-30 00:24:39.7396|3|WARN|Microsoft.WebTools.BrowserLink.Net.BrowserLinkMiddleware|Unable to configure Browser Link script injection on the response.  |url: https://localhost/Home|action: Index
2024-07-30 00:24:39.7396|3|WARN|Microsoft.AspNetCore.Watch.BrowserRefresh.BrowserRefreshMiddleware|Unable to configure browser refresh script injection on the response. Consider manually adding '<script src="/_framework/aspnetcore-browser-refresh.js"></script>' to the body of the page. |url: https://localhost/Home|action: Index
2024-07-30 00:24:39.9034|3|WARN|Microsoft.WebTools.BrowserLink.Net.BrowserLinkMiddleware|Unable to configure Browser Link script injection on the response.  |url: https://localhost/Home|action: Index
2024-07-30 00:24:39.9034|3|WARN|Microsoft.AspNetCore.Watch.BrowserRefresh.BrowserRefreshMiddleware|Unable to configure browser refresh script injection on the response. Consider manually adding '<script src="/_framework/aspnetcore-browser-refresh.js"></script>' to the body of the page. |url: https://localhost/Home|action: Index
2024-07-30 00:32:19.5296|0|DEBUG|UserRegistration.Program|init main |url: |action: 
2024-07-30 00:32:20.4666|14|INFO|Microsoft.Hosting.Lifetime|Now listening on: https://localhost:7087 |url: |action: 
2024-07-30 00:32:20.4721|14|INFO|Microsoft.Hosting.Lifetime|Now listening on: http://localhost:5141 |url: |action: 
2024-07-30 00:32:20.4721|0|INFO|Microsoft.Hosting.Lifetime|Application started. Press Ctrl+C to shut down. |url: |action: 
2024-07-30 00:32:20.4721|0|INFO|Microsoft.Hosting.Lifetime|Hosting environment: Development |url: |action: 
2024-07-30 00:32:20.4721|0|INFO|Microsoft.Hosting.Lifetime|Content root path: C:\Users\junya\source\repos\UserRegistration\UserRegistration |url: |action: 
2024-07-30 00:32:20.9516|1|DEBUG|UserRegistration.Controllers.AccountController|NLog injected into InfoController |url: https://localhost/|action: Index
2024-07-30 00:32:20.9997|3|WARN|Microsoft.WebTools.BrowserLink.Net.BrowserLinkMiddleware|Unable to configure Browser Link script injection on the response.  |url: https://localhost/|action: Index
2024-07-30 00:32:20.9997|3|WARN|Microsoft.AspNetCore.Watch.BrowserRefresh.BrowserRefreshMiddleware|Unable to configure browser refresh script injection on the response. Consider manually adding '<script src="/_framework/aspnetcore-browser-refresh.js"></script>' to the body of the page. |url: https://localhost/|action: Index
2024-07-30 00:32:23.6481|1|DEBUG|UserRegistration.Controllers.AccountController|NLog injected into InfoController |url: https://localhost/Account/Login|action: Login
2024-07-30 00:32:23.6790|3|WARN|Microsoft.WebTools.BrowserLink.Net.BrowserLinkMiddleware|Unable to configure Browser Link script injection on the response.  |url: https://localhost/Account/Login|action: Login
2024-07-30 00:32:23.6790|3|WARN|Microsoft.AspNetCore.Watch.BrowserRefresh.BrowserRefreshMiddleware|Unable to configure browser refresh script injection on the response. Consider manually adding '<script src="/_framework/aspnetcore-browser-refresh.js"></script>' to the body of the page. |url: https://localhost/Account/Login|action: Login
2024-07-30 00:32:26.4299|3|WARN|Microsoft.WebTools.BrowserLink.Net.BrowserLinkMiddleware|Unable to configure Browser Link script injection on the response.  |url: https://localhost/Home|action: Index
2024-07-30 00:32:26.4299|3|WARN|Microsoft.AspNetCore.Watch.BrowserRefresh.BrowserRefreshMiddleware|Unable to configure browser refresh script injection on the response. Consider manually adding '<script src="/_framework/aspnetcore-browser-refresh.js"></script>' to the body of the page. |url: https://localhost/Home|action: Index
2024-07-30 00:32:28.0404|3|WARN|Microsoft.WebTools.BrowserLink.Net.BrowserLinkMiddleware|Unable to configure Browser Link script injection on the response.  |url: https://localhost/Home|action: Index
2024-07-30 00:32:28.0404|3|WARN|Microsoft.AspNetCore.Watch.BrowserRefresh.BrowserRefreshMiddleware|Unable to configure browser refresh script injection on the response. Consider manually adding '<script src="/_framework/aspnetcore-browser-refresh.js"></script>' to the body of the page. |url: https://localhost/Home|action: Index
2024-07-30 00:32:29.1503|1|DEBUG|UserRegistration.Controllers.AccountController|NLog injected into InfoController |url: https://localhost/Account/Login|action: Login
2024-07-30 00:32:29.1503|3|WARN|Microsoft.WebTools.BrowserLink.Net.BrowserLinkMiddleware|Unable to configure Browser Link script injection on the response.  |url: https://localhost/Account/Login|action: Login
2024-07-30 00:32:29.1503|3|WARN|Microsoft.AspNetCore.Watch.BrowserRefresh.BrowserRefreshMiddleware|Unable to configure browser refresh script injection on the response. Consider manually adding '<script src="/_framework/aspnetcore-browser-refresh.js"></script>' to the body of the page. |url: https://localhost/Account/Login|action: Login
2024-07-30 00:32:29.7885|1|DEBUG|UserRegistration.Controllers.AccountController|NLog injected into InfoController |url: https://localhost/Account/Login|action: Login
2024-07-30 00:32:30.3963|3|WARN|Microsoft.WebTools.BrowserLink.Net.BrowserLinkMiddleware|Unable to configure Browser Link script injection on the response.  |url: https://localhost/Home|action: Index
2024-07-30 00:32:30.3963|3|WARN|Microsoft.AspNetCore.Watch.BrowserRefresh.BrowserRefreshMiddleware|Unable to configure browser refresh script injection on the response. Consider manually adding '<script src="/_framework/aspnetcore-browser-refresh.js"></script>' to the body of the page. |url: https://localhost/Home|action: Index
2024-07-30 00:32:32.9294|3|WARN|Microsoft.WebTools.BrowserLink.Net.BrowserLinkMiddleware|Unable to configure Browser Link script injection on the response.  |url: https://localhost/Home|action: Index
2024-07-30 00:32:32.9294|3|WARN|Microsoft.AspNetCore.Watch.BrowserRefresh.BrowserRefreshMiddleware|Unable to configure browser refresh script injection on the response. Consider manually adding '<script src="/_framework/aspnetcore-browser-refresh.js"></script>' to the body of the page. |url: https://localhost/Home|action: Index
2024-07-30 00:32:34.1381|3|WARN|Microsoft.WebTools.BrowserLink.Net.BrowserLinkMiddleware|Unable to configure Browser Link script injection on the response.  |url: https://localhost/Home|action: Index
2024-07-30 00:32:34.1381|3|WARN|Microsoft.AspNetCore.Watch.BrowserRefresh.BrowserRefreshMiddleware|Unable to configure browser refresh script injection on the response. Consider manually adding '<script src="/_framework/aspnetcore-browser-refresh.js"></script>' to the body of the page. |url: https://localhost/Home|action: Index
2024-07-30 00:32:34.4465|3|WARN|Microsoft.WebTools.BrowserLink.Net.BrowserLinkMiddleware|Unable to configure Browser Link script injection on the response.  |url: https://localhost/Home|action: Index
2024-07-30 00:32:34.4465|3|WARN|Microsoft.AspNetCore.Watch.BrowserRefresh.BrowserRefreshMiddleware|Unable to configure browser refresh script injection on the response. Consider manually adding '<script src="/_framework/aspnetcore-browser-refresh.js"></script>' to the body of the page. |url: https://localhost/Home|action: Index
2024-07-30 00:32:35.0686|1|DEBUG|UserRegistration.Controllers.AccountController|NLog injected into InfoController |url: https://localhost/Account/Login|action: Login
2024-07-30 00:32:35.0686|3|WARN|Microsoft.WebTools.BrowserLink.Net.BrowserLinkMiddleware|Unable to configure Browser Link script injection on the response.  |url: https://localhost/Account/Login|action: Login
2024-07-30 00:32:35.0686|3|WARN|Microsoft.AspNetCore.Watch.BrowserRefresh.BrowserRefreshMiddleware|Unable to configure browser refresh script injection on the response. Consider manually adding '<script src="/_framework/aspnetcore-browser-refresh.js"></script>' to the body of the page. |url: https://localhost/Account/Login|action: Login
2024-07-30 00:32:36.5440|1|DEBUG|UserRegistration.Controllers.AccountController|NLog injected into InfoController |url: https://localhost/Account/Login|action: Login
2024-07-30 00:32:36.7902|3|WARN|Microsoft.WebTools.BrowserLink.Net.BrowserLinkMiddleware|Unable to configure Browser Link script injection on the response.  |url: https://localhost/Home|action: Index
2024-07-30 00:32:36.7902|3|WARN|Microsoft.AspNetCore.Watch.BrowserRefresh.BrowserRefreshMiddleware|Unable to configure browser refresh script injection on the response. Consider manually adding '<script src="/_framework/aspnetcore-browser-refresh.js"></script>' to the body of the page. |url: https://localhost/Home|action: Index
2024-07-30 00:32:38.5115|3|WARN|Microsoft.WebTools.BrowserLink.Net.BrowserLinkMiddleware|Unable to configure Browser Link script injection on the response.  |url: https://localhost/Home|action: Index
2024-07-30 00:32:38.5115|3|WARN|Microsoft.AspNetCore.Watch.BrowserRefresh.BrowserRefreshMiddleware|Unable to configure browser refresh script injection on the response. Consider manually adding '<script src="/_framework/aspnetcore-browser-refresh.js"></script>' to the body of the page. |url: https://localhost/Home|action: Index
2024-07-30 00:36:21.3495|0|DEBUG|UserRegistration.Program|init main |url: |action: 
2024-07-30 00:36:22.3152|14|INFO|Microsoft.Hosting.Lifetime|Now listening on: https://localhost:7087 |url: |action: 
2024-07-30 00:36:22.3152|14|INFO|Microsoft.Hosting.Lifetime|Now listening on: http://localhost:5141 |url: |action: 
2024-07-30 00:36:22.3152|0|INFO|Microsoft.Hosting.Lifetime|Application started. Press Ctrl+C to shut down. |url: |action: 
2024-07-30 00:36:22.3152|0|INFO|Microsoft.Hosting.Lifetime|Hosting environment: Development |url: |action: 
2024-07-30 00:36:22.3260|0|INFO|Microsoft.Hosting.Lifetime|Content root path: C:\Users\junya\source\repos\UserRegistration\UserRegistration |url: |action: 
2024-07-30 00:36:23.1388|1|DEBUG|UserRegistration.Controllers.AccountController|NLog injected into InfoController |url: https://localhost/|action: Index
2024-07-30 00:36:23.1856|3|WARN|Microsoft.WebTools.BrowserLink.Net.BrowserLinkMiddleware|Unable to configure Browser Link script injection on the response.  |url: https://localhost/|action: Index
2024-07-30 00:36:23.1856|3|WARN|Microsoft.AspNetCore.Watch.BrowserRefresh.BrowserRefreshMiddleware|Unable to configure browser refresh script injection on the response. Consider manually adding '<script src="/_framework/aspnetcore-browser-refresh.js"></script>' to the body of the page. |url: https://localhost/|action: Index
2024-07-30 00:37:40.9111|0|DEBUG|UserRegistration.Program|init main |url: |action: 
2024-07-30 00:37:41.8379|14|INFO|Microsoft.Hosting.Lifetime|Now listening on: https://localhost:7087 |url: |action: 
2024-07-30 00:37:41.8434|14|INFO|Microsoft.Hosting.Lifetime|Now listening on: http://localhost:5141 |url: |action: 
2024-07-30 00:37:41.8434|0|INFO|Microsoft.Hosting.Lifetime|Application started. Press Ctrl+C to shut down. |url: |action: 
2024-07-30 00:37:41.8434|0|INFO|Microsoft.Hosting.Lifetime|Hosting environment: Development |url: |action: 
2024-07-30 00:37:41.8434|0|INFO|Microsoft.Hosting.Lifetime|Content root path: C:\Users\junya\source\repos\UserRegistration\UserRegistration |url: |action: 
2024-07-30 00:37:42.3650|1|DEBUG|UserRegistration.Controllers.AccountController|NLog injected into InfoController |url: https://localhost/|action: Index
2024-07-30 00:37:42.4151|3|WARN|Microsoft.WebTools.BrowserLink.Net.BrowserLinkMiddleware|Unable to configure Browser Link script injection on the response.  |url: https://localhost/|action: Index
2024-07-30 00:37:42.4151|3|WARN|Microsoft.AspNetCore.Watch.BrowserRefresh.BrowserRefreshMiddleware|Unable to configure browser refresh script injection on the response. Consider manually adding '<script src="/_framework/aspnetcore-browser-refresh.js"></script>' to the body of the page. |url: https://localhost/|action: Index
2024-07-30 00:37:44.7891|3|WARN|Microsoft.WebTools.BrowserLink.Net.BrowserLinkMiddleware|Unable to configure Browser Link script injection on the response.  |url: https://localhost/Home|action: Index
2024-07-30 00:37:44.7891|3|WARN|Microsoft.AspNetCore.Watch.BrowserRefresh.BrowserRefreshMiddleware|Unable to configure browser refresh script injection on the response. Consider manually adding '<script src="/_framework/aspnetcore-browser-refresh.js"></script>' to the body of the page. |url: https://localhost/Home|action: Index
2024-07-30 00:37:47.5184|3|WARN|Microsoft.WebTools.BrowserLink.Net.BrowserLinkMiddleware|Unable to configure Browser Link script injection on the response.  |url: https://localhost/Home|action: Index
2024-07-30 00:37:47.5184|3|WARN|Microsoft.AspNetCore.Watch.BrowserRefresh.BrowserRefreshMiddleware|Unable to configure browser refresh script injection on the response. Consider manually adding '<script src="/_framework/aspnetcore-browser-refresh.js"></script>' to the body of the page. |url: https://localhost/Home|action: Index
2024-07-30 00:38:55.9986|0|DEBUG|UserRegistration.Program|init main |url: |action: 
2024-07-30 00:38:57.0024|14|INFO|Microsoft.Hosting.Lifetime|Now listening on: https://localhost:7087 |url: |action: 
2024-07-30 00:38:57.0024|14|INFO|Microsoft.Hosting.Lifetime|Now listening on: http://localhost:5141 |url: |action: 
2024-07-30 00:38:57.0024|0|INFO|Microsoft.Hosting.Lifetime|Application started. Press Ctrl+C to shut down. |url: |action: 
2024-07-30 00:38:57.0024|0|INFO|Microsoft.Hosting.Lifetime|Hosting environment: Development |url: |action: 
2024-07-30 00:38:57.0024|0|INFO|Microsoft.Hosting.Lifetime|Content root path: C:\Users\junya\source\repos\UserRegistration\UserRegistration |url: |action: 
2024-07-30 00:38:57.4519|1|DEBUG|UserRegistration.Controllers.AccountController|NLog injected into InfoController |url: https://localhost/|action: Index
2024-07-30 00:38:57.5062|3|WARN|Microsoft.WebTools.BrowserLink.Net.BrowserLinkMiddleware|Unable to configure Browser Link script injection on the response.  |url: https://localhost/|action: Index
2024-07-30 00:38:57.5062|3|WARN|Microsoft.AspNetCore.Watch.BrowserRefresh.BrowserRefreshMiddleware|Unable to configure browser refresh script injection on the response. Consider manually adding '<script src="/_framework/aspnetcore-browser-refresh.js"></script>' to the body of the page. |url: https://localhost/|action: Index
2024-07-30 00:38:58.9921|3|WARN|Microsoft.WebTools.BrowserLink.Net.BrowserLinkMiddleware|Unable to configure Browser Link script injection on the response.  |url: https://localhost/Home|action: Index
2024-07-30 00:38:58.9921|3|WARN|Microsoft.AspNetCore.Watch.BrowserRefresh.BrowserRefreshMiddleware|Unable to configure browser refresh script injection on the response. Consider manually adding '<script src="/_framework/aspnetcore-browser-refresh.js"></script>' to the body of the page. |url: https://localhost/Home|action: Index
2024-07-30 00:39:00.5221|3|WARN|Microsoft.WebTools.BrowserLink.Net.BrowserLinkMiddleware|Unable to configure Browser Link script injection on the response.  |url: https://localhost/Home|action: Index
2024-07-30 00:39:00.5221|3|WARN|Microsoft.AspNetCore.Watch.BrowserRefresh.BrowserRefreshMiddleware|Unable to configure browser refresh script injection on the response. Consider manually adding '<script src="/_framework/aspnetcore-browser-refresh.js"></script>' to the body of the page. |url: https://localhost/Home|action: Index
2024-07-30 00:39:07.7083|3|WARN|Microsoft.WebTools.BrowserLink.Net.BrowserLinkMiddleware|Unable to configure Browser Link script injection on the response.  |url: https://localhost/Home|action: Index
2024-07-30 00:39:07.7083|3|WARN|Microsoft.AspNetCore.Watch.BrowserRefresh.BrowserRefreshMiddleware|Unable to configure browser refresh script injection on the response. Consider manually adding '<script src="/_framework/aspnetcore-browser-refresh.js"></script>' to the body of the page. |url: https://localhost/Home|action: Index
2024-07-30 00:39:34.3337|0|DEBUG|UserRegistration.Program|init main |url: |action: 
2024-07-30 00:39:35.4218|14|INFO|Microsoft.Hosting.Lifetime|Now listening on: https://localhost:7087 |url: |action: 
2024-07-30 00:39:35.4218|14|INFO|Microsoft.Hosting.Lifetime|Now listening on: http://localhost:5141 |url: |action: 
2024-07-30 00:39:35.4218|0|INFO|Microsoft.Hosting.Lifetime|Application started. Press Ctrl+C to shut down. |url: |action: 
2024-07-30 00:39:35.4218|0|INFO|Microsoft.Hosting.Lifetime|Hosting environment: Development |url: |action: 
2024-07-30 00:39:35.4218|0|INFO|Microsoft.Hosting.Lifetime|Content root path: C:\Users\junya\source\repos\UserRegistration\UserRegistration |url: |action: 
2024-07-30 00:39:36.2523|1|DEBUG|UserRegistration.Controllers.AccountController|NLog injected into InfoController |url: https://localhost/|action: Index
2024-07-30 00:39:36.3101|3|WARN|Microsoft.WebTools.BrowserLink.Net.BrowserLinkMiddleware|Unable to configure Browser Link script injection on the response.  |url: https://localhost/|action: Index
2024-07-30 00:39:36.3101|3|WARN|Microsoft.AspNetCore.Watch.BrowserRefresh.BrowserRefreshMiddleware|Unable to configure browser refresh script injection on the response. Consider manually adding '<script src="/_framework/aspnetcore-browser-refresh.js"></script>' to the body of the page. |url: https://localhost/|action: Index
2024-07-30 00:39:38.0364|3|WARN|Microsoft.WebTools.BrowserLink.Net.BrowserLinkMiddleware|Unable to configure Browser Link script injection on the response.  |url: https://localhost/Home|action: Index
2024-07-30 00:39:38.0364|3|WARN|Microsoft.AspNetCore.Watch.BrowserRefresh.BrowserRefreshMiddleware|Unable to configure browser refresh script injection on the response. Consider manually adding '<script src="/_framework/aspnetcore-browser-refresh.js"></script>' to the body of the page. |url: https://localhost/Home|action: Index
2024-07-30 00:41:58.7818|0|DEBUG|UserRegistration.Program|init main |url: |action: 
2024-07-30 00:41:59.9464|14|INFO|Microsoft.Hosting.Lifetime|Now listening on: https://localhost:7087 |url: |action: 
2024-07-30 00:41:59.9529|14|INFO|Microsoft.Hosting.Lifetime|Now listening on: http://localhost:5141 |url: |action: 
2024-07-30 00:41:59.9529|0|INFO|Microsoft.Hosting.Lifetime|Application started. Press Ctrl+C to shut down. |url: |action: 
2024-07-30 00:41:59.9529|0|INFO|Microsoft.Hosting.Lifetime|Hosting environment: Development |url: |action: 
2024-07-30 00:41:59.9529|0|INFO|Microsoft.Hosting.Lifetime|Content root path: C:\Users\junya\source\repos\UserRegistration\UserRegistration |url: |action: 
2024-07-30 00:42:00.7342|1|DEBUG|UserRegistration.Controllers.AccountController|NLog injected into InfoController |url: https://localhost/|action: Index
2024-07-30 00:42:00.7856|3|WARN|Microsoft.WebTools.BrowserLink.Net.BrowserLinkMiddleware|Unable to configure Browser Link script injection on the response.  |url: https://localhost/|action: Index
2024-07-30 00:42:00.7856|3|WARN|Microsoft.AspNetCore.Watch.BrowserRefresh.BrowserRefreshMiddleware|Unable to configure browser refresh script injection on the response. Consider manually adding '<script src="/_framework/aspnetcore-browser-refresh.js"></script>' to the body of the page. |url: https://localhost/|action: Index
2024-07-30 00:42:05.5638|3|WARN|Microsoft.WebTools.BrowserLink.Net.BrowserLinkMiddleware|Unable to configure Browser Link script injection on the response.  |url: https://localhost/Home|action: Index
2024-07-30 00:42:05.5638|3|WARN|Microsoft.AspNetCore.Watch.BrowserRefresh.BrowserRefreshMiddleware|Unable to configure browser refresh script injection on the response. Consider manually adding '<script src="/_framework/aspnetcore-browser-refresh.js"></script>' to the body of the page. |url: https://localhost/Home|action: Index
2024-07-30 00:42:07.2368|1|DEBUG|UserRegistration.Controllers.AccountController|NLog injected into InfoController |url: https://localhost/Account/Login|action: Login
2024-07-30 00:42:07.2607|3|WARN|Microsoft.WebTools.BrowserLink.Net.BrowserLinkMiddleware|Unable to configure Browser Link script injection on the response.  |url: https://localhost/Account/Login|action: Login
2024-07-30 00:42:07.2607|3|WARN|Microsoft.AspNetCore.Watch.BrowserRefresh.BrowserRefreshMiddleware|Unable to configure browser refresh script injection on the response. Consider manually adding '<script src="/_framework/aspnetcore-browser-refresh.js"></script>' to the body of the page. |url: https://localhost/Account/Login|action: Login
2024-07-30 00:42:08.3108|1|DEBUG|UserRegistration.Controllers.AccountController|NLog injected into InfoController |url: https://localhost/Account/Register|action: Register
2024-07-30 00:42:08.3553|3|WARN|Microsoft.WebTools.BrowserLink.Net.BrowserLinkMiddleware|Unable to configure Browser Link script injection on the response.  |url: https://localhost/Account/Register|action: Register
2024-07-30 00:42:08.3553|3|WARN|Microsoft.AspNetCore.Watch.BrowserRefresh.BrowserRefreshMiddleware|Unable to configure browser refresh script injection on the response. Consider manually adding '<script src="/_framework/aspnetcore-browser-refresh.js"></script>' to the body of the page. |url: https://localhost/Account/Register|action: Register
2024-07-30 00:42:09.0629|1|DEBUG|UserRegistration.Controllers.AccountController|NLog injected into InfoController |url: https://localhost/Account/Login|action: Login
2024-07-30 00:42:09.0629|3|WARN|Microsoft.WebTools.BrowserLink.Net.BrowserLinkMiddleware|Unable to configure Browser Link script injection on the response.  |url: https://localhost/Account/Login|action: Login
2024-07-30 00:42:09.0629|3|WARN|Microsoft.AspNetCore.Watch.BrowserRefresh.BrowserRefreshMiddleware|Unable to configure browser refresh script injection on the response. Consider manually adding '<script src="/_framework/aspnetcore-browser-refresh.js"></script>' to the body of the page. |url: https://localhost/Account/Login|action: Login
2024-07-30 00:42:09.7694|1|DEBUG|UserRegistration.Controllers.AccountController|NLog injected into InfoController |url: https://localhost/Account/Register|action: Register
2024-07-30 00:42:09.7694|3|WARN|Microsoft.WebTools.BrowserLink.Net.BrowserLinkMiddleware|Unable to configure Browser Link script injection on the response.  |url: https://localhost/Account/Register|action: Register
2024-07-30 00:42:09.7694|3|WARN|Microsoft.AspNetCore.Watch.BrowserRefresh.BrowserRefreshMiddleware|Unable to configure browser refresh script injection on the response. Consider manually adding '<script src="/_framework/aspnetcore-browser-refresh.js"></script>' to the body of the page. |url: https://localhost/Account/Register|action: Register
2024-07-30 00:42:11.5930|1|DEBUG|UserRegistration.Controllers.AccountController|NLog injected into InfoController |url: https://localhost/Account/Login|action: Login
2024-07-30 00:42:11.5930|3|WARN|Microsoft.WebTools.BrowserLink.Net.BrowserLinkMiddleware|Unable to configure Browser Link script injection on the response.  |url: https://localhost/Account/Login|action: Login
2024-07-30 00:42:11.5930|3|WARN|Microsoft.AspNetCore.Watch.BrowserRefresh.BrowserRefreshMiddleware|Unable to configure browser refresh script injection on the response. Consider manually adding '<script src="/_framework/aspnetcore-browser-refresh.js"></script>' to the body of the page. |url: https://localhost/Account/Login|action: Login
2024-07-30 00:58:05.1699|0|DEBUG|UserRegistration.Program|init main |url: |action: 
2024-07-30 00:58:06.2302|14|INFO|Microsoft.Hosting.Lifetime|Now listening on: https://localhost:7087 |url: |action: 
2024-07-30 00:58:06.2358|14|INFO|Microsoft.Hosting.Lifetime|Now listening on: http://localhost:5141 |url: |action: 
2024-07-30 00:58:06.2358|0|INFO|Microsoft.Hosting.Lifetime|Application started. Press Ctrl+C to shut down. |url: |action: 
2024-07-30 00:58:06.2358|0|INFO|Microsoft.Hosting.Lifetime|Hosting environment: Development |url: |action: 
2024-07-30 00:58:06.2358|0|INFO|Microsoft.Hosting.Lifetime|Content root path: C:\Users\junya\source\repos\UserRegistration\UserRegistration |url: |action: 
2024-07-30 00:58:07.0991|1|DEBUG|UserRegistration.Controllers.AccountController|NLog injected into InfoController |url: https://localhost/|action: Index
2024-07-30 00:58:07.1547|3|WARN|Microsoft.WebTools.BrowserLink.Net.BrowserLinkMiddleware|Unable to configure Browser Link script injection on the response.  |url: https://localhost/|action: Index
2024-07-30 00:58:07.1547|3|WARN|Microsoft.AspNetCore.Watch.BrowserRefresh.BrowserRefreshMiddleware|Unable to configure browser refresh script injection on the response. Consider manually adding '<script src="/_framework/aspnetcore-browser-refresh.js"></script>' to the body of the page. |url: https://localhost/|action: Index
2024-07-30 00:58:08.4990|3|WARN|Microsoft.WebTools.BrowserLink.Net.BrowserLinkMiddleware|Unable to configure Browser Link script injection on the response.  |url: https://localhost/Home|action: Index
2024-07-30 00:58:08.4990|3|WARN|Microsoft.AspNetCore.Watch.BrowserRefresh.BrowserRefreshMiddleware|Unable to configure browser refresh script injection on the response. Consider manually adding '<script src="/_framework/aspnetcore-browser-refresh.js"></script>' to the body of the page. |url: https://localhost/Home|action: Index
2024-07-30 00:58:10.5831|3|WARN|Microsoft.WebTools.BrowserLink.Net.BrowserLinkMiddleware|Unable to configure Browser Link script injection on the response.  |url: https://localhost/Home|action: Index
2024-07-30 00:58:10.5831|3|WARN|Microsoft.AspNetCore.Watch.BrowserRefresh.BrowserRefreshMiddleware|Unable to configure browser refresh script injection on the response. Consider manually adding '<script src="/_framework/aspnetcore-browser-refresh.js"></script>' to the body of the page. |url: https://localhost/Home|action: Index
2024-07-30 00:58:13.6459|1|DEBUG|UserRegistration.Controllers.AccountController|NLog injected into InfoController |url: https://localhost/Account/Register|action: Register
2024-07-30 00:58:13.7124|3|WARN|Microsoft.WebTools.BrowserLink.Net.BrowserLinkMiddleware|Unable to configure Browser Link script injection on the response.  |url: https://localhost/Account/Register|action: Register
2024-07-30 00:58:13.7124|3|WARN|Microsoft.AspNetCore.Watch.BrowserRefresh.BrowserRefreshMiddleware|Unable to configure browser refresh script injection on the response. Consider manually adding '<script src="/_framework/aspnetcore-browser-refresh.js"></script>' to the body of the page. |url: https://localhost/Account/Register|action: Register
2024-07-30 00:58:14.4095|1|DEBUG|UserRegistration.Controllers.AccountController|NLog injected into InfoController |url: https://localhost/Account/Register|action: Register
2024-07-30 00:58:14.4095|3|WARN|Microsoft.WebTools.BrowserLink.Net.BrowserLinkMiddleware|Unable to configure Browser Link script injection on the response.  |url: https://localhost/Account/Register|action: Register
2024-07-30 00:58:14.4095|3|WARN|Microsoft.AspNetCore.Watch.BrowserRefresh.BrowserRefreshMiddleware|Unable to configure browser refresh script injection on the response. Consider manually adding '<script src="/_framework/aspnetcore-browser-refresh.js"></script>' to the body of the page. |url: https://localhost/Account/Register|action: Register
2024-07-30 00:58:15.7532|1|DEBUG|UserRegistration.Controllers.AccountController|NLog injected into InfoController |url: https://localhost/Account/Login|action: Login
2024-07-30 00:58:15.7532|3|WARN|Microsoft.WebTools.BrowserLink.Net.BrowserLinkMiddleware|Unable to configure Browser Link script injection on the response.  |url: https://localhost/Account/Login|action: Login
2024-07-30 00:58:15.7532|3|WARN|Microsoft.AspNetCore.Watch.BrowserRefresh.BrowserRefreshMiddleware|Unable to configure browser refresh script injection on the response. Consider manually adding '<script src="/_framework/aspnetcore-browser-refresh.js"></script>' to the body of the page. |url: https://localhost/Account/Login|action: Login
2024-07-30 00:58:16.4766|1|DEBUG|UserRegistration.Controllers.AccountController|NLog injected into InfoController |url: https://localhost/Account/Login|action: Login
2024-07-30 00:58:16.4766|3|WARN|Microsoft.WebTools.BrowserLink.Net.BrowserLinkMiddleware|Unable to configure Browser Link script injection on the response.  |url: https://localhost/Account/Login|action: Login
2024-07-30 00:58:16.4766|3|WARN|Microsoft.AspNetCore.Watch.BrowserRefresh.BrowserRefreshMiddleware|Unable to configure browser refresh script injection on the response. Consider manually adding '<script src="/_framework/aspnetcore-browser-refresh.js"></script>' to the body of the page. |url: https://localhost/Account/Login|action: Login
2024-07-30 00:58:16.6422|1|DEBUG|UserRegistration.Controllers.AccountController|NLog injected into InfoController |url: https://localhost/Account/Login|action: Login
2024-07-30 00:58:16.6422|3|WARN|Microsoft.WebTools.BrowserLink.Net.BrowserLinkMiddleware|Unable to configure Browser Link script injection on the response.  |url: https://localhost/Account/Login|action: Login
2024-07-30 00:58:16.6422|3|WARN|Microsoft.AspNetCore.Watch.BrowserRefresh.BrowserRefreshMiddleware|Unable to configure browser refresh script injection on the response. Consider manually adding '<script src="/_framework/aspnetcore-browser-refresh.js"></script>' to the body of the page. |url: https://localhost/Account/Login|action: Login
2024-07-30 00:58:17.0969|1|DEBUG|UserRegistration.Controllers.AccountController|NLog injected into InfoController |url: https://localhost/Account/Login|action: Login
2024-07-30 00:58:17.0969|3|WARN|Microsoft.WebTools.BrowserLink.Net.BrowserLinkMiddleware|Unable to configure Browser Link script injection on the response.  |url: https://localhost/Account/Login|action: Login
2024-07-30 00:58:17.0969|3|WARN|Microsoft.AspNetCore.Watch.BrowserRefresh.BrowserRefreshMiddleware|Unable to configure browser refresh script injection on the response. Consider manually adding '<script src="/_framework/aspnetcore-browser-refresh.js"></script>' to the body of the page. |url: https://localhost/Account/Login|action: Login
2024-07-30 00:58:17.2604|1|DEBUG|UserRegistration.Controllers.AccountController|NLog injected into InfoController |url: https://localhost/Account/Login|action: Login
2024-07-30 00:58:17.2604|3|WARN|Microsoft.WebTools.BrowserLink.Net.BrowserLinkMiddleware|Unable to configure Browser Link script injection on the response.  |url: https://localhost/Account/Login|action: Login
2024-07-30 00:58:17.2604|3|WARN|Microsoft.AspNetCore.Watch.BrowserRefresh.BrowserRefreshMiddleware|Unable to configure browser refresh script injection on the response. Consider manually adding '<script src="/_framework/aspnetcore-browser-refresh.js"></script>' to the body of the page. |url: https://localhost/Account/Login|action: Login
2024-07-30 00:58:18.1392|1|DEBUG|UserRegistration.Controllers.AccountController|NLog injected into InfoController |url: https://localhost/Account/Login|action: Login
2024-07-30 00:58:18.7175|3|WARN|Microsoft.WebTools.BrowserLink.Net.BrowserLinkMiddleware|Unable to configure Browser Link script injection on the response.  |url: https://localhost/Home|action: Index
2024-07-30 00:58:18.7175|3|WARN|Microsoft.AspNetCore.Watch.BrowserRefresh.BrowserRefreshMiddleware|Unable to configure browser refresh script injection on the response. Consider manually adding '<script src="/_framework/aspnetcore-browser-refresh.js"></script>' to the body of the page. |url: https://localhost/Home|action: Index
2024-07-30 00:58:20.1666|1|DEBUG|UserRegistration.Controllers.AccountController|NLog injected into InfoController |url: https://localhost/|action: Index
2024-07-30 00:58:20.1666|3|WARN|Microsoft.WebTools.BrowserLink.Net.BrowserLinkMiddleware|Unable to configure Browser Link script injection on the response.  |url: https://localhost/|action: Index
2024-07-30 00:58:20.1666|3|WARN|Microsoft.AspNetCore.Watch.BrowserRefresh.BrowserRefreshMiddleware|Unable to configure browser refresh script injection on the response. Consider manually adding '<script src="/_framework/aspnetcore-browser-refresh.js"></script>' to the body of the page. |url: https://localhost/|action: Index
2024-07-30 00:59:47.2500|0|DEBUG|UserRegistration.Program|init main |url: |action: 
2024-07-30 00:59:48.7310|14|INFO|Microsoft.Hosting.Lifetime|Now listening on: https://localhost:7087 |url: |action: 
2024-07-30 00:59:48.7486|14|INFO|Microsoft.Hosting.Lifetime|Now listening on: http://localhost:5141 |url: |action: 
2024-07-30 00:59:48.7486|0|INFO|Microsoft.Hosting.Lifetime|Application started. Press Ctrl+C to shut down. |url: |action: 
2024-07-30 00:59:48.7486|0|INFO|Microsoft.Hosting.Lifetime|Hosting environment: Development |url: |action: 
2024-07-30 00:59:48.7486|0|INFO|Microsoft.Hosting.Lifetime|Content root path: C:\Users\junya\source\repos\UserRegistration\UserRegistration |url: |action: 
2024-07-30 00:59:49.5825|1|DEBUG|UserRegistration.Controllers.AccountController|NLog injected into InfoController |url: https://localhost/|action: Index
2024-07-30 00:59:49.6366|3|WARN|Microsoft.WebTools.BrowserLink.Net.BrowserLinkMiddleware|Unable to configure Browser Link script injection on the response.  |url: https://localhost/|action: Index
2024-07-30 00:59:49.6366|3|WARN|Microsoft.AspNetCore.Watch.BrowserRefresh.BrowserRefreshMiddleware|Unable to configure browser refresh script injection on the response. Consider manually adding '<script src="/_framework/aspnetcore-browser-refresh.js"></script>' to the body of the page. |url: https://localhost/|action: Index
2024-07-30 00:59:54.9312|3|WARN|Microsoft.WebTools.BrowserLink.Net.BrowserLinkMiddleware|Unable to configure Browser Link script injection on the response.  |url: https://localhost/Home|action: Index
2024-07-30 00:59:54.9312|3|WARN|Microsoft.AspNetCore.Watch.BrowserRefresh.BrowserRefreshMiddleware|Unable to configure browser refresh script injection on the response. Consider manually adding '<script src="/_framework/aspnetcore-browser-refresh.js"></script>' to the body of the page. |url: https://localhost/Home|action: Index
2024-07-30 01:02:08.9518|0|DEBUG|UserRegistration.Program|init main |url: |action: 
2024-07-30 01:02:10.2113|14|INFO|Microsoft.Hosting.Lifetime|Now listening on: https://localhost:7087 |url: |action: 
2024-07-30 01:02:10.2191|14|INFO|Microsoft.Hosting.Lifetime|Now listening on: http://localhost:5141 |url: |action: 
2024-07-30 01:02:10.2191|0|INFO|Microsoft.Hosting.Lifetime|Application started. Press Ctrl+C to shut down. |url: |action: 
2024-07-30 01:02:10.2191|0|INFO|Microsoft.Hosting.Lifetime|Hosting environment: Development |url: |action: 
2024-07-30 01:02:10.2191|0|INFO|Microsoft.Hosting.Lifetime|Content root path: C:\Users\junya\source\repos\UserRegistration\UserRegistration |url: |action: 
2024-07-30 01:02:10.9144|1|DEBUG|UserRegistration.Controllers.AccountController|NLog injected into InfoController |url: https://localhost/|action: Index
2024-07-30 01:02:10.9763|3|WARN|Microsoft.WebTools.BrowserLink.Net.BrowserLinkMiddleware|Unable to configure Browser Link script injection on the response.  |url: https://localhost/|action: Index
2024-07-30 01:02:10.9763|3|WARN|Microsoft.AspNetCore.Watch.BrowserRefresh.BrowserRefreshMiddleware|Unable to configure browser refresh script injection on the response. Consider manually adding '<script src="/_framework/aspnetcore-browser-refresh.js"></script>' to the body of the page. |url: https://localhost/|action: Index
2024-07-30 01:02:12.1708|1|DEBUG|UserRegistration.Controllers.AccountController|NLog injected into InfoController |url: https://localhost/Account/LogOut|action: LogOut
2024-07-30 01:02:12.2003|1|DEBUG|UserRegistration.Controllers.AccountController|NLog injected into InfoController |url: https://localhost/Account/Login|action: Login
2024-07-30 01:02:12.2502|3|WARN|Microsoft.WebTools.BrowserLink.Net.BrowserLinkMiddleware|Unable to configure Browser Link script injection on the response.  |url: https://localhost/Account/Login|action: Login
2024-07-30 01:02:12.2502|3|WARN|Microsoft.AspNetCore.Watch.BrowserRefresh.BrowserRefreshMiddleware|Unable to configure browser refresh script injection on the response. Consider manually adding '<script src="/_framework/aspnetcore-browser-refresh.js"></script>' to the body of the page. |url: https://localhost/Account/Login|action: Login
2024-07-30 01:02:17.1324|1|DEBUG|UserRegistration.Controllers.AccountController|NLog injected into InfoController |url: https://localhost/|action: Index
2024-07-30 01:02:17.1324|3|WARN|Microsoft.WebTools.BrowserLink.Net.BrowserLinkMiddleware|Unable to configure Browser Link script injection on the response.  |url: https://localhost/|action: Index
2024-07-30 01:02:17.1324|3|WARN|Microsoft.AspNetCore.Watch.BrowserRefresh.BrowserRefreshMiddleware|Unable to configure browser refresh script injection on the response. Consider manually adding '<script src="/_framework/aspnetcore-browser-refresh.js"></script>' to the body of the page. |url: https://localhost/|action: Index
2024-07-30 01:02:18.3148|1|DEBUG|UserRegistration.Controllers.AccountController|NLog injected into InfoController |url: https://localhost/Account/Login|action: Login
2024-07-30 01:02:18.3283|3|WARN|Microsoft.WebTools.BrowserLink.Net.BrowserLinkMiddleware|Unable to configure Browser Link script injection on the response.  |url: https://localhost/Account/Login|action: Login
2024-07-30 01:02:18.3283|3|WARN|Microsoft.AspNetCore.Watch.BrowserRefresh.BrowserRefreshMiddleware|Unable to configure browser refresh script injection on the response. Consider manually adding '<script src="/_framework/aspnetcore-browser-refresh.js"></script>' to the body of the page. |url: https://localhost/Account/Login|action: Login
2024-07-30 01:02:21.3521|1|DEBUG|UserRegistration.Controllers.AccountController|NLog injected into InfoController |url: https://localhost/|action: Index
2024-07-30 01:02:21.3521|3|WARN|Microsoft.WebTools.BrowserLink.Net.BrowserLinkMiddleware|Unable to configure Browser Link script injection on the response.  |url: https://localhost/|action: Index
2024-07-30 01:02:21.3521|3|WARN|Microsoft.AspNetCore.Watch.BrowserRefresh.BrowserRefreshMiddleware|Unable to configure browser refresh script injection on the response. Consider manually adding '<script src="/_framework/aspnetcore-browser-refresh.js"></script>' to the body of the page. |url: https://localhost/|action: Index
2024-07-30 01:02:22.2273|1|DEBUG|UserRegistration.Controllers.AccountController|NLog injected into InfoController |url: https://localhost/Account/Login|action: Login
2024-07-30 01:02:22.2273|3|WARN|Microsoft.WebTools.BrowserLink.Net.BrowserLinkMiddleware|Unable to configure Browser Link script injection on the response.  |url: https://localhost/Account/Login|action: Login
2024-07-30 01:02:22.2273|3|WARN|Microsoft.AspNetCore.Watch.BrowserRefresh.BrowserRefreshMiddleware|Unable to configure browser refresh script injection on the response. Consider manually adding '<script src="/_framework/aspnetcore-browser-refresh.js"></script>' to the body of the page. |url: https://localhost/Account/Login|action: Login
2024-07-30 01:02:24.7961|1|DEBUG|UserRegistration.Controllers.AccountController|NLog injected into InfoController |url: https://localhost/Account/Login|action: Login
2024-07-30 01:02:25.4556|3|WARN|Microsoft.WebTools.BrowserLink.Net.BrowserLinkMiddleware|Unable to configure Browser Link script injection on the response.  |url: https://localhost/Home|action: Index
2024-07-30 01:02:25.4556|3|WARN|Microsoft.AspNetCore.Watch.BrowserRefresh.BrowserRefreshMiddleware|Unable to configure browser refresh script injection on the response. Consider manually adding '<script src="/_framework/aspnetcore-browser-refresh.js"></script>' to the body of the page. |url: https://localhost/Home|action: Index
2024-07-30 01:02:27.0160|1|DEBUG|UserRegistration.Controllers.AccountController|NLog injected into InfoController |url: https://localhost/|action: Index
2024-07-30 01:02:27.0160|3|WARN|Microsoft.WebTools.BrowserLink.Net.BrowserLinkMiddleware|Unable to configure Browser Link script injection on the response.  |url: https://localhost/|action: Index
2024-07-30 01:02:27.0160|3|WARN|Microsoft.AspNetCore.Watch.BrowserRefresh.BrowserRefreshMiddleware|Unable to configure browser refresh script injection on the response. Consider manually adding '<script src="/_framework/aspnetcore-browser-refresh.js"></script>' to the body of the page. |url: https://localhost/|action: Index
2024-07-30 01:02:27.7046|1|DEBUG|UserRegistration.Controllers.AccountController|NLog injected into InfoController |url: https://localhost/Account/LogOut|action: LogOut
2024-07-30 01:02:27.7046|1|DEBUG|UserRegistration.Controllers.AccountController|NLog injected into InfoController |url: https://localhost/Account/Login|action: Login
2024-07-30 01:02:27.7046|3|WARN|Microsoft.WebTools.BrowserLink.Net.BrowserLinkMiddleware|Unable to configure Browser Link script injection on the response.  |url: https://localhost/Account/Login|action: Login
2024-07-30 01:02:27.7046|3|WARN|Microsoft.AspNetCore.Watch.BrowserRefresh.BrowserRefreshMiddleware|Unable to configure browser refresh script injection on the response. Consider manually adding '<script src="/_framework/aspnetcore-browser-refresh.js"></script>' to the body of the page. |url: https://localhost/Account/Login|action: Login
2024-07-30 01:02:29.3221|1|DEBUG|UserRegistration.Controllers.AccountController|NLog injected into InfoController |url: https://localhost/|action: Index
2024-07-30 01:02:29.3221|3|WARN|Microsoft.WebTools.BrowserLink.Net.BrowserLinkMiddleware|Unable to configure Browser Link script injection on the response.  |url: https://localhost/|action: Index
2024-07-30 01:02:29.3221|3|WARN|Microsoft.AspNetCore.Watch.BrowserRefresh.BrowserRefreshMiddleware|Unable to configure browser refresh script injection on the response. Consider manually adding '<script src="/_framework/aspnetcore-browser-refresh.js"></script>' to the body of the page. |url: https://localhost/|action: Index
2024-07-30 01:02:30.3081|1|DEBUG|UserRegistration.Controllers.AccountController|NLog injected into InfoController |url: https://localhost/Account/Login|action: Login
2024-07-30 01:02:30.3081|3|WARN|Microsoft.WebTools.BrowserLink.Net.BrowserLinkMiddleware|Unable to configure Browser Link script injection on the response.  |url: https://localhost/Account/Login|action: Login
2024-07-30 01:02:30.3081|3|WARN|Microsoft.AspNetCore.Watch.BrowserRefresh.BrowserRefreshMiddleware|Unable to configure browser refresh script injection on the response. Consider manually adding '<script src="/_framework/aspnetcore-browser-refresh.js"></script>' to the body of the page. |url: https://localhost/Account/Login|action: Login
2024-07-30 02:06:48.9523|1|DEBUG|UserRegistration.Controllers.AccountController|NLog injected into InfoController |url: https://localhost/Account/Login|action: Login
2024-07-30 02:06:49.2221|3|WARN|Microsoft.WebTools.BrowserLink.Net.BrowserLinkMiddleware|Unable to configure Browser Link script injection on the response.  |url: https://localhost/Home|action: Index
2024-07-30 02:06:49.2221|3|WARN|Microsoft.AspNetCore.Watch.BrowserRefresh.BrowserRefreshMiddleware|Unable to configure browser refresh script injection on the response. Consider manually adding '<script src="/_framework/aspnetcore-browser-refresh.js"></script>' to the body of the page. |url: https://localhost/Home|action: Index
2024-07-30 02:06:50.6125|1|DEBUG|UserRegistration.Controllers.AccountController|NLog injected into InfoController |url: https://localhost/|action: Index
2024-07-30 02:06:50.6125|3|WARN|Microsoft.WebTools.BrowserLink.Net.BrowserLinkMiddleware|Unable to configure Browser Link script injection on the response.  |url: https://localhost/|action: Index
2024-07-30 02:06:50.6125|3|WARN|Microsoft.AspNetCore.Watch.BrowserRefresh.BrowserRefreshMiddleware|Unable to configure browser refresh script injection on the response. Consider manually adding '<script src="/_framework/aspnetcore-browser-refresh.js"></script>' to the body of the page. |url: https://localhost/|action: Index
2024-07-30 02:06:51.4081|3|WARN|Microsoft.WebTools.BrowserLink.Net.BrowserLinkMiddleware|Unable to configure Browser Link script injection on the response.  |url: https://localhost/Home|action: Index
2024-07-30 02:06:51.4081|3|WARN|Microsoft.AspNetCore.Watch.BrowserRefresh.BrowserRefreshMiddleware|Unable to configure browser refresh script injection on the response. Consider manually adding '<script src="/_framework/aspnetcore-browser-refresh.js"></script>' to the body of the page. |url: https://localhost/Home|action: Index
2024-07-30 02:06:51.9004|1|DEBUG|UserRegistration.Controllers.AccountController|NLog injected into InfoController |url: https://localhost/|action: Index
2024-07-30 02:06:51.9004|3|WARN|Microsoft.WebTools.BrowserLink.Net.BrowserLinkMiddleware|Unable to configure Browser Link script injection on the response.  |url: https://localhost/|action: Index
2024-07-30 02:06:51.9004|3|WARN|Microsoft.AspNetCore.Watch.BrowserRefresh.BrowserRefreshMiddleware|Unable to configure browser refresh script injection on the response. Consider manually adding '<script src="/_framework/aspnetcore-browser-refresh.js"></script>' to the body of the page. |url: https://localhost/|action: Index
2024-07-30 02:06:52.3384|1|DEBUG|UserRegistration.Controllers.AccountController|NLog injected into InfoController |url: https://localhost/Account/LogOut|action: LogOut
2024-07-30 02:06:52.3442|1|DEBUG|UserRegistration.Controllers.AccountController|NLog injected into InfoController |url: https://localhost/Account/Login|action: Login
2024-07-30 02:06:52.3442|3|WARN|Microsoft.WebTools.BrowserLink.Net.BrowserLinkMiddleware|Unable to configure Browser Link script injection on the response.  |url: https://localhost/Account/Login|action: Login
2024-07-30 02:06:52.3442|3|WARN|Microsoft.AspNetCore.Watch.BrowserRefresh.BrowserRefreshMiddleware|Unable to configure browser refresh script injection on the response. Consider manually adding '<script src="/_framework/aspnetcore-browser-refresh.js"></script>' to the body of the page. |url: https://localhost/Account/Login|action: Login
2024-07-30 02:06:53.9261|1|DEBUG|UserRegistration.Controllers.AccountController|NLog injected into InfoController |url: https://localhost/|action: Index
2024-07-30 02:06:53.9261|3|WARN|Microsoft.WebTools.BrowserLink.Net.BrowserLinkMiddleware|Unable to configure Browser Link script injection on the response.  |url: https://localhost/|action: Index
2024-07-30 02:06:53.9261|3|WARN|Microsoft.AspNetCore.Watch.BrowserRefresh.BrowserRefreshMiddleware|Unable to configure browser refresh script injection on the response. Consider manually adding '<script src="/_framework/aspnetcore-browser-refresh.js"></script>' to the body of the page. |url: https://localhost/|action: Index
2024-07-30 02:06:55.1463|1|DEBUG|UserRegistration.Controllers.AccountController|NLog injected into InfoController |url: https://localhost/Account/Login|action: Login
2024-07-30 02:06:55.1463|3|WARN|Microsoft.WebTools.BrowserLink.Net.BrowserLinkMiddleware|Unable to configure Browser Link script injection on the response.  |url: https://localhost/Account/Login|action: Login
2024-07-30 02:06:55.1463|3|WARN|Microsoft.AspNetCore.Watch.BrowserRefresh.BrowserRefreshMiddleware|Unable to configure browser refresh script injection on the response. Consider manually adding '<script src="/_framework/aspnetcore-browser-refresh.js"></script>' to the body of the page. |url: https://localhost/Account/Login|action: Login
